4 W 0000000000000000
110 W 0000000000000000
81 W 0000000000000000
6 W 0000000000000000
112 W 0000000000000000
37 W 0000000000000000
195 W 0000000000000000
33 W 0000000000000000
33 W 0000000000000000
118 W 0000000000000000
134 W 0000000000000000
55 W 0000000000000000
23 W 0000000000000000
130 W 0000000000000000
28 W 0000000000000000
95 W 0000000000000000
110 W 0000000000000000
170 W 0000000000000000
100 W 0000000000000000
74 W 0000000000000000
138 W 0000000000000000
34 W 0000000000000000
33 W 0000000000000000
244 W 0000000000000000
26 W 0000000000000000
30 W 0000000000000000
176 W 0000000000000000
128 W 0000000000000000
82 W 0000000000000000
169 W 0000000000000000
114 W 0000000000000000
149 W 0000000000000000
150 W 0000000000000000
26 W 0000000000000000
217 W 0000000000000000
150 W 0000000000000000
114 W 0000000000000000
173 W 0000000000000000
89 W 0000000000000000
125 W 0000000000000000
214 W 0000000000000000
148 W 0000000000000000
121 W 0000000000000000
181 W 0000000000000000
245 W 0000000000000000
251 W 0000000000000000
39 W 0000000000000000
244 W 0000000000000000
59 W 0000000000000000
118 W 0000000000000000
43 W 0000000000000000
92 W 0000000000000000
49 W 0000000000000000
196 W 0000000000000000
98 W 0000000000000000
235 W 0000000000000000
11 W 0000000000000000
224 W 0000000000000000
21 W 0000000000000000
168 W 0000000000000000
69 W 0000000000000000
240 W 0000000000000000
9 W 0000000000000000
105 W 0000000000000000
52 W 0000000000000000
50 W 0000000000000000
70 W 0000000000000000
126 W 0000000000000000
198 W 0000000000000000
77 W 0000000000000000
37 W 0000000000000000
92 W 0000000000000000
146 W 0000000000000000
69 W 0000000000000000
163 W 0000000000000000
214 W 0000000000000000
224 W 0000000000000000
36 W 0000000000000000
62 W 0000000000000000
48 W 0000000000000000
166 W 0000000000000000
153 W 0000000000000000
7 W 0000000000000000
192 W 0000000000000000
33 W 0000000000000000
176 W 0000000000000000
247 W 0000000000000000
162 W 0000000000000000
248 W 0000000000000000
19 W 0000000000000000
231 W 0000000000000000
23 W 0000000000000000
107 W 0000000000000000
233 W 0000000000000000
141 W 0000000000000000
45 W 0000000000000000
76 W 0000000000000000
244 W 0000000000000000
200 W 0000000000000000
148 W 0000000000000000
251 W 0000000000000000
66 W 0000000000000000
102 W 0000000000000000
15 W 0000000000000000
168 W 0000000000000000
244 W 0000000000000000
194 W 0000000000000000
180 W 0000000000000000
116 W 0000000000000000
107 W 0000000000000000
132 W 0000000000000000
138 W 0000000000000000
235 W 0000000000000000
180 W 0000000000000000
122 W 0000000000000000
48 W 0000000000000000
46 W 0000000000000000
39 W 0000000000000000
159 W 0000000000000000
246 W 0000000000000000
150 W 0000000000000000
138 W 0000000000000000
224 W 0000000000000000
224 W 0000000000000000
85 W 0000000000000000
240 W 0000000000000000
183 W 0000000000000000
120 W 0000000000000000
15 W 0000000000000000
251 W 0000000000000000
92 W 0000000000000000
217 W 0000000000000000
145 W 0000000000000000
83 W 0000000000000000
229 W 0000000000000000
94 W 0000000000000000
228 W 0000000000000000
184 W 0000000000000000
44 W 0000000000000000
142 W 0000000000000000
130 W 0000000000000000
16 W 0000000000000000
16 W 0000000000000000
20 W 0000000000000000
114 W 0000000000000000
250 W 0000000000000000
250 W 0000000000000000
11 W 0000000000000000
46 W 0000000000000000
87 W 0000000000000000
226 W 0000000000000000
116 W 0000000000000000
226 W 0000000000000000
185 W 0000000000000000
133 W 0000000000000000
185 W 0000000000000000
98 W 0000000000000000
188 W 0000000000000000
198 W 0000000000000000
225 W 0000000000000000
137 W 0000000000000000
22 W 0000000000000000
115 W 0000000000000000
60 W 0000000000000000
99 W 0000000000000000
72 W 0000000000000000
242 W 0000000000000000
67 W 0000000000000000
48 W 0000000000000000
143 W 0000000000000000
175 W 0000000000000000
61 W 0000000000000000
210 W 0000000000000000
132 W 0000000000000000
158 W 0000000000000000
129 W 0000000000000000
107 W 0000000000000000
128 W 0000000000000000
169 W 0000000000000000
164 W 0000000000000000
92 W 0000000000000000
9 W 0000000000000000
184 W 0000000000000000
189 W 0000000000000000
187 W 0000000000000000
226 W 0000000000000000
109 W 0000000000000000
49 W 0000000000000000
160 W 0000000000000000
158 W 0000000000000000
99 W 0000000000000000
185 W 0000000000000000
55 W 0000000000000000
214 W 0000000000000000
64 W 0000000000000000
233 W 0000000000000000
237 W 0000000000000000
233 W 0000000000000000
183 W 0000000000000000
225 W 0000000000000000
84 W 0000000000000000
58 W 0000000000000000
23 W 0000000000000000
182 W 0000000000000000
211 W 0000000000000000
64 W 0000000000000000
68 W 0000000000000000
141 W 0000000000000000
119 W 0000000000000000
118 W 0000000000000000
0 W 0000000000000000
37 W 0000000000000000
234 W 0000000000000000
103 W 0000000000000000
203 W 0000000000000000
177 W 0000000000000000
236 W 0000000000000000
26 W 0000000000000000
233 W 0000000000000000
101 W 0000000000000000
194 W 0000000000000000
41 W 0000000000000000
216 W 0000000000000000
165 W 0000000000000000
56 W 0000000000000000
25 W 0000000000000000
168 W 0000000000000000
204 W 0000000000000000
131 W 0000000000000000
191 W 0000000000000000
72 W 0000000000000000
31 W 0000000000000000
232 W 0000000000000000
148 W 0000000000000000
194 W 0000000000000000
127 W 0000000000000000
130 W 0000000000000000
243 W 0000000000000000
198 W 0000000000000000
197 W 0000000000000000
174 W 0000000000000000
79 W 0000000000000000
237 W 0000000000000000
111 W 0000000000000000
99 W 0000000000000000
52 W 0000000000000000
174 W 0000000000000000
87 W 0000000000000000
62 W 0000000000000000
197 W 0000000000000000
91 W 0000000000000000
134 W 0000000000000000
134 W 0000000000000000
29 W 0000000000000000
34 W 0000000000000000
18 W 0000000000000000
229 W 0000000000000000
88 W 0000000000000000
63 W 0000000000000000
54 W 0000000000000000
192 W 0000000000000000
251 W 0000000000000000
154 W 0000000000000000
235 W 0000000000000000
131 W 0000000000000000
11 W 0000000000000000
200 W 0000000000000000
106 W 0000000000000000
253 W 0000000000000000
95 W 0000000000000000
103 W 0000000000000000
12 W 0000000000000000
133 W 0000000000000000
184 W 0000000000000000
213 W 0000000000000000
81 W 0000000000000000
171 W 0000000000000000
64 W 0000000000000000
89 W 0000000000000000
141 W 0000000000000000
246 W 0000000000000000
178 W 0000000000000000
231 W 0000000000000000
240 W 0000000000000000
72 W 0000000000000000
172 W 0000000000000000
51 W 0000000000000000
43 W 0000000000000000
144 W 0000000000000000
131 W 0000000000000000
121 W 0000000000000000
71 W 0000000000000000
203 W 0000000000000000
230 W 0000000000000000
129 W 0000000000000000
184 W 0000000000000000
238 W 0000000000000000
38 W 0000000000000000
172 W 0000000000000000
112 W 0000000000000000
173 W 0000000000000000
207 W 0000000000000000
233 W 0000000000000000
4 W 0000000000000000
65 W 0000000000000000
81 W 0000000000000000
128 W 0000000000000000
74 W 0000000000000000
170 W 0000000000000000
220 W 0000000000000000
134 W 0000000000000000
226 W 0000000000000000
145 W 0000000000000000
40 W 0000000000000000
83 W 0000000000000000
139 W 0000000000000000
130 W 0000000000000000
105 W 0000000000000000
50 W 0000000000000000
143 W 0000000000000000
201 W 0000000000000000
164 W 0000000000000000
67 W 0000000000000000
167 W 0000000000000000
19 W 0000000000000000
35 W 0000000000000000
2 W 0000000000000000
153 W 0000000000000000
75 W 0000000000000000
76 W 0000000000000000
249 W 0000000000000000
166 W 0000000000000000
60 W 0000000000000000
183 W 0000000000000000
76 W 0000000000000000
158 W 0000000000000000
12 W 0000000000000000
130 W 0000000000000000
239 W 0000000000000000
180 W 0000000000000000
245 W 0000000000000000
97 W 0000000000000000
105 W 0000000000000000
147 W 0000000000000000
15 W 0000000000000000
127 W 0000000000000000
189 W 0000000000000000
246 W 0000000000000000
239 W 0000000000000000
127 W 0000000000000000
20 W 0000000000000000
199 W 0000000000000000
78 W 0000000000000000
46 W 0000000000000000
29 W 0000000000000000
153 W 0000000000000000
113 W 0000000000000000
9 W 0000000000000000
171 W 0000000000000000
135 W 0000000000000000
208 W 0000000000000000
43 W 0000000000000000
95 W 0000000000000000
49 W 0000000000000000
20 W 0000000000000000
2 W 0000000000000000
56 W 0000000000000000
139 W 0000000000000000
224 W 0000000000000000
152 W 0000000000000000
23 W 0000000000000000
104 W 0000000000000000
73 W 0000000000000000
255 W 0000000000000000
143 W 0000000000000000
97 W 0000000000000000
56 W 0000000000000000
167 W 0000000000000000
193 W 0000000000000000
140 W 0000000000000000
68 W 0000000000000000
135 W 0000000000000000
181 W 0000000000000000
229 W 0000000000000000
58 W 0000000000000000
234 W 0000000000000000
23 W 0000000000000000
5 W 0000000000000000
199 W 0000000000000000
211 W 0000000000000000
125 W 0000000000000000
45 W 0000000000000000
187 W 0000000000000000
147 W 0000000000000000
204 W 0000000000000000
30 W 0000000000000000
193 W 0000000000000000
14 W 0000000000000000
147 W 0000000000000000
119 W 0000000000000000
97 W 0000000000000000
181 W 0000000000000000
3 W 0000000000000000
113 W 0000000000000000
83 W 0000000000000000
236 W 0000000000000000
221 W 0000000000000000
157 W 0000000000000000
197 W 0000000000000000
242 W 0000000000000000
148 W 0000000000000000
206 W 0000000000000000
79 W 0000000000000000
127 W 0000000000000000
48 W 0000000000000000
130 W 0000000000000000
183 W 0000000000000000
215 W 0000000000000000
40 W 0000000000000000
60 W 0000000000000000
217 W 0000000000000000
167 W 0000000000000000
74 W 0000000000000000
146 W 0000000000000000
65 W 0000000000000000
239 W 0000000000000000
66 W 0000000000000000
145 W 0000000000000000
101 W 0000000000000000
92 W 0000000000000000
81 W 0000000000000000
15 W 0000000000000000
130 W 0000000000000000
168 W 0000000000000000
122 W 0000000000000000
56 W 0000000000000000
148 W 0000000000000000
139 W 0000000000000000
2 W 0000000000000000
26 W 0000000000000000
96 W 0000000000000000
116 W 0000000000000000
184 W 0000000000000000
65 W 0000000000000000
187 W 0000000000000000
241 W 0000000000000000
190 W 0000000000000000
61 W 0000000000000000
149 W 0000000000000000
174 W 0000000000000000
91 W 0000000000000000
255 W 0000000000000000
78 W 0000000000000000
208 W 0000000000000000
47 W 0000000000000000
16 W 0000000000000000
143 W 0000000000000000
82 W 0000000000000000
27 W 0000000000000000
150 W 0000000000000000
80 W 0000000000000000
237 W 0000000000000000
172 W 0000000000000000
193 W 0000000000000000
160 W 0000000000000000
101 W 0000000000000000
71 W 0000000000000000
169 W 0000000000000000
42 W 0000000000000000
79 W 0000000000000000
7 W 0000000000000000
141 W 0000000000000000
170 W 0000000000000000
125 W 0000000000000000
30 W 0000000000000000
173 W 0000000000000000
209 W 0000000000000000
225 W 0000000000000000
181 W 0000000000000000
105 W 0000000000000000
130 W 0000000000000000
18 W 0000000000000000
90 W 0000000000000000
53 W 0000000000000000
181 W 0000000000000000
246 W 0000000000000000
38 W 0000000000000000
239 W 0000000000000000
242 W 0000000000000000
150 W 0000000000000000
255 W 0000000000000000
89 W 0000000000000000
105 W 0000000000000000
80 W 0000000000000000
92 W 0000000000000000
109 W 0000000000000000
17 W 0000000000000000
247 W 0000000000000000
50 W 0000000000000000
180 W 0000000000000000
22 W 0000000000000000
232 W 0000000000000000
6 W 0000000000000000
140 W 0000000000000000
208 W 0000000000000000
255 W 0000000000000000
54 W 0000000000000000
65 W 0000000000000000
251 W 0000000000000000
69 W 0000000000000000
228 W 0000000000000000
91 W 0000000000000000
13 W 0000000000000000
245 W 0000000000000000
93 W 0000000000000000
247 W 0000000000000000
245 W 0000000000000000
198 W 0000000000000000
99 W 0000000000000000
205 W 0000000000000000
163 W 0000000000000000
222 W 0000000000000000
231 W 0000000000000000
209 W 0000000000000000
162 W 0000000000000000
30 W 0000000000000000
79 W 0000000000000000
60 W 0000000000000000
134 W 0000000000000000
228 W 0000000000000000
49 W 0000000000000000
74 W 0000000000000000
152 W 0000000000000000
92 W 0000000000000000
130 W 0000000000000000
218 W 0000000000000000
89 W 0000000000000000
216 W 0000000000000000
13 W 0000000000000000
220 W 0000000000000000
79 W 0000000000000000
5 W 0000000000000000
72 W 0000000000000000
139 W 0000000000000000
137 W 0000000000000000
23 W 0000000000000000
148 W 0000000000000000
157 W 0000000000000000
25 W 0000000000000000
6 W 0000000000000000
54 W 0000000000000000
16 W 0000000000000000
210 W 0000000000000000
121 W 0000000000000000
70 W 0000000000000000
145 W 0000000000000000
100 W 0000000000000000
137 W 0000000000000000
81 W 0000000000000000
43 W 0000000000000000
204 W 0000000000000000
85 W 0000000000000000
149 W 0000000000000000
23 W 0000000000000000
52 W 0000000000000000
106 W 0000000000000000
252 W 0000000000000000
124 W 0000000000000000
86 W 0000000000000000
2 W 0000000000000000
252 W 0000000000000000
226 W 0000000000000000
189 W 0000000000000000
29 W 0000000000000000
174 W 0000000000000000
133 W 0000000000000000
232 W 0000000000000000
54 W 0000000000000000
143 W 0000000000000000
53 W 0000000000000000
215 W 0000000000000000
89 W 0000000000000000
120 W 0000000000000000
65 W 0000000000000000
112 W 0000000000000000
188 W 0000000000000000
127 W 0000000000000000
250 W 0000000000000000
245 W 0000000000000000
151 W 0000000000000000
59 W 0000000000000000
179 W 0000000000000000
205 W 0000000000000000
91 W 0000000000000000
233 W 0000000000000000
11 W 0000000000000000
8 W 0000000000000000
65 W 0000000000000000
207 W 0000000000000000
157 W 0000000000000000
212 W 0000000000000000
51 W 0000000000000000
142 W 0000000000000000
91 W 0000000000000000
83 W 0000000000000000
190 W 0000000000000000
14 W 0000000000000000
119 W 0000000000000000
112 W 0000000000000000
241 W 0000000000000000
227 W 0000000000000000
218 W 0000000000000000
142 W 0000000000000000
62 W 0000000000000000
93 W 0000000000000000
0 W 0000000000000000
59 W 0000000000000000
175 W 0000000000000000
52 W 0000000000000000
26 W 0000000000000000
111 W 0000000000000000
154 W 0000000000000000
48 W 0000000000000000
244 W 0000000000000000
252 W 0000000000000000
157 W 0000000000000000
167 W 0000000000000000
88 W 0000000000000000
62 W 0000000000000000
20 W 0000000000000000
202 W 0000000000000000
216 W 0000000000000000
224 W 0000000000000000
218 W 0000000000000000
226 W 0000000000000000
105 W 0000000000000000
139 W 0000000000000000
47 W 0000000000000000
70 W 0000000000000000
140 W 0000000000000000
135 W 0000000000000000
53 W 0000000000000000
191 W 0000000000000000
225 W 0000000000000000
150 W 0000000000000000
204 W 0000000000000000
101 W 0000000000000000
169 W 0000000000000000
168 W 0000000000000000
220 W 0000000000000000
0 W 0000000000000000
162 W 0000000000000000
81 W 0000000000000000
112 W 0000000000000000
143 W 0000000000000000
128 W 0000000000000000
193 W 0000000000000000
62 W 0000000000000000
62 W 0000000000000000
24 W 0000000000000000
105 W 0000000000000000
189 W 0000000000000000
94 W 0000000000000000
7 W 0000000000000000
188 W 0000000000000000
50 W 0000000000000000
220 W 0000000000000000
219 W 0000000000000000
253 W 0000000000000000
34 W 0000000000000000
63 W 0000000000000000
1 W 0000000000000000
199 W 0000000000000000
18 W 0000000000000000
91 W 0000000000000000
170 W 0000000000000000
218 W 0000000000000000
157 W 0000000000000000
147 W 0000000000000000
150 W 0000000000000000
5 W 0000000000000000
240 W 0000000000000000
166 W 0000000000000000
228 W 0000000000000000
231 W 0000000000000000
214 W 0000000000000000
106 W 0000000000000000
204 W 0000000000000000
149 W 0000000000000000
100 W 0000000000000000
183 W 0000000000000000
3 W 0000000000000000
251 W 0000000000000000
239 W 0000000000000000
36 W 0000000000000000
106 W 0000000000000000
91 W 0000000000000000
222 W 0000000000000000
227 W 0000000000000000
193 W 0000000000000000
32 W 0000000000000000
85 W 0000000000000000
76 W 0000000000000000
219 W 0000000000000000
57 W 0000000000000000
110 W 0000000000000000
163 W 0000000000000000
169 W 0000000000000000
167 W 0000000000000000
110 W 0000000000000000
244 W 0000000000000000
34 W 0000000000000000
14 W 0000000000000000
199 W 0000000000000000
218 W 0000000000000000
252 W 0000000000000000
107 W 0000000000000000
90 W 0000000000000000
149 W 0000000000000000
42 W 0000000000000000
226 W 0000000000000000
139 W 0000000000000000
133 W 0000000000000000
94 W 0000000000000000
30 W 0000000000000000
250 W 0000000000000000
121 W 0000000000000000
254 W 0000000000000000
72 W 0000000000000000
44 W 0000000000000000
199 W 0000000000000000
27 W 0000000000000000
155 W 0000000000000000
232 W 0000000000000000
212 W 0000000000000000
116 W 0000000000000000
241 W 0000000000000000
31 W 0000000000000000
88 W 0000000000000000
147 W 0000000000000000
23 W 0000000000000000
24 W 0000000000000000
170 W 0000000000000000
231 W 0000000000000000
98 W 0000000000000000
242 W 0000000000000000
16 W 0000000000000000
130 W 0000000000000000
52 W 0000000000000000
228 W 0000000000000000
243 W 0000000000000000
246 W 0000000000000000
173 W 0000000000000000
186 W 0000000000000000
226 W 0000000000000000
196 W 0000000000000000
62 W 0000000000000000
153 W 0000000000000000
167 W 0000000000000000
116 W 0000000000000000
26 W 0000000000000000
174 W 0000000000000000
249 W 0000000000000000
91 W 0000000000000000
98 W 0000000000000000
71 W 0000000000000000
118 W 0000000000000000
194 W 0000000000000000
130 W 0000000000000000
29 W 0000000000000000
185 W 0000000000000000
102 W 0000000000000000
252 W 0000000000000000
73 W 0000000000000000
103 W 0000000000000000
170 W 0000000000000000
101 W 0000000000000000
120 W 0000000000000000
25 W 0000000000000000
228 W 0000000000000000
223 W 0000000000000000
25 W 0000000000000000
227 W 0000000000000000
144 W 0000000000000000
20 W 0000000000000000
193 W 0000000000000000
223 W 0000000000000000
238 W 0000000000000000
16 W 0000000000000000
19 W 0000000000000000
12 W 0000000000000000
111 W 0000000000000000
194 W 0000000000000000
155 W 0000000000000000
126 W 0000000000000000
207 W 0000000000000000
93 W 0000000000000000
116 W 0000000000000000
51 W 0000000000000000
5 W 0000000000000000
252 W 0000000000000000
172 W 0000000000000000
237 W 0000000000000000
251 W 0000000000000000
63 W 0000000000000000
220 W 0000000000000000
178 W 0000000000000000
199 W 0000000000000000
139 W 0000000000000000
24 W 0000000000000000
45 W 0000000000000000
105 W 0000000000000000
210 W 0000000000000000
150 W 0000000000000000
45 W 0000000000000000
240 W 0000000000000000
87 W 0000000000000000
184 W 0000000000000000
157 W 0000000000000000
231 W 0000000000000000
98 W 0000000000000000
37 W 0000000000000000
28 W 0000000000000000
55 W 0000000000000000
146 W 0000000000000000
233 W 0000000000000000
222 W 0000000000000000
253 W 0000000000000000
17 W 0000000000000000
1 W 0000000000000000
137 W 0000000000000000
182 W 0000000000000000
206 W 0000000000000000
97 W 0000000000000000
117 W 0000000000000000
151 W 0000000000000000
150 W 0000000000000000
76 W 0000000000000000
128 W 0000000000000000
177 W 0000000000000000
2 W 0000000000000000
71 W 0000000000000000
15 W 0000000000000000
221 W 0000000000000000
21 W 0000000000000000
121 W 0000000000000000
144 W 0000000000000000
155 W 0000000000000000
239 W 0000000000000000
88 W 0000000000000000
127 W 0000000000000000
211 W 0000000000000000
169 W 0000000000000000
114 W 0000000000000000
160 W 0000000000000000
47 W 0000000000000000
228 W 0000000000000000
91 W 0000000000000000
86 W 0000000000000000
131 W 0000000000000000
151 W 0000000000000000
82 W 0000000000000000
125 W 0000000000000000
161 W 0000000000000000
35 W 0000000000000000
62 W 0000000000000000
96 W 0000000000000000
76 W 0000000000000000
232 W 0000000000000000
238 W 0000000000000000
197 W 0000000000000000
108 W 0000000000000000
133 W 0000000000000000
82 W 0000000000000000
126 W 0000000000000000
98 W 0000000000000000
29 W 0000000000000000
68 W 0000000000000000
64 W 0000000000000000
106 W 0000000000000000
97 W 0000000000000000
167 W 0000000000000000
141 W 0000000000000000
9 W 0000000000000000
124 W 0000000000000000
0 W 0000000000000000
197 W 0000000000000000
227 W 0000000000000000
53 W 0000000000000000
136 W 0000000000000000
101 W 0000000000000000
77 W 0000000000000000
66 W 0000000000000000
136 W 0000000000000000
93 W 0000000000000000
15 W 0000000000000000
108 W 0000000000000000
100 W 0000000000000000
95 W 0000000000000000
69 W 0000000000000000
141 W 0000000000000000
238 W 0000000000000000
17 W 0000000000000000
147 W 0000000000000000
41 W 0000000000000000
95 W 0000000000000000
240 W 0000000000000000
81 W 0000000000000000
127 W 0000000000000000
13 W 0000000000000000
164 W 0000000000000000
99 W 0000000000000000
215 W 0000000000000000
57 W 0000000000000000
103 W 0000000000000000
129 W 0000000000000000
180 W 0000000000000000
255 W 0000000000000000
11 W 0000000000000000
145 W 0000000000000000
247 W 0000000000000000
73 W 0000000000000000
242 W 0000000000000000
242 W 0000000000000000
5 W 0000000000000000
33 W 0000000000000000
41 W 0000000000000000
94 W 0000000000000000
101 W 0000000000000000
21 W 0000000000000000
25 W 0000000000000000
21 W 0000000000000000
62 W 0000000000000000
37 W 0000000000000000
143 W 0000000000000000
65 W 0000000000000000
203 W 0000000000000000
156 W 0000000000000000
178 W 0000000000000000
133 W 0000000000000000
55 W 0000000000000000
211 W 0000000000000000
209 W 0000000000000000
178 W 0000000000000000
253 W 0000000000000000
209 W 0000000000000000
42 W 0000000000000000
154 W 0000000000000000
175 W 0000000000000000
160 W 0000000000000000
190 W 0000000000000000
83 W 0000000000000000
61 W 0000000000000000
15 W 0000000000000000
148 W 0000000000000000
195 W 0000000000000000
152 W 0000000000000000
95 W 0000000000000000
231 W 0000000000000000
211 W 0000000000000000
108 W 0000000000000000
160 W 0000000000000000
125 W 0000000000000000
216 W 0000000000000000
254 W 0000000000000000
2 W 0000000000000000
194 W 0000000000000000
172 W 0000000000000000
175 W 0000000000000000
36 W 0000000000000000
100 W 0000000000000000
162 W 0000000000000000
207 W 0000000000000000
90 W 0000000000000000
94 W 0000000000000000
127 W 0000000000000000
59 W 0000000000000000
142 W 0000000000000000
12 W 0000000000000000
78 W 0000000000000000
201 W 0000000000000000
217 W 0000000000000000
74 W 0000000000000000
108 W 0000000000000000
66 W 0000000000000000
109 W 0000000000000000
218 W 0000000000000000
56 W 0000000000000000
90 W 0000000000000000
212 W 0000000000000000
140 W 0000000000000000
3 W 0000000000000000
156 W 0000000000000000
237 W 0000000000000000
174 W 0000000000000000
239 W 0000000000000000
234 W 0000000000000000
75 W 0000000000000000
254 W 0000000000000000
253 W 0000000000000000
164 W 0000000000000000
174 W 0000000000000000
107 W 0000000000000000
61 W 0000000000000000
77 W 0000000000000000
102 W 0000000000000000
173 W 0000000000000000
122 W 0000000000000000
90 W 0000000000000000
83 W 0000000000000000
106 W 0000000000000000
237 W 0000000000000000
237 W 0000000000000000
197 W 0000000000000000
231 W 0000000000000000
44 W 0000000000000000
253 W 0000000000000000
22 W 0000000000000000
179 W 0000000000000000
165 W 0000000000000000
189 W 0000000000000000
95 W 0000000000000000
134 W 0000000000000000
62 W 0000000000000000
31 W 0000000000000000
94 W 0000000000000000
243 W 0000000000000000
159 W 0000000000000000
240 W 0000000000000000
206 W 0000000000000000
44 W 0000000000000000
193 W 0000000000000000
224 W 0000000000000000
228 W 0000000000000000
184 W 0000000000000000
126 W 0000000000000000
165 W 0000000000000000
106 W 0000000000000000
36 W 0000000000000000
135 W 0000000000000000
143 W 0000000000000000
188 W 0000000000000000
191 W 0000000000000000
5 W 0000000000000000
218 W 0000000000000000
255 W 0000000000000000
43 W 0000000000000000
214 W 0000000000000000
31 W 0000000000000000
196 W 0000000000000000
3 W 0000000000000000
64 W 0000000000000000
96 W 0000000000000000
183 W 0000000000000000
31 W 0000000000000000
133 W 0000000000000000
32 W 0000000000000000
105 W 0000000000000000
77 W 0000000000000000
11 W 0000000000000000
85 W 0000000000000000
214 W 0000000000000000
143 W 0000000000000000
236 W 0000000000000000
79 W 0000000000000000
81 W 0000000000000000
50 W 0000000000000000
144 W 0000000000000000
209 W 0000000000000000
163 W 0000000000000000
138 W 0000000000000000
238 W 0000000000000000
155 W 0000000000000000
0 W 0000000000000000
177 W 0000000000000000
237 W 0000000000000000
149 W 0000000000000000
118 W 0000000000000000
199 W 0000000000000000
223 W 0000000000000000
79 W 0000000000000000
0 W 0000000000000000
41 W 0000000000000000
95 W 0000000000000000
127 W 0000000000000000
158 W 0000000000000000
175 W 0000000000000000
88 W 0000000000000000
104 W 0000000000000000
157 W 0000000000000000
16 W 0000000000000000
146 W 0000000000000000
61 W 0000000000000000
58 W 0000000000000000
253 W 0000000000000000
87 W 0000000000000000
115 W 0000000000000000
205 W 0000000000000000
216 W 0000000000000000
80 W 0000000000000000
42 W 0000000000000000
42 W 0000000000000000
209 W 0000000000000000
166 W 0000000000000000
130 W 0000000000000000
253 W 0000000000000000
241 W 0000000000000000
222 W 0000000000000000
247 W 0000000000000000
193 W 0000000000000000
178 W 0000000000000000
211 W 0000000000000000
158 W 0000000000000000
144 W 0000000000000000
174 W 0000000000000000
219 W 0000000000000000
206 W 0000000000000000
119 W 0000000000000000
152 W 0000000000000000
237 W 0000000000000000
89 W 0000000000000000
80 W 0000000000000000
151 W 0000000000000000
98 W 0000000000000000
21 W 0000000000000000
0 W 0000000000000000
245 W 0000000000000000
215 W 0000000000000000
56 W 0000000000000000
177 W 0000000000000000
115 W 0000000000000000
225 W 0000000000000000
99 W 0000000000000000
119 W 0000000000000000
99 W 0000000000000000
162 W 0000000000000000
73 W 0000000000000000
137 W 0000000000000000
23 W 0000000000000000
119 W 0000000000000000
169 W 0000000000000000
224 W 0000000000000000
169 W 0000000000000000
74 W 0000000000000000
71 W 0000000000000000
184 W 0000000000000000
232 W 0000000000000000
34 W 0000000000000000
7 W 0000000000000000
162 W 0000000000000000
26 W 0000000000000000
207 W 0000000000000000
