1 W 0000000000000001
3 W 0000000000000001
2 W 0000000000000001
0 W 0000000000000001
1 W 0000000000000001
3 W 0000000000000001
3 W 0000000000000001
3 W 0000000000000001
0 W 0000000000000001
1 W 0000000000000001
3 W 0000000000000001
1 W 0000000000000001
0 W 0000000000000001
2 W 0000000000000001
3 W 0000000000000001
1 W 0000000000000001
3 W 0000000000000001
2 W 0000000000000001
3 W 0000000000000001
1 W 0000000000000001
2 W 0000000000000001
1 W 0000000000000001
1 W 0000000000000001
2 W 0000000000000001
3 W 0000000000000001
1 W 0000000000000001
3 W 0000000000000001
1 W 0000000000000001
2 W 0000000000000001
1 W 0000000000000001
0 W 0000000000000001
3 W 0000000000000001
3 W 0000000000000001
3 W 0000000000000001
3 W 0000000000000001
2 W 0000000000000001
0 W 0000000000000001
3 W 0000000000000001
1 W 0000000000000001
0 W 0000000000000001
1 W 0000000000000001
1 W 0000000000000001
1 W 0000000000000001
0 W 0000000000000001
3 W 0000000000000001
0 W 0000000000000001
3 W 0000000000000001
2 W 0000000000000001
3 W 0000000000000001
3 W 0000000000000001
1 W 0000000000000001
0 W 0000000000000001
1 W 0000000000000001
0 W 0000000000000001
2 W 0000000000000001
2 W 0000000000000001
1 W 0000000000000001
3 W 0000000000000001
1 W 0000000000000001
3 W 0000000000000001
1 W 0000000000000001
1 W 0000000000000001
0 W 0000000000000001
1 W 0000000000000001
0 W 0000000000000001
0 W 0000000000000001
0 W 0000000000000001
3 W 0000000000000001
2 W 0000000000000001
3 W 0000000000000001
3 W 0000000000000001
1 W 0000000000000001
3 W 0000000000000001
1 W 0000000000000001
3 W 0000000000000001
0 W 0000000000000001
1 W 0000000000000001
0 W 0000000000000001
0 W 0000000000000001
1 W 0000000000000001
0 W 0000000000000001
3 W 0000000000000001
0 W 0000000000000001
0 W 0000000000000001
2 W 0000000000000001
3 W 0000000000000001
3 W 0000000000000001
2 W 0000000000000001
2 W 0000000000000001
1 W 0000000000000001
3 W 0000000000000001
0 W 0000000000000001
0 W 0000000000000001
3 W 0000000000000001
0 W 0000000000000001
2 W 0000000000000001
1 W 0000000000000001
1 W 0000000000000001
2 W 0000000000000001
0 W 0000000000000001
