30 W 0000000000000000
19 W 0000000000000000
61 W 0000000000000000
63 W 0000000000000000
43 W 0000000000000000
46 W 0000000000000000
28 W 0000000000000000
29 W 0000000000000000
42 W 0000000000000000
8 W 0000000000000000
33 W 0000000000000000
60 W 0000000000000000
39 W 0000000000000000
12 W 0000000000000000
24 W 0000000000000000
34 W 0000000000000000
23 W 0000000000000000
40 W 0000000000000000
45 W 0000000000000000
49 W 0000000000000000
27 W 0000000000000000
42 W 0000000000000000
54 W 0000000000000000
8 W 0000000000000000
10 W 0000000000000000
1 W 0000000000000000
36 W 0000000000000000
52 W 0000000000000000
6 W 0000000000000000
44 W 0000000000000000
37 W 0000000000000000
50 W 0000000000000000
63 W 0000000000000000
57 W 0000000000000000
26 W 0000000000000000
23 W 0000000000000000
14 W 0000000000000000
49 W 0000000000000000
13 W 0000000000000000
29 W 0000000000000000
32 W 0000000000000000
50 W 0000000000000000
47 W 0000000000000000
57 W 0000000000000000
50 W 0000000000000000
9 W 0000000000000000
11 W 0000000000000000
62 W 0000000000000000
41 W 0000000000000000
5 W 0000000000000000
57 W 0000000000000000
30 W 0000000000000000
17 W 0000000000000000
9 W 0000000000000000
61 W 0000000000000000
23 W 0000000000000000
52 W 0000000000000000
29 W 0000000000000000
23 W 0000000000000000
35 W 0000000000000000
43 W 0000000000000000
51 W 0000000000000000
19 W 0000000000000000
60 W 0000000000000000
44 W 0000000000000000
37 W 0000000000000000
42 W 0000000000000000
30 W 0000000000000000
31 W 0000000000000000
45 W 0000000000000000
13 W 0000000000000000
27 W 0000000000000000
9 W 0000000000000000
9 W 0000000000000000
4 W 0000000000000000
24 W 0000000000000000
18 W 0000000000000000
26 W 0000000000000000
59 W 0000000000000000
17 W 0000000000000000
16 W 0000000000000000
26 W 0000000000000000
57 W 0000000000000000
1 W 0000000000000000
48 W 0000000000000000
48 W 0000000000000000
20 W 0000000000000000
49 W 0000000000000000
5 W 0000000000000000
23 W 0000000000000000
41 W 0000000000000000
17 W 0000000000000000
9 W 0000000000000000
41 W 0000000000000000
33 W 0000000000000000
8 W 0000000000000000
38 W 0000000000000000
62 W 0000000000000000
9 W 0000000000000000
61 W 0000000000000000
15 W 0000000000000000
8 W 0000000000000000
46 W 0000000000000000
34 W 0000000000000000
50 W 0000000000000000
39 W 0000000000000000
44 W 0000000000000000
43 W 0000000000000000
0 W 0000000000000000
35 W 0000000000000000
33 W 0000000000000000
15 W 0000000000000000
53 W 0000000000000000
48 W 0000000000000000
28 W 0000000000000000
43 W 0000000000000000
3 W 0000000000000000
50 W 0000000000000000
53 W 0000000000000000
45 W 0000000000000000
33 W 0000000000000000
26 W 0000000000000000
46 W 0000000000000000
35 W 0000000000000000
31 W 0000000000000000
55 W 0000000000000000
42 W 0000000000000000
19 W 0000000000000000
12 W 0000000000000000
45 W 0000000000000000
2 W 0000000000000000
1 W 0000000000000000
57 W 0000000000000000
49 W 0000000000000000
7 W 0000000000000000
29 W 0000000000000000
7 W 0000000000000000
51 W 0000000000000000
23 W 0000000000000000
51 W 0000000000000000
17 W 0000000000000000
49 W 0000000000000000
27 W 0000000000000000
47 W 0000000000000000
44 W 0000000000000000
39 W 0000000000000000
37 W 0000000000000000
12 W 0000000000000000
41 W 0000000000000000
33 W 0000000000000000
50 W 0000000000000000
9 W 0000000000000000
20 W 0000000000000000
53 W 0000000000000000
48 W 0000000000000000
57 W 0000000000000000
9 W 0000000000000000
20 W 0000000000000000
56 W 0000000000000000
60 W 0000000000000000
25 W 0000000000000000
25 W 0000000000000000
15 W 0000000000000000
13 W 0000000000000000
48 W 0000000000000000
7 W 0000000000000000
38 W 0000000000000000
21 W 0000000000000000
50 W 0000000000000000
10 W 0000000000000000
15 W 0000000000000000
7 W 0000000000000000
36 W 0000000000000000
29 W 0000000000000000
28 W 0000000000000000
60 W 0000000000000000
39 W 0000000000000000
52 W 0000000000000000
47 W 0000000000000000
33 W 0000000000000000
34 W 0000000000000000
25 W 0000000000000000
24 W 0000000000000000
60 W 0000000000000000
22 W 0000000000000000
53 W 0000000000000000
4 W 0000000000000000
13 W 0000000000000000
51 W 0000000000000000
57 W 0000000000000000
5 W 0000000000000000
4 W 0000000000000000
40 W 0000000000000000
48 W 0000000000000000
53 W 0000000000000000
49 W 0000000000000000
13 W 0000000000000000
27 W 0000000000000000
18 W 0000000000000000
35 W 0000000000000000
56 W 0000000000000000
20 W 0000000000000000
8 W 0000000000000000
26 W 0000000000000000
29 W 0000000000000000
37 W 0000000000000000
54 W 0000000000000000
4 W 0000000000000000
16 W 0000000000000000
24 W 0000000000000000
36 W 0000000000000000
25 W 0000000000000000
4 W 0000000000000000
6 W 0000000000000000
14 W 0000000000000000
54 W 0000000000000000
31 W 0000000000000000
36 W 0000000000000000
49 W 0000000000000000
32 W 0000000000000000
40 W 0000000000000000
15 W 0000000000000000
35 W 0000000000000000
50 W 0000000000000000
51 W 0000000000000000
3 W 0000000000000000
50 W 0000000000000000
45 W 0000000000000000
24 W 0000000000000000
5 W 0000000000000000
28 W 0000000000000000
30 W 0000000000000000
55 W 0000000000000000
21 W 0000000000000000
5 W 0000000000000000
34 W 0000000000000000
41 W 0000000000000000
39 W 0000000000000000
52 W 0000000000000000
10 W 0000000000000000
55 W 0000000000000000
3 W 0000000000000000
37 W 0000000000000000
27 W 0000000000000000
53 W 0000000000000000
42 W 0000000000000000
33 W 0000000000000000
46 W 0000000000000000
2 W 0000000000000000
2 W 0000000000000000
24 W 0000000000000000
27 W 0000000000000000
52 W 0000000000000000
28 W 0000000000000000
23 W 0000000000000000
54 W 0000000000000000
31 W 0000000000000000
39 W 0000000000000000
52 W 0000000000000000
56 W 0000000000000000
2 W 0000000000000000
12 W 0000000000000000
52 W 0000000000000000
55 W 0000000000000000
30 W 0000000000000000
54 W 0000000000000000
53 W 0000000000000000
12 W 0000000000000000
6 W 0000000000000000
46 W 0000000000000000
20 W 0000000000000000
14 W 0000000000000000
6 W 0000000000000000
49 W 0000000000000000
31 W 0000000000000000
5 W 0000000000000000
15 W 0000000000000000
1 W 0000000000000000
49 W 0000000000000000
41 W 0000000000000000
17 W 0000000000000000
56 W 0000000000000000
10 W 0000000000000000
62 W 0000000000000000
25 W 0000000000000000
0 W 0000000000000000
59 W 0000000000000000
30 W 0000000000000000
54 W 0000000000000000
11 W 0000000000000000
11 W 0000000000000000
55 W 0000000000000000
31 W 0000000000000000
3 W 0000000000000000
14 W 0000000000000000
49 W 0000000000000000
10 W 0000000000000000
26 W 0000000000000000
48 W 0000000000000000
48 W 0000000000000000
19 W 0000000000000000
46 W 0000000000000000
42 W 0000000000000000
52 W 0000000000000000
22 W 0000000000000000
46 W 0000000000000000
37 W 0000000000000000
22 W 0000000000000000
33 W 0000000000000000
26 W 0000000000000000
23 W 0000000000000000
3 W 0000000000000000
26 W 0000000000000000
4 W 0000000000000000
6 W 0000000000000000
49 W 0000000000000000
22 W 0000000000000000
28 W 0000000000000000
59 W 0000000000000000
38 W 0000000000000000
49 W 0000000000000000
5 W 0000000000000000
15 W 0000000000000000
53 W 0000000000000000
30 W 0000000000000000
35 W 0000000000000000
37 W 0000000000000000
8 W 0000000000000000
40 W 0000000000000000
25 W 0000000000000000
58 W 0000000000000000
39 W 0000000000000000
33 W 0000000000000000
35 W 0000000000000000
37 W 0000000000000000
29 W 0000000000000000
37 W 0000000000000000
11 W 0000000000000000
8 W 0000000000000000
58 W 0000000000000000
34 W 0000000000000000
58 W 0000000000000000
56 W 0000000000000000
49 W 0000000000000000
48 W 0000000000000000
28 W 0000000000000000
51 W 0000000000000000
50 W 0000000000000000
26 W 0000000000000000
51 W 0000000000000000
41 W 0000000000000000
57 W 0000000000000000
59 W 0000000000000000
56 W 0000000000000000
50 W 0000000000000000
29 W 0000000000000000
25 W 0000000000000000
31 W 0000000000000000
55 W 0000000000000000
62 W 0000000000000000
20 W 0000000000000000
41 W 0000000000000000
31 W 0000000000000000
4 W 0000000000000000
15 W 0000000000000000
28 W 0000000000000000
33 W 0000000000000000
33 W 0000000000000000
50 W 0000000000000000
48 W 0000000000000000
41 W 0000000000000000
57 W 0000000000000000
21 W 0000000000000000
18 W 0000000000000000
42 W 0000000000000000
29 W 0000000000000000
46 W 0000000000000000
51 W 0000000000000000
63 W 0000000000000000
16 W 0000000000000000
5 W 0000000000000000
20 W 0000000000000000
40 W 0000000000000000
27 W 0000000000000000
59 W 0000000000000000
32 W 0000000000000000
43 W 0000000000000000
31 W 0000000000000000
11 W 0000000000000000
10 W 0000000000000000
15 W 0000000000000000
35 W 0000000000000000
7 W 0000000000000000
26 W 0000000000000000
28 W 0000000000000000
35 W 0000000000000000
50 W 0000000000000000
46 W 0000000000000000
40 W 0000000000000000
58 W 0000000000000000
42 W 0000000000000000
23 W 0000000000000000
46 W 0000000000000000
8 W 0000000000000000
31 W 0000000000000000
5 W 0000000000000000
56 W 0000000000000000
7 W 0000000000000000
21 W 0000000000000000
37 W 0000000000000000
39 W 0000000000000000
29 W 0000000000000000
59 W 0000000000000000
18 W 0000000000000000
48 W 0000000000000000
61 W 0000000000000000
54 W 0000000000000000
17 W 0000000000000000
8 W 0000000000000000
51 W 0000000000000000
32 W 0000000000000000
17 W 0000000000000000
23 W 0000000000000000
51 W 0000000000000000
18 W 0000000000000000
54 W 0000000000000000
15 W 0000000000000000
22 W 0000000000000000
33 W 0000000000000000
26 W 0000000000000000
41 W 0000000000000000
4 W 0000000000000000
27 W 0000000000000000
32 W 0000000000000000
18 W 0000000000000000
30 W 0000000000000000
12 W 0000000000000000
40 W 0000000000000000
16 W 0000000000000000
41 W 0000000000000000
2 W 0000000000000000
40 W 0000000000000000
13 W 0000000000000000
18 W 0000000000000000
52 W 0000000000000000
19 W 0000000000000000
61 W 0000000000000000
0 W 0000000000000000
52 W 0000000000000000
56 W 0000000000000000
46 W 0000000000000000
29 W 0000000000000000
27 W 0000000000000000
49 W 0000000000000000
2 W 0000000000000000
42 W 0000000000000000
27 W 0000000000000000
35 W 0000000000000000
54 W 0000000000000000
15 W 0000000000000000
15 W 0000000000000000
42 W 0000000000000000
60 W 0000000000000000
4 W 0000000000000000
53 W 0000000000000000
18 W 0000000000000000
50 W 0000000000000000
58 W 0000000000000000
61 W 0000000000000000
33 W 0000000000000000
38 W 0000000000000000
55 W 0000000000000000
48 W 0000000000000000
44 W 0000000000000000
11 W 0000000000000000
50 W 0000000000000000
29 W 0000000000000000
24 W 0000000000000000
13 W 0000000000000000
52 W 0000000000000000
11 W 0000000000000000
1 W 0000000000000000
48 W 0000000000000000
42 W 0000000000000000
57 W 0000000000000000
16 W 0000000000000000
36 W 0000000000000000
2 W 0000000000000000
18 W 0000000000000000
54 W 0000000000000000
42 W 0000000000000000
36 W 0000000000000000
30 W 0000000000000000
62 W 0000000000000000
41 W 0000000000000000
34 W 0000000000000000
1 W 0000000000000000
59 W 0000000000000000
35 W 0000000000000000
42 W 0000000000000000
55 W 0000000000000000
21 W 0000000000000000
59 W 0000000000000000
41 W 0000000000000000
31 W 0000000000000000
57 W 0000000000000000
29 W 0000000000000000
23 W 0000000000000000
12 W 0000000000000000
14 W 0000000000000000
4 W 0000000000000000
48 W 0000000000000000
35 W 0000000000000000
22 W 0000000000000000
52 W 0000000000000000
33 W 0000000000000000
58 W 0000000000000000
21 W 0000000000000000
39 W 0000000000000000
63 W 0000000000000000
28 W 0000000000000000
11 W 0000000000000000
12 W 0000000000000000
15 W 0000000000000000
1 W 0000000000000000
6 W 0000000000000000
30 W 0000000000000000
23 W 0000000000000000
21 W 0000000000000000
13 W 0000000000000000
42 W 0000000000000000
48 W 0000000000000000
49 W 0000000000000000
17 W 0000000000000000
42 W 0000000000000000
44 W 0000000000000000
47 W 0000000000000000
22 W 0000000000000000
3 W 0000000000000000
63 W 0000000000000000
3 W 0000000000000000
27 W 0000000000000000
47 W 0000000000000000
55 W 0000000000000000
62 W 0000000000000000
59 W 0000000000000000
16 W 0000000000000000
58 W 0000000000000000
46 W 0000000000000000
28 W 0000000000000000
17 W 0000000000000000
49 W 0000000000000000
14 W 0000000000000000
59 W 0000000000000000
51 W 0000000000000000
36 W 0000000000000000
22 W 0000000000000000
10 W 0000000000000000
28 W 0000000000000000
46 W 0000000000000000
8 W 0000000000000000
19 W 0000000000000000
63 W 0000000000000000
60 W 0000000000000000
20 W 0000000000000000
40 W 0000000000000000
40 W 0000000000000000
32 W 0000000000000000
23 W 0000000000000000
34 W 0000000000000000
49 W 0000000000000000
51 W 0000000000000000
43 W 0000000000000000
36 W 0000000000000000
22 W 0000000000000000
39 W 0000000000000000
11 W 0000000000000000
37 W 0000000000000000
33 W 0000000000000000
4 W 0000000000000000
61 W 0000000000000000
17 W 0000000000000000
37 W 0000000000000000
19 W 0000000000000000
23 W 0000000000000000
44 W 0000000000000000
59 W 0000000000000000
36 W 0000000000000000
59 W 0000000000000000
29 W 0000000000000000
61 W 0000000000000000
29 W 0000000000000000
39 W 0000000000000000
54 W 0000000000000000
13 W 0000000000000000
61 W 0000000000000000
18 W 0000000000000000
21 W 0000000000000000
47 W 0000000000000000
16 W 0000000000000000
61 W 0000000000000000
7 W 0000000000000000
58 W 0000000000000000
36 W 0000000000000000
17 W 0000000000000000
13 W 0000000000000000
43 W 0000000000000000
5 W 0000000000000000
32 W 0000000000000000
49 W 0000000000000000
2 W 0000000000000000
33 W 0000000000000000
2 W 0000000000000000
44 W 0000000000000000
14 W 0000000000000000
5 W 0000000000000000
5 W 0000000000000000
6 W 0000000000000000
35 W 0000000000000000
22 W 0000000000000000
17 W 0000000000000000
55 W 0000000000000000
0 W 0000000000000000
53 W 0000000000000000
60 W 0000000000000000
42 W 0000000000000000
19 W 0000000000000000
22 W 0000000000000000
8 W 0000000000000000
60 W 0000000000000000
56 W 0000000000000000
43 W 0000000000000000
39 W 0000000000000000
16 W 0000000000000000
41 W 0000000000000000
29 W 0000000000000000
16 W 0000000000000000
6 W 0000000000000000
58 W 0000000000000000
5 W 0000000000000000
38 W 0000000000000000
22 W 0000000000000000
30 W 0000000000000000
43 W 0000000000000000
28 W 0000000000000000
62 W 0000000000000000
11 W 0000000000000000
3 W 0000000000000000
10 W 0000000000000000
38 W 0000000000000000
62 W 0000000000000000
61 W 0000000000000000
9 W 0000000000000000
15 W 0000000000000000
8 W 0000000000000000
33 W 0000000000000000
56 W 0000000000000000
19 W 0000000000000000
26 W 0000000000000000
28 W 0000000000000000
2 W 0000000000000000
9 W 0000000000000000
55 W 0000000000000000
4 W 0000000000000000
48 W 0000000000000000
8 W 0000000000000000
51 W 0000000000000000
63 W 0000000000000000
18 W 0000000000000000
9 W 0000000000000000
26 W 0000000000000000
62 W 0000000000000000
26 W 0000000000000000
53 W 0000000000000000
23 W 0000000000000000
23 W 0000000000000000
59 W 0000000000000000
46 W 0000000000000000
58 W 0000000000000000
24 W 0000000000000000
38 W 0000000000000000
2 W 0000000000000000
3 W 0000000000000000
12 W 0000000000000000
42 W 0000000000000000
5 W 0000000000000000
12 W 0000000000000000
30 W 0000000000000000
45 W 0000000000000000
46 W 0000000000000000
46 W 0000000000000000
27 W 0000000000000000
37 W 0000000000000000
43 W 0000000000000000
63 W 0000000000000000
44 W 0000000000000000
53 W 0000000000000000
53 W 0000000000000000
20 W 0000000000000000
14 W 0000000000000000
3 W 0000000000000000
5 W 0000000000000000
2 W 0000000000000000
2 W 0000000000000000
35 W 0000000000000000
58 W 0000000000000000
40 W 0000000000000000
36 W 0000000000000000
11 W 0000000000000000
24 W 0000000000000000
17 W 0000000000000000
49 W 0000000000000000
4 W 0000000000000000
46 W 0000000000000000
17 W 0000000000000000
38 W 0000000000000000
41 W 0000000000000000
39 W 0000000000000000
59 W 0000000000000000
7 W 0000000000000000
34 W 0000000000000000
31 W 0000000000000000
45 W 0000000000000000
1 W 0000000000000000
31 W 0000000000000000
32 W 0000000000000000
32 W 0000000000000000
50 W 0000000000000000
1 W 0000000000000000
51 W 0000000000000000
15 W 0000000000000000
59 W 0000000000000000
20 W 0000000000000000
61 W 0000000000000000
44 W 0000000000000000
32 W 0000000000000000
12 W 0000000000000000
58 W 0000000000000000
39 W 0000000000000000
58 W 0000000000000000
10 W 0000000000000000
7 W 0000000000000000
8 W 0000000000000000
23 W 0000000000000000
49 W 0000000000000000
24 W 0000000000000000
24 W 0000000000000000
25 W 0000000000000000
58 W 0000000000000000
46 W 0000000000000000
22 W 0000000000000000
20 W 0000000000000000
33 W 0000000000000000
30 W 0000000000000000
46 W 0000000000000000
30 W 0000000000000000
43 W 0000000000000000
51 W 0000000000000000
7 W 0000000000000000
22 W 0000000000000000
12 W 0000000000000000
35 W 0000000000000000
61 W 0000000000000000
33 W 0000000000000000
1 W 0000000000000000
37 W 0000000000000000
40 W 0000000000000000
53 W 0000000000000000
32 W 0000000000000000
36 W 0000000000000000
45 W 0000000000000000
37 W 0000000000000000
44 W 0000000000000000
48 W 0000000000000000
20 W 0000000000000000
57 W 0000000000000000
34 W 0000000000000000
25 W 0000000000000000
35 W 0000000000000000
25 W 0000000000000000
12 W 0000000000000000
5 W 0000000000000000
32 W 0000000000000000
55 W 0000000000000000
12 W 0000000000000000
6 W 0000000000000000
15 W 0000000000000000
29 W 0000000000000000
36 W 0000000000000000
12 W 0000000000000000
63 W 0000000000000000
13 W 0000000000000000
28 W 0000000000000000
43 W 0000000000000000
30 W 0000000000000000
11 W 0000000000000000
1 W 0000000000000000
1 W 0000000000000000
13 W 0000000000000000
51 W 0000000000000000
29 W 0000000000000000
12 W 0000000000000000
32 W 0000000000000000
54 W 0000000000000000
17 W 0000000000000000
16 W 0000000000000000
15 W 0000000000000000
10 W 0000000000000000
48 W 0000000000000000
62 W 0000000000000000
24 W 0000000000000000
13 W 0000000000000000
24 W 0000000000000000
26 W 0000000000000000
29 W 0000000000000000
44 W 0000000000000000
49 W 0000000000000000
44 W 0000000000000000
21 W 0000000000000000
11 W 0000000000000000
12 W 0000000000000000
10 W 0000000000000000
46 W 0000000000000000
2 W 0000000000000000
56 W 0000000000000000
36 W 0000000000000000
3 W 0000000000000000
29 W 0000000000000000
62 W 0000000000000000
11 W 0000000000000000
38 W 0000000000000000
41 W 0000000000000000
60 W 0000000000000000
56 W 0000000000000000
54 W 0000000000000000
52 W 0000000000000000
39 W 0000000000000000
59 W 0000000000000000
5 W 0000000000000000
25 W 0000000000000000
11 W 0000000000000000
49 W 0000000000000000
35 W 0000000000000000
55 W 0000000000000000
58 W 0000000000000000
3 W 0000000000000000
53 W 0000000000000000
21 W 0000000000000000
12 W 0000000000000000
53 W 0000000000000000
39 W 0000000000000000
12 W 0000000000000000
21 W 0000000000000000
30 W 0000000000000000
42 W 0000000000000000
30 W 0000000000000000
34 W 0000000000000000
38 W 0000000000000000
32 W 0000000000000000
9 W 0000000000000000
55 W 0000000000000000
38 W 0000000000000000
43 W 0000000000000000
16 W 0000000000000000
23 W 0000000000000000
12 W 0000000000000000
11 W 0000000000000000
43 W 0000000000000000
62 W 0000000000000000
49 W 0000000000000000
15 W 0000000000000000
52 W 0000000000000000
27 W 0000000000000000
45 W 0000000000000000
38 W 0000000000000000
35 W 0000000000000000
34 W 0000000000000000
47 W 0000000000000000
2 W 0000000000000000
54 W 0000000000000000
58 W 0000000000000000
0 W 0000000000000000
62 W 0000000000000000
31 W 0000000000000000
56 W 0000000000000000
50 W 0000000000000000
6 W 0000000000000000
31 W 0000000000000000
42 W 0000000000000000
39 W 0000000000000000
11 W 0000000000000000
41 W 0000000000000000
5 W 0000000000000000
7 W 0000000000000000
57 W 0000000000000000
46 W 0000000000000000
22 W 0000000000000000
55 W 0000000000000000
34 W 0000000000000000
26 W 0000000000000000
38 W 0000000000000000
47 W 0000000000000000
18 W 0000000000000000
17 W 0000000000000000
40 W 0000000000000000
23 W 0000000000000000
34 W 0000000000000000
12 W 0000000000000000
27 W 0000000000000000
17 W 0000000000000000
2 W 0000000000000000
56 W 0000000000000000
35 W 0000000000000000
32 W 0000000000000000
51 W 0000000000000000
8 W 0000000000000000
48 W 0000000000000000
62 W 0000000000000000
45 W 0000000000000000
53 W 0000000000000000
15 W 0000000000000000
19 W 0000000000000000
33 W 0000000000000000
8 W 0000000000000000
14 W 0000000000000000
0 W 0000000000000000
55 W 0000000000000000
41 W 0000000000000000
5 W 0000000000000000
18 W 0000000000000000
21 W 0000000000000000
63 W 0000000000000000
63 W 0000000000000000
41 W 0000000000000000
56 W 0000000000000000
2 W 0000000000000000
38 W 0000000000000000
33 W 0000000000000000
25 W 0000000000000000
34 W 0000000000000000
31 W 0000000000000000
15 W 0000000000000000
5 W 0000000000000000
8 W 0000000000000000
24 W 0000000000000000
59 W 0000000000000000
38 W 0000000000000000
12 W 0000000000000000
20 W 0000000000000000
15 W 0000000000000000
36 W 0000000000000000
58 W 0000000000000000
21 W 0000000000000000
59 W 0000000000000000
35 W 0000000000000000
41 W 0000000000000000
13 W 0000000000000000
41 W 0000000000000000
14 W 0000000000000000
56 W 0000000000000000
39 W 0000000000000000
56 W 0000000000000000
24 W 0000000000000000
52 W 0000000000000000
23 W 0000000000000000
29 W 0000000000000000
25 W 0000000000000000
18 W 0000000000000000
38 W 0000000000000000
8 W 0000000000000000
35 W 0000000000000000
19 W 0000000000000000
0 W 0000000000000000
28 W 0000000000000000
6 W 0000000000000000
0 W 0000000000000000
7 W 0000000000000000
52 W 0000000000000000
55 W 0000000000000000
20 W 0000000000000000
49 W 0000000000000000
60 W 0000000000000000
1 W 0000000000000000
21 W 0000000000000000
13 W 0000000000000000
0 W 0000000000000000
61 W 0000000000000000
43 W 0000000000000000
37 W 0000000000000000
4 W 0000000000000000
27 W 0000000000000000
60 W 0000000000000000
33 W 0000000000000000
22 W 0000000000000000
52 W 0000000000000000
23 W 0000000000000000
18 W 0000000000000000
26 W 0000000000000000
5 W 0000000000000000
17 W 0000000000000000
57 W 0000000000000000
17 W 0000000000000000
49 W 0000000000000000
26 W 0000000000000000
46 W 0000000000000000
13 W 0000000000000000
62 W 0000000000000000
47 W 0000000000000000
52 W 0000000000000000
49 W 0000000000000000
5 W 0000000000000000
0 W 0000000000000000
32 W 0000000000000000
40 W 0000000000000000
18 W 0000000000000000
1 W 0000000000000000
2 W 0000000000000000
10 W 0000000000000000
43 W 0000000000000000
42 W 0000000000000000
57 W 0000000000000000
59 W 0000000000000000
20 W 0000000000000000
40 W 0000000000000000
3 W 0000000000000000
49 W 0000000000000000
54 W 0000000000000000
28 W 0000000000000000
48 W 0000000000000000
55 W 0000000000000000
16 W 0000000000000000
22 W 0000000000000000
18 W 0000000000000000
43 W 0000000000000000
56 W 0000000000000000
2 W 0000000000000000
2 W 0000000000000000
22 W 0000000000000000
34 W 0000000000000000
34 W 0000000000000000
60 W 0000000000000000
36 W 0000000000000000
40 W 0000000000000000
10 W 0000000000000000
24 W 0000000000000000
8 W 0000000000000000
34 W 0000000000000000
21 W 0000000000000000
7 W 0000000000000000
61 W 0000000000000000
14 W 0000000000000000
28 W 0000000000000000
58 W 0000000000000000
14 W 0000000000000000
28 W 0000000000000000
41 W 0000000000000000
20 W 0000000000000000
31 W 0000000000000000
7 W 0000000000000000
63 W 0000000000000000
14 W 0000000000000000
29 W 0000000000000000
12 W 0000000000000000
58 W 0000000000000000
26 W 0000000000000000
54 W 0000000000000000
56 W 0000000000000000
42 W 0000000000000000
51 W 0000000000000000
44 W 0000000000000000
19 W 0000000000000000
60 W 0000000000000000
60 W 0000000000000000
58 W 0000000000000000
63 W 0000000000000000
10 W 0000000000000000
6 W 0000000000000000
11 W 0000000000000000
43 W 0000000000000000
3 W 0000000000000000
38 W 0000000000000000
35 W 0000000000000000
25 W 0000000000000000
44 W 0000000000000000
19 W 0000000000000000
25 W 0000000000000000
46 W 0000000000000000
60 W 0000000000000000
37 W 0000000000000000
7 W 0000000000000000
5 W 0000000000000000
24 W 0000000000000000
58 W 0000000000000000
51 W 0000000000000000
47 W 0000000000000000
53 W 0000000000000000
5 W 0000000000000000
53 W 0000000000000000
31 W 0000000000000000
58 W 0000000000000000
28 W 0000000000000000
24 W 0000000000000000
33 W 0000000000000000
35 W 0000000000000000
63 W 0000000000000000
52 W 0000000000000000
23 W 0000000000000000
12 W 0000000000000000
57 W 0000000000000000
33 W 0000000000000000
37 W 0000000000000000
45 W 0000000000000000
20 W 0000000000000000
32 W 0000000000000000
17 W 0000000000000000
55 W 0000000000000000
17 W 0000000000000000
34 W 0000000000000000
49 W 0000000000000000
53 W 0000000000000000
53 W 0000000000000000
7 W 0000000000000000
27 W 0000000000000000
11 W 0000000000000000
35 W 0000000000000000
48 W 0000000000000000
54 W 0000000000000000
11 W 0000000000000000
37 W 0000000000000000
6 W 0000000000000000
51 W 0000000000000000
44 W 0000000000000000
16 W 0000000000000000
4 W 0000000000000000
53 W 0000000000000000
32 W 0000000000000000
35 W 0000000000000000
26 W 0000000000000000
30 W 0000000000000000
53 W 0000000000000000
14 W 0000000000000000
34 W 0000000000000000
5 W 0000000000000000
48 W 0000000000000000
48 W 0000000000000000
32 W 0000000000000000
38 W 0000000000000000
46 W 0000000000000000
48 W 0000000000000000
53 W 0000000000000000
46 W 0000000000000000
36 W 0000000000000000
