0 R 0000000000000078
0 R 0000000000000000
0 R 000000000000007a
0 R 0000000000000014
0 R 000000000000007c
0 R 0000000000000028
0 R 000000000000007e
0 R 000000000000003c
0 R 0000000000000080
0 R 0000000000000050
0 R 0000000000000082
0 R 0000000000000064
0 R 0000000000000084
0 R 0000000000000078
0 R 0000000000000086
0 R 000000000000008c
0 R 0000000000000088
0 R 00000000000000a0
0 R 000000000000008a
0 R 00000000000000b4
0 W 0000000000000078
1 R 0000000000000078
1 R 0000000000000012
1 R 000000000000007a
1 R 0000000000000026
1 R 000000000000007c
1 R 000000000000003a
1 R 000000000000007e
1 R 000000000000004e
1 R 0000000000000080
1 R 0000000000000062
1 R 0000000000000082
1 R 0000000000000076
1 R 0000000000000084
1 R 000000000000008a
1 R 0000000000000086
1 R 000000000000009e
1 R 0000000000000088
1 R 00000000000000b2
1 R 000000000000008a
1 R 00000000000000c6
1 W 000000000000008a
2 R 0000000000000050
2 R 0000000000000006
2 R 0000000000000052
2 R 000000000000001a
2 R 0000000000000054
2 R 000000000000002e
2 R 0000000000000056
2 R 0000000000000042
2 R 0000000000000058
2 R 0000000000000056
2 R 000000000000005a
2 R 000000000000006a
2 R 000000000000005c
2 R 000000000000007e
2 R 000000000000005e
2 R 0000000000000092
2 R 0000000000000060
2 R 00000000000000a6
2 R 0000000000000062
2 R 00000000000000ba
2 W 0000000000000056
3 R 00000000000000a0
3 R 0000000000000000
3 R 00000000000000a2
3 R 0000000000000014
3 R 00000000000000a4
3 R 0000000000000028
3 R 00000000000000a6
3 R 000000000000003c
3 R 00000000000000a8
3 R 0000000000000050
3 R 00000000000000aa
3 R 0000000000000064
3 R 00000000000000ac
3 R 0000000000000078
3 R 00000000000000ae
3 R 000000000000008c
3 R 00000000000000b0
3 R 00000000000000a0
3 R 00000000000000b2
3 R 00000000000000b4
3 W 00000000000000a0
4 R 00000000000000b4
4 R 000000000000000a
4 R 00000000000000b6
4 R 000000000000001e
4 R 00000000000000b8
4 R 0000000000000032
4 R 00000000000000ba
4 R 0000000000000046
4 R 00000000000000bc
4 R 000000000000005a
4 R 00000000000000be
4 R 000000000000006e
4 R 00000000000000c0
4 R 0000000000000082
4 R 00000000000000c2
4 R 0000000000000096
4 R 00000000000000c4
4 R 00000000000000aa
4 R 00000000000000c6
4 R 00000000000000be
4 W 00000000000000be
5 R 000000000000003c
5 R 0000000000000000
5 R 000000000000003e
5 R 0000000000000014
5 R 0000000000000040
5 R 0000000000000028
5 R 0000000000000042
5 R 000000000000003c
5 R 0000000000000044
5 R 0000000000000050
5 R 0000000000000046
5 R 0000000000000064
5 R 0000000000000048
5 R 0000000000000078
5 R 000000000000004a
5 R 000000000000008c
5 R 000000000000004c
5 R 00000000000000a0
5 R 000000000000004e
5 R 00000000000000b4
5 W 000000000000003c
6 R 0000000000000064
6 R 000000000000000e
6 R 0000000000000066
6 R 0000000000000022
6 R 0000000000000068
6 R 0000000000000036
6 R 000000000000006a
6 R 000000000000004a
6 R 000000000000006c
6 R 000000000000005e
6 R 000000000000006e
6 R 0000000000000072
6 R 0000000000000070
6 R 0000000000000086
6 R 0000000000000072
6 R 000000000000009a
6 R 0000000000000074
6 R 00000000000000ae
6 R 0000000000000076
6 R 00000000000000c2
6 W 0000000000000072
7 R 000000000000008c
7 R 0000000000000002
7 R 000000000000008e
7 R 0000000000000016
7 R 0000000000000090
7 R 000000000000002a
7 R 0000000000000092
7 R 000000000000003e
7 R 0000000000000094
7 R 0000000000000052
7 R 0000000000000096
7 R 0000000000000066
7 R 0000000000000098
7 R 000000000000007a
7 R 000000000000009a
7 R 000000000000008e
7 R 000000000000009c
7 R 00000000000000a2
7 R 000000000000009e
7 R 00000000000000b6
7 W 000000000000008e
8 R 0000000000000028
8 R 0000000000000004
8 R 000000000000002a
8 R 0000000000000018
8 R 000000000000002c
8 R 000000000000002c
8 R 000000000000002e
8 R 0000000000000040
8 R 0000000000000030
8 R 0000000000000054
8 R 0000000000000032
8 R 0000000000000068
8 R 0000000000000034
8 R 000000000000007c
8 R 0000000000000036
8 R 0000000000000090
8 R 0000000000000038
8 R 00000000000000a4
8 R 000000000000003a
8 R 00000000000000b8
8 W 000000000000002c
9 R 00000000000000b4
9 R 0000000000000012
9 R 00000000000000b6
9 R 0000000000000026
9 R 00000000000000b8
9 R 000000000000003a
9 R 00000000000000ba
9 R 000000000000004e
9 R 00000000000000bc
9 R 0000000000000062
9 R 00000000000000be
9 R 0000000000000076
9 R 00000000000000c0
9 R 000000000000008a
9 R 00000000000000c2
9 R 000000000000009e
9 R 00000000000000c4
9 R 00000000000000b2
9 R 00000000000000c6
9 R 00000000000000c6
9 W 00000000000000c6
10 R 0000000000000000
10 R 000000000000000e
10 R 0000000000000002
10 R 0000000000000022
10 R 0000000000000004
10 R 0000000000000036
10 R 0000000000000006
10 R 000000000000004a
10 R 0000000000000008
10 R 000000000000005e
10 R 000000000000000a
10 R 0000000000000072
10 R 000000000000000c
10 R 0000000000000086
10 R 000000000000000e
10 R 000000000000009a
10 R 0000000000000010
10 R 00000000000000ae
10 R 0000000000000012
10 R 00000000000000c2
10 W 000000000000000e
11 R 00000000000000b4
11 R 000000000000000a
11 R 00000000000000b6
11 R 000000000000001e
11 R 00000000000000b8
11 R 0000000000000032
11 R 00000000000000ba
11 R 0000000000000046
11 R 00000000000000bc
11 R 000000000000005a
11 R 00000000000000be
11 R 000000000000006e
11 R 00000000000000c0
11 R 0000000000000082
11 R 00000000000000c2
11 R 0000000000000096
11 R 00000000000000c4
11 R 00000000000000aa
11 R 00000000000000c6
11 R 00000000000000be
11 W 00000000000000be
12 R 0000000000000014
12 R 0000000000000010
12 R 0000000000000016
12 R 0000000000000024
12 R 0000000000000018
12 R 0000000000000038
12 R 000000000000001a
12 R 000000000000004c
12 R 000000000000001c
12 R 0000000000000060
12 R 000000000000001e
12 R 0000000000000074
12 R 0000000000000020
12 R 0000000000000088
12 R 0000000000000022
12 R 000000000000009c
12 R 0000000000000024
12 R 00000000000000b0
12 R 0000000000000026
12 R 00000000000000c4
12 W 0000000000000024
13 R 0000000000000078
13 R 0000000000000010
13 R 000000000000007a
13 R 0000000000000024
13 R 000000000000007c
13 R 0000000000000038
13 R 000000000000007e
13 R 000000000000004c
13 R 0000000000000080
13 R 0000000000000060
13 R 0000000000000082
13 R 0000000000000074
13 R 0000000000000084
13 R 0000000000000088
13 R 0000000000000086
13 R 000000000000009c
13 R 0000000000000088
13 R 00000000000000b0
13 R 000000000000008a
13 R 00000000000000c4
13 W 0000000000000088
14 R 0000000000000000
14 R 0000000000000012
14 R 0000000000000002
14 R 0000000000000026
14 R 0000000000000004
14 R 000000000000003a
14 R 0000000000000006
14 R 000000000000004e
14 R 0000000000000008
14 R 0000000000000062
14 R 000000000000000a
14 R 0000000000000076
14 R 000000000000000c
14 R 000000000000008a
14 R 000000000000000e
14 R 000000000000009e
14 R 0000000000000010
14 R 00000000000000b2
14 R 0000000000000012
14 R 00000000000000c6
14 W 0000000000000012
15 R 0000000000000014
15 R 0000000000000002
15 R 0000000000000016
15 R 0000000000000016
15 R 0000000000000018
15 R 000000000000002a
15 R 000000000000001a
15 R 000000000000003e
15 R 000000000000001c
15 R 0000000000000052
15 R 000000000000001e
15 R 0000000000000066
15 R 0000000000000020
15 R 000000000000007a
15 R 0000000000000022
15 R 000000000000008e
15 R 0000000000000024
15 R 00000000000000a2
15 R 0000000000000026
15 R 00000000000000b6
15 W 0000000000000016
16 R 0000000000000064
16 R 0000000000000002
16 R 0000000000000066
16 R 0000000000000016
16 R 0000000000000068
16 R 000000000000002a
16 R 000000000000006a
16 R 000000000000003e
16 R 000000000000006c
16 R 0000000000000052
16 R 000000000000006e
16 R 0000000000000066
16 R 0000000000000070
16 R 000000000000007a
16 R 0000000000000072
16 R 000000000000008e
16 R 0000000000000074
16 R 00000000000000a2
16 R 0000000000000076
16 R 00000000000000b6
16 W 0000000000000066
17 R 0000000000000064
17 R 0000000000000010
17 R 0000000000000066
17 R 0000000000000024
17 R 0000000000000068
17 R 0000000000000038
17 R 000000000000006a
17 R 000000000000004c
17 R 000000000000006c
17 R 0000000000000060
17 R 000000000000006e
17 R 0000000000000074
17 R 0000000000000070
17 R 0000000000000088
17 R 0000000000000072
17 R 000000000000009c
17 R 0000000000000074
17 R 00000000000000b0
17 R 0000000000000076
17 R 00000000000000c4
17 W 0000000000000074
18 R 0000000000000050
18 R 0000000000000012
18 R 0000000000000052
18 R 0000000000000026
18 R 0000000000000054
18 R 000000000000003a
18 R 0000000000000056
18 R 000000000000004e
18 R 0000000000000058
18 R 0000000000000062
18 R 000000000000005a
18 R 0000000000000076
18 R 000000000000005c
18 R 000000000000008a
18 R 000000000000005e
18 R 000000000000009e
18 R 0000000000000060
18 R 00000000000000b2
18 R 0000000000000062
18 R 00000000000000c6
18 W 0000000000000062
19 R 0000000000000050
19 R 000000000000000a
19 R 0000000000000052
19 R 000000000000001e
19 R 0000000000000054
19 R 0000000000000032
19 R 0000000000000056
19 R 0000000000000046
19 R 0000000000000058
19 R 000000000000005a
19 R 000000000000005a
19 R 000000000000006e
19 R 000000000000005c
19 R 0000000000000082
19 R 000000000000005e
19 R 0000000000000096
19 R 0000000000000060
19 R 00000000000000aa
19 R 0000000000000062
19 R 00000000000000be
19 W 000000000000005a
20 R 0000000000000000
20 R 000000000000000e
20 R 0000000000000002
20 R 0000000000000022
20 R 0000000000000004
20 R 0000000000000036
20 R 0000000000000006
20 R 000000000000004a
20 R 0000000000000008
20 R 000000000000005e
20 R 000000000000000a
20 R 0000000000000072
20 R 000000000000000c
20 R 0000000000000086
20 R 000000000000000e
20 R 000000000000009a
20 R 0000000000000010
20 R 00000000000000ae
20 R 0000000000000012
20 R 00000000000000c2
20 W 000000000000000e
21 R 0000000000000000
21 R 000000000000000c
21 R 0000000000000002
21 R 0000000000000020
21 R 0000000000000004
21 R 0000000000000034
21 R 0000000000000006
21 R 0000000000000048
21 R 0000000000000008
21 R 000000000000005c
21 R 000000000000000a
21 R 0000000000000070
21 R 000000000000000c
21 R 0000000000000084
21 R 000000000000000e
21 R 0000000000000098
21 R 0000000000000010
21 R 00000000000000ac
21 R 0000000000000012
21 R 00000000000000c0
21 W 000000000000000c
22 R 0000000000000014
22 R 0000000000000002
22 R 0000000000000016
22 R 0000000000000016
22 R 0000000000000018
22 R 000000000000002a
22 R 000000000000001a
22 R 000000000000003e
22 R 000000000000001c
22 R 0000000000000052
22 R 000000000000001e
22 R 0000000000000066
22 R 0000000000000020
22 R 000000000000007a
22 R 0000000000000022
22 R 000000000000008e
22 R 0000000000000024
22 R 00000000000000a2
22 R 0000000000000026
22 R 00000000000000b6
22 W 0000000000000016
23 R 0000000000000050
23 R 000000000000000e
23 R 0000000000000052
23 R 0000000000000022
23 R 0000000000000054
23 R 0000000000000036
23 R 0000000000000056
23 R 000000000000004a
23 R 0000000000000058
23 R 000000000000005e
23 R 000000000000005a
23 R 0000000000000072
23 R 000000000000005c
23 R 0000000000000086
23 R 000000000000005e
23 R 000000000000009a
23 R 0000000000000060
23 R 00000000000000ae
23 R 0000000000000062
23 R 00000000000000c2
23 W 000000000000005e
24 R 000000000000003c
24 R 000000000000000e
24 R 000000000000003e
24 R 0000000000000022
24 R 0000000000000040
24 R 0000000000000036
24 R 0000000000000042
24 R 000000000000004a
24 R 0000000000000044
24 R 000000000000005e
24 R 0000000000000046
24 R 0000000000000072
24 R 0000000000000048
24 R 0000000000000086
24 R 000000000000004a
24 R 000000000000009a
24 R 000000000000004c
24 R 00000000000000ae
24 R 000000000000004e
24 R 00000000000000c2
24 W 000000000000004a
25 R 0000000000000000
25 R 0000000000000006
25 R 0000000000000002
25 R 000000000000001a
25 R 0000000000000004
25 R 000000000000002e
25 R 0000000000000006
25 R 0000000000000042
25 R 0000000000000008
25 R 0000000000000056
25 R 000000000000000a
25 R 000000000000006a
25 R 000000000000000c
25 R 000000000000007e
25 R 000000000000000e
25 R 0000000000000092
25 R 0000000000000010
25 R 00000000000000a6
25 R 0000000000000012
25 R 00000000000000ba
25 W 0000000000000006
26 R 0000000000000078
26 R 000000000000000e
26 R 000000000000007a
26 R 0000000000000022
26 R 000000000000007c
26 R 0000000000000036
26 R 000000000000007e
26 R 000000000000004a
26 R 0000000000000080
26 R 000000000000005e
26 R 0000000000000082
26 R 0000000000000072
26 R 0000000000000084
26 R 0000000000000086
26 R 0000000000000086
26 R 000000000000009a
26 R 0000000000000088
26 R 00000000000000ae
26 R 000000000000008a
26 R 00000000000000c2
26 W 0000000000000086
27 R 000000000000008c
27 R 0000000000000000
27 R 000000000000008e
27 R 0000000000000014
27 R 0000000000000090
27 R 0000000000000028
27 R 0000000000000092
27 R 000000000000003c
27 R 0000000000000094
27 R 0000000000000050
27 R 0000000000000096
27 R 0000000000000064
27 R 0000000000000098
27 R 0000000000000078
27 R 000000000000009a
27 R 000000000000008c
27 R 000000000000009c
27 R 00000000000000a0
27 R 000000000000009e
27 R 00000000000000b4
27 W 000000000000008c
28 R 0000000000000014
28 R 000000000000000e
28 R 0000000000000016
28 R 0000000000000022
28 R 0000000000000018
28 R 0000000000000036
28 R 000000000000001a
28 R 000000000000004a
28 R 000000000000001c
28 R 000000000000005e
28 R 000000000000001e
28 R 0000000000000072
28 R 0000000000000020
28 R 0000000000000086
28 R 0000000000000022
28 R 000000000000009a
28 R 0000000000000024
28 R 00000000000000ae
28 R 0000000000000026
28 R 00000000000000c2
28 W 0000000000000022
29 R 0000000000000028
29 R 000000000000000e
29 R 000000000000002a
29 R 0000000000000022
29 R 000000000000002c
29 R 0000000000000036
29 R 000000000000002e
29 R 000000000000004a
29 R 0000000000000030
29 R 000000000000005e
29 R 0000000000000032
29 R 0000000000000072
29 R 0000000000000034
29 R 0000000000000086
29 R 0000000000000036
29 R 000000000000009a
29 R 0000000000000038
29 R 00000000000000ae
29 R 000000000000003a
29 R 00000000000000c2
29 W 0000000000000036
30 R 00000000000000b4
30 R 0000000000000006
30 R 00000000000000b6
30 R 000000000000001a
30 R 00000000000000b8
30 R 000000000000002e
30 R 00000000000000ba
30 R 0000000000000042
30 R 00000000000000bc
30 R 0000000000000056
30 R 00000000000000be
30 R 000000000000006a
30 R 00000000000000c0
30 R 000000000000007e
30 R 00000000000000c2
30 R 0000000000000092
30 R 00000000000000c4
30 R 00000000000000a6
30 R 00000000000000c6
30 R 00000000000000ba
30 W 00000000000000ba
31 R 0000000000000000
31 R 0000000000000012
31 R 0000000000000002
31 R 0000000000000026
31 R 0000000000000004
31 R 000000000000003a
31 R 0000000000000006
31 R 000000000000004e
31 R 0000000000000008
31 R 0000000000000062
31 R 000000000000000a
31 R 0000000000000076
31 R 000000000000000c
31 R 000000000000008a
31 R 000000000000000e
31 R 000000000000009e
31 R 0000000000000010
31 R 00000000000000b2
31 R 0000000000000012
31 R 00000000000000c6
31 W 0000000000000012
32 R 0000000000000028
32 R 0000000000000002
32 R 000000000000002a
32 R 0000000000000016
32 R 000000000000002c
32 R 000000000000002a
32 R 000000000000002e
32 R 000000000000003e
32 R 0000000000000030
32 R 0000000000000052
32 R 0000000000000032
32 R 0000000000000066
32 R 0000000000000034
32 R 000000000000007a
32 R 0000000000000036
32 R 000000000000008e
32 R 0000000000000038
32 R 00000000000000a2
32 R 000000000000003a
32 R 00000000000000b6
32 W 000000000000002a
33 R 0000000000000000
33 R 0000000000000010
33 R 0000000000000002
33 R 0000000000000024
33 R 0000000000000004
33 R 0000000000000038
33 R 0000000000000006
33 R 000000000000004c
33 R 0000000000000008
33 R 0000000000000060
33 R 000000000000000a
33 R 0000000000000074
33 R 000000000000000c
33 R 0000000000000088
33 R 000000000000000e
33 R 000000000000009c
33 R 0000000000000010
33 R 00000000000000b0
33 R 0000000000000012
33 R 00000000000000c4
33 W 0000000000000010
34 R 0000000000000064
34 R 000000000000000e
34 R 0000000000000066
34 R 0000000000000022
34 R 0000000000000068
34 R 0000000000000036
34 R 000000000000006a
34 R 000000000000004a
34 R 000000000000006c
34 R 000000000000005e
34 R 000000000000006e
34 R 0000000000000072
34 R 0000000000000070
34 R 0000000000000086
34 R 0000000000000072
34 R 000000000000009a
34 R 0000000000000074
34 R 00000000000000ae
34 R 0000000000000076
34 R 00000000000000c2
34 W 0000000000000072
35 R 0000000000000014
35 R 0000000000000004
35 R 0000000000000016
35 R 0000000000000018
35 R 0000000000000018
35 R 000000000000002c
35 R 000000000000001a
35 R 0000000000000040
35 R 000000000000001c
35 R 0000000000000054
35 R 000000000000001e
35 R 0000000000000068
35 R 0000000000000020
35 R 000000000000007c
35 R 0000000000000022
35 R 0000000000000090
35 R 0000000000000024
35 R 00000000000000a4
35 R 0000000000000026
35 R 00000000000000b8
35 W 0000000000000018
36 R 0000000000000014
36 R 000000000000000c
36 R 0000000000000016
36 R 0000000000000020
36 R 0000000000000018
36 R 0000000000000034
36 R 000000000000001a
36 R 0000000000000048
36 R 000000000000001c
36 R 000000000000005c
36 R 000000000000001e
36 R 0000000000000070
36 R 0000000000000020
36 R 0000000000000084
36 R 0000000000000022
36 R 0000000000000098
36 R 0000000000000024
36 R 00000000000000ac
36 R 0000000000000026
36 R 00000000000000c0
36 W 0000000000000020
37 R 00000000000000b4
37 R 000000000000000a
37 R 00000000000000b6
37 R 000000000000001e
37 R 00000000000000b8
37 R 0000000000000032
37 R 00000000000000ba
37 R 0000000000000046
37 R 00000000000000bc
37 R 000000000000005a
37 R 00000000000000be
37 R 000000000000006e
37 R 00000000000000c0
37 R 0000000000000082
37 R 00000000000000c2
37 R 0000000000000096
37 R 00000000000000c4
37 R 00000000000000aa
37 R 00000000000000c6
37 R 00000000000000be
37 W 00000000000000be
38 R 0000000000000014
38 R 0000000000000004
38 R 0000000000000016
38 R 0000000000000018
38 R 0000000000000018
38 R 000000000000002c
38 R 000000000000001a
38 R 0000000000000040
38 R 000000000000001c
38 R 0000000000000054
38 R 000000000000001e
38 R 0000000000000068
38 R 0000000000000020
38 R 000000000000007c
38 R 0000000000000022
38 R 0000000000000090
38 R 0000000000000024
38 R 00000000000000a4
38 R 0000000000000026
38 R 00000000000000b8
38 W 0000000000000018
39 R 0000000000000064
39 R 0000000000000012
39 R 0000000000000066
39 R 0000000000000026
39 R 0000000000000068
39 R 000000000000003a
39 R 000000000000006a
39 R 000000000000004e
39 R 000000000000006c
39 R 0000000000000062
39 R 000000000000006e
39 R 0000000000000076
39 R 0000000000000070
39 R 000000000000008a
39 R 0000000000000072
39 R 000000000000009e
39 R 0000000000000074
39 R 00000000000000b2
39 R 0000000000000076
39 R 00000000000000c6
39 W 0000000000000076
40 R 0000000000000050
40 R 0000000000000004
40 R 0000000000000052
40 R 0000000000000018
40 R 0000000000000054
40 R 000000000000002c
40 R 0000000000000056
40 R 0000000000000040
40 R 0000000000000058
40 R 0000000000000054
40 R 000000000000005a
40 R 0000000000000068
40 R 000000000000005c
40 R 000000000000007c
40 R 000000000000005e
40 R 0000000000000090
40 R 0000000000000060
40 R 00000000000000a4
40 R 0000000000000062
40 R 00000000000000b8
40 W 0000000000000054
41 R 00000000000000b4
41 R 000000000000000c
41 R 00000000000000b6
41 R 0000000000000020
41 R 00000000000000b8
41 R 0000000000000034
41 R 00000000000000ba
41 R 0000000000000048
41 R 00000000000000bc
41 R 000000000000005c
41 R 00000000000000be
41 R 0000000000000070
41 R 00000000000000c0
41 R 0000000000000084
41 R 00000000000000c2
41 R 0000000000000098
41 R 00000000000000c4
41 R 00000000000000ac
41 R 00000000000000c6
41 R 00000000000000c0
41 W 00000000000000c0
42 R 00000000000000a0
42 R 0000000000000002
42 R 00000000000000a2
42 R 0000000000000016
42 R 00000000000000a4
42 R 000000000000002a
42 R 00000000000000a6
42 R 000000000000003e
42 R 00000000000000a8
42 R 0000000000000052
42 R 00000000000000aa
42 R 0000000000000066
42 R 00000000000000ac
42 R 000000000000007a
42 R 00000000000000ae
42 R 000000000000008e
42 R 00000000000000b0
42 R 00000000000000a2
42 R 00000000000000b2
42 R 00000000000000b6
42 W 00000000000000a2
43 R 0000000000000014
43 R 0000000000000004
43 R 0000000000000016
43 R 0000000000000018
43 R 0000000000000018
43 R 000000000000002c
43 R 000000000000001a
43 R 0000000000000040
43 R 000000000000001c
43 R 0000000000000054
43 R 000000000000001e
43 R 0000000000000068
43 R 0000000000000020
43 R 000000000000007c
43 R 0000000000000022
43 R 0000000000000090
43 R 0000000000000024
43 R 00000000000000a4
43 R 0000000000000026
43 R 00000000000000b8
43 W 0000000000000018
44 R 0000000000000064
44 R 000000000000000e
44 R 0000000000000066
44 R 0000000000000022
44 R 0000000000000068
44 R 0000000000000036
44 R 000000000000006a
44 R 000000000000004a
44 R 000000000000006c
44 R 000000000000005e
44 R 000000000000006e
44 R 0000000000000072
44 R 0000000000000070
44 R 0000000000000086
44 R 0000000000000072
44 R 000000000000009a
44 R 0000000000000074
44 R 00000000000000ae
44 R 0000000000000076
44 R 00000000000000c2
44 W 0000000000000072
45 R 00000000000000b4
45 R 0000000000000004
45 R 00000000000000b6
45 R 0000000000000018
45 R 00000000000000b8
45 R 000000000000002c
45 R 00000000000000ba
45 R 0000000000000040
45 R 00000000000000bc
45 R 0000000000000054
45 R 00000000000000be
45 R 0000000000000068
45 R 00000000000000c0
45 R 000000000000007c
45 R 00000000000000c2
45 R 0000000000000090
45 R 00000000000000c4
45 R 00000000000000a4
45 R 00000000000000c6
45 R 00000000000000b8
45 W 00000000000000b8
46 R 000000000000003c
46 R 0000000000000012
46 R 000000000000003e
46 R 0000000000000026
46 R 0000000000000040
46 R 000000000000003a
46 R 0000000000000042
46 R 000000000000004e
46 R 0000000000000044
46 R 0000000000000062
46 R 0000000000000046
46 R 0000000000000076
46 R 0000000000000048
46 R 000000000000008a
46 R 000000000000004a
46 R 000000000000009e
46 R 000000000000004c
46 R 00000000000000b2
46 R 000000000000004e
46 R 00000000000000c6
46 W 000000000000004e
47 R 0000000000000028
47 R 0000000000000006
47 R 000000000000002a
47 R 000000000000001a
47 R 000000000000002c
47 R 000000000000002e
47 R 000000000000002e
47 R 0000000000000042
47 R 0000000000000030
47 R 0000000000000056
47 R 0000000000000032
47 R 000000000000006a
47 R 0000000000000034
47 R 000000000000007e
47 R 0000000000000036
47 R 0000000000000092
47 R 0000000000000038
47 R 00000000000000a6
47 R 000000000000003a
47 R 00000000000000ba
47 W 000000000000002e
48 R 000000000000003c
48 R 000000000000000a
48 R 000000000000003e
48 R 000000000000001e
48 R 0000000000000040
48 R 0000000000000032
48 R 0000000000000042
48 R 0000000000000046
48 R 0000000000000044
48 R 000000000000005a
48 R 0000000000000046
48 R 000000000000006e
48 R 0000000000000048
48 R 0000000000000082
48 R 000000000000004a
48 R 0000000000000096
48 R 000000000000004c
48 R 00000000000000aa
48 R 000000000000004e
48 R 00000000000000be
48 W 0000000000000046
49 R 0000000000000000
49 R 0000000000000006
49 R 0000000000000002
49 R 000000000000001a
49 R 0000000000000004
49 R 000000000000002e
49 R 0000000000000006
49 R 0000000000000042
49 R 0000000000000008
49 R 0000000000000056
49 R 000000000000000a
49 R 000000000000006a
49 R 000000000000000c
49 R 000000000000007e
49 R 000000000000000e
49 R 0000000000000092
49 R 0000000000000010
49 R 00000000000000a6
49 R 0000000000000012
49 R 00000000000000ba
49 W 0000000000000006
50 R 0000000000000014
50 R 000000000000000e
50 R 0000000000000016
50 R 0000000000000022
50 R 0000000000000018
50 R 0000000000000036
50 R 000000000000001a
50 R 000000000000004a
50 R 000000000000001c
50 R 000000000000005e
50 R 000000000000001e
50 R 0000000000000072
50 R 0000000000000020
50 R 0000000000000086
50 R 0000000000000022
50 R 000000000000009a
50 R 0000000000000024
50 R 00000000000000ae
50 R 0000000000000026
50 R 00000000000000c2
50 W 0000000000000022
51 R 0000000000000064
51 R 0000000000000010
51 R 0000000000000066
51 R 0000000000000024
51 R 0000000000000068
51 R 0000000000000038
51 R 000000000000006a
51 R 000000000000004c
51 R 000000000000006c
51 R 0000000000000060
51 R 000000000000006e
51 R 0000000000000074
51 R 0000000000000070
51 R 0000000000000088
51 R 0000000000000072
51 R 000000000000009c
51 R 0000000000000074
51 R 00000000000000b0
51 R 0000000000000076
51 R 00000000000000c4
51 W 0000000000000074
52 R 000000000000003c
52 R 000000000000000e
52 R 000000000000003e
52 R 0000000000000022
52 R 0000000000000040
52 R 0000000000000036
52 R 0000000000000042
52 R 000000000000004a
52 R 0000000000000044
52 R 000000000000005e
52 R 0000000000000046
52 R 0000000000000072
52 R 0000000000000048
52 R 0000000000000086
52 R 000000000000004a
52 R 000000000000009a
52 R 000000000000004c
52 R 00000000000000ae
52 R 000000000000004e
52 R 00000000000000c2
52 W 000000000000004a
53 R 00000000000000a0
53 R 0000000000000006
53 R 00000000000000a2
53 R 000000000000001a
53 R 00000000000000a4
53 R 000000000000002e
53 R 00000000000000a6
53 R 0000000000000042
53 R 00000000000000a8
53 R 0000000000000056
53 R 00000000000000aa
53 R 000000000000006a
53 R 00000000000000ac
53 R 000000000000007e
53 R 00000000000000ae
53 R 0000000000000092
53 R 00000000000000b0
53 R 00000000000000a6
53 R 00000000000000b2
53 R 00000000000000ba
53 W 00000000000000a6
54 R 0000000000000014
54 R 000000000000000a
54 R 0000000000000016
54 R 000000000000001e
54 R 0000000000000018
54 R 0000000000000032
54 R 000000000000001a
54 R 0000000000000046
54 R 000000000000001c
54 R 000000000000005a
54 R 000000000000001e
54 R 000000000000006e
54 R 0000000000000020
54 R 0000000000000082
54 R 0000000000000022
54 R 0000000000000096
54 R 0000000000000024
54 R 00000000000000aa
54 R 0000000000000026
54 R 00000000000000be
54 W 000000000000001e
55 R 0000000000000028
55 R 0000000000000004
55 R 000000000000002a
55 R 0000000000000018
55 R 000000000000002c
55 R 000000000000002c
55 R 000000000000002e
55 R 0000000000000040
55 R 0000000000000030
55 R 0000000000000054
55 R 0000000000000032
55 R 0000000000000068
55 R 0000000000000034
55 R 000000000000007c
55 R 0000000000000036
55 R 0000000000000090
55 R 0000000000000038
55 R 00000000000000a4
55 R 000000000000003a
55 R 00000000000000b8
55 W 000000000000002c
56 R 000000000000008c
56 R 000000000000000c
56 R 000000000000008e
56 R 0000000000000020
56 R 0000000000000090
56 R 0000000000000034
56 R 0000000000000092
56 R 0000000000000048
56 R 0000000000000094
56 R 000000000000005c
56 R 0000000000000096
56 R 0000000000000070
56 R 0000000000000098
56 R 0000000000000084
56 R 000000000000009a
56 R 0000000000000098
56 R 000000000000009c
56 R 00000000000000ac
56 R 000000000000009e
56 R 00000000000000c0
56 W 0000000000000098
57 R 0000000000000014
57 R 000000000000000c
57 R 0000000000000016
57 R 0000000000000020
57 R 0000000000000018
57 R 0000000000000034
57 R 000000000000001a
57 R 0000000000000048
57 R 000000000000001c
57 R 000000000000005c
57 R 000000000000001e
57 R 0000000000000070
57 R 0000000000000020
57 R 0000000000000084
57 R 0000000000000022
57 R 0000000000000098
57 R 0000000000000024
57 R 00000000000000ac
57 R 0000000000000026
57 R 00000000000000c0
57 W 0000000000000020
58 R 000000000000003c
58 R 0000000000000004
58 R 000000000000003e
58 R 0000000000000018
58 R 0000000000000040
58 R 000000000000002c
58 R 0000000000000042
58 R 0000000000000040
58 R 0000000000000044
58 R 0000000000000054
58 R 0000000000000046
58 R 0000000000000068
58 R 0000000000000048
58 R 000000000000007c
58 R 000000000000004a
58 R 0000000000000090
58 R 000000000000004c
58 R 00000000000000a4
58 R 000000000000004e
58 R 00000000000000b8
58 W 0000000000000040
59 R 0000000000000050
59 R 0000000000000000
59 R 0000000000000052
59 R 0000000000000014
59 R 0000000000000054
59 R 0000000000000028
59 R 0000000000000056
59 R 000000000000003c
59 R 0000000000000058
59 R 0000000000000050
59 R 000000000000005a
59 R 0000000000000064
59 R 000000000000005c
59 R 0000000000000078
59 R 000000000000005e
59 R 000000000000008c
59 R 0000000000000060
59 R 00000000000000a0
59 R 0000000000000062
59 R 00000000000000b4
59 W 0000000000000050
60 R 0000000000000014
60 R 0000000000000008
60 R 0000000000000016
60 R 000000000000001c
60 R 0000000000000018
60 R 0000000000000030
60 R 000000000000001a
60 R 0000000000000044
60 R 000000000000001c
60 R 0000000000000058
60 R 000000000000001e
60 R 000000000000006c
60 R 0000000000000020
60 R 0000000000000080
60 R 0000000000000022
60 R 0000000000000094
60 R 0000000000000024
60 R 00000000000000a8
60 R 0000000000000026
60 R 00000000000000bc
60 W 000000000000001c
61 R 0000000000000014
61 R 000000000000000e
61 R 0000000000000016
61 R 0000000000000022
61 R 0000000000000018
61 R 0000000000000036
61 R 000000000000001a
61 R 000000000000004a
61 R 000000000000001c
61 R 000000000000005e
61 R 000000000000001e
61 R 0000000000000072
61 R 0000000000000020
61 R 0000000000000086
61 R 0000000000000022
61 R 000000000000009a
61 R 0000000000000024
61 R 00000000000000ae
61 R 0000000000000026
61 R 00000000000000c2
61 W 0000000000000022
62 R 00000000000000b4
62 R 0000000000000010
62 R 00000000000000b6
62 R 0000000000000024
62 R 00000000000000b8
62 R 0000000000000038
62 R 00000000000000ba
62 R 000000000000004c
62 R 00000000000000bc
62 R 0000000000000060
62 R 00000000000000be
62 R 0000000000000074
62 R 00000000000000c0
62 R 0000000000000088
62 R 00000000000000c2
62 R 000000000000009c
62 R 00000000000000c4
62 R 00000000000000b0
62 R 00000000000000c6
62 R 00000000000000c4
62 W 00000000000000c4
63 R 0000000000000078
63 R 0000000000000002
63 R 000000000000007a
63 R 0000000000000016
63 R 000000000000007c
63 R 000000000000002a
63 R 000000000000007e
63 R 000000000000003e
63 R 0000000000000080
63 R 0000000000000052
63 R 0000000000000082
63 R 0000000000000066
63 R 0000000000000084
63 R 000000000000007a
63 R 0000000000000086
63 R 000000000000008e
63 R 0000000000000088
63 R 00000000000000a2
63 R 000000000000008a
63 R 00000000000000b6
63 W 000000000000007a
