80 W 0000000000000008
226 W 0000000000000009
218 W 0000000000000000
71 R 0000000000000002
139 R 0000000000000004
104 W 0000000000000002
186 W 0000000000000002
49 R 0000000000000007
231 R 0000000000000008
252 W 0000000000000000
106 W 0000000000000004
190 W 0000000000000002
40 W 0000000000000009
252 W 0000000000000000
66 W 0000000000000006
125 R 0000000000000001
171 R 0000000000000004
157 R 0000000000000009
209 R 0000000000000009
37 R 0000000000000001
4 W 0000000000000006
179 R 0000000000000006
9 R 0000000000000007
245 R 0000000000000004
117 R 0000000000000001
22 W 0000000000000007
105 R 0000000000000001
87 R 0000000000000002
1 R 0000000000000003
182 W 0000000000000005
43 R 0000000000000003
190 W 0000000000000003
2 W 0000000000000001
16 W 0000000000000005
142 W 0000000000000003
130 W 0000000000000003
186 W 0000000000000007
218 W 0000000000000007
181 R 0000000000000003
193 R 0000000000000005
43 R 0000000000000004
26 W 0000000000000007
86 W 0000000000000005
211 R 0000000000000003
41 R 0000000000000003
85 R 0000000000000009
117 R 0000000000000005
176 W 0000000000000000
55 R 0000000000000003
5 R 0000000000000000
235 R 0000000000000003
165 R 0000000000000007
145 R 0000000000000009
25 R 0000000000000004
193 R 0000000000000001
79 R 0000000000000009
185 R 0000000000000006
166 W 0000000000000008
248 W 0000000000000005
41 R 0000000000000007
240 W 0000000000000002
251 R 0000000000000000
39 R 0000000000000006
55 R 0000000000000007
139 R 0000000000000008
192 W 0000000000000002
125 R 0000000000000001
52 W 0000000000000001
241 R 0000000000000004
101 R 0000000000000007
148 W 0000000000000001
237 R 0000000000000001
195 R 0000000000000002
186 W 0000000000000001
184 W 0000000000000005
191 R 0000000000000000
17 R 0000000000000001
81 R 0000000000000001
204 W 0000000000000006
134 W 0000000000000003
29 R 0000000000000006
43 R 0000000000000007
9 R 0000000000000006
136 W 0000000000000004
20 W 0000000000000000
35 R 0000000000000000
100 W 0000000000000003
203 R 0000000000000008
24 W 0000000000000002
32 W 0000000000000008
110 W 0000000000000004
97 R 0000000000000000
248 W 0000000000000004
0 W 0000000000000001
243 R 0000000000000003
11 R 0000000000000004
49 R 0000000000000004
21 R 0000000000000004
93 R 0000000000000006
17 R 0000000000000003
125 R 0000000000000007
24 W 0000000000000001
43 R 0000000000000007
165 R 0000000000000001
227 R 0000000000000005
134 W 0000000000000004
88 W 0000000000000002
12 W 0000000000000004
45 R 0000000000000009
43 R 0000000000000000
136 W 0000000000000008
209 R 0000000000000005
141 R 0000000000000006
209 R 0000000000000007
122 W 0000000000000005
55 R 0000000000000006
62 W 0000000000000003
212 W 0000000000000009
49 R 0000000000000008
140 W 0000000000000006
9 R 0000000000000009
98 W 0000000000000005
227 R 0000000000000000
133 R 0000000000000000
20 W 0000000000000007
149 R 0000000000000006
204 W 0000000000000007
35 R 0000000000000008
186 W 0000000000000007
44 W 0000000000000007
131 R 0000000000000001
25 R 0000000000000008
144 W 0000000000000000
54 W 0000000000000004
55 R 0000000000000004
222 W 0000000000000004
240 W 0000000000000000
93 R 0000000000000001
78 W 0000000000000000
133 R 0000000000000003
196 W 0000000000000002
226 W 0000000000000009
149 R 0000000000000005
194 W 0000000000000003
244 W 0000000000000003
57 R 0000000000000005
217 R 0000000000000002
117 R 0000000000000003
125 R 0000000000000003
99 R 0000000000000005
110 W 0000000000000000
116 W 0000000000000004
221 R 0000000000000004
15 R 0000000000000009
19 R 0000000000000004
49 R 0000000000000005
119 R 0000000000000004
215 R 0000000000000006
101 R 0000000000000006
4 W 0000000000000002
218 W 0000000000000003
243 R 0000000000000007
47 R 0000000000000006
107 R 0000000000000002
115 R 0000000000000007
45 R 0000000000000008
128 W 0000000000000001
32 W 0000000000000007
89 R 0000000000000003
59 R 0000000000000004
73 R 0000000000000001
50 W 0000000000000005
55 R 0000000000000007
150 W 0000000000000002
162 W 0000000000000008
187 R 0000000000000006
209 R 0000000000000009
25 R 0000000000000005
97 R 0000000000000009
43 R 0000000000000001
100 W 0000000000000003
129 R 0000000000000003
61 R 0000000000000001
73 R 0000000000000005
217 R 0000000000000003
185 R 0000000000000000
82 W 0000000000000007
221 R 0000000000000008
63 R 0000000000000000
188 W 0000000000000007
43 R 0000000000000006
149 R 0000000000000006
146 W 0000000000000000
124 W 0000000000000000
121 R 0000000000000002
111 R 0000000000000008
99 R 0000000000000008
58 W 0000000000000004
195 R 0000000000000004
133 R 0000000000000003
19 R 0000000000000007
15 R 0000000000000009
125 R 0000000000000008
223 R 0000000000000002
180 W 0000000000000001
52 W 0000000000000009
47 R 0000000000000006
140 W 0000000000000006
229 R 0000000000000003
124 W 0000000000000008
86 W 0000000000000006
71 R 0000000000000005
67 R 0000000000000005
60 W 0000000000000004
80 W 0000000000000006
116 W 0000000000000000
203 R 0000000000000008
23 R 0000000000000006
232 W 0000000000000005
41 R 0000000000000005
36 W 0000000000000001
49 R 0000000000000008
254 W 0000000000000008
186 W 0000000000000009
55 R 0000000000000003
198 W 0000000000000008
140 W 0000000000000004
177 R 0000000000000006
236 W 0000000000000004
134 W 0000000000000002
219 R 0000000000000003
207 R 0000000000000008
228 W 0000000000000002
189 R 0000000000000002
212 W 0000000000000008
31 R 0000000000000009
23 R 0000000000000009
131 R 0000000000000002
118 W 0000000000000003
113 R 0000000000000002
0 W 0000000000000008
173 R 0000000000000001
46 W 0000000000000009
77 R 0000000000000003
251 R 0000000000000004
118 W 0000000000000005
223 R 0000000000000008
227 R 0000000000000007
58 W 0000000000000005
47 R 0000000000000009
214 W 0000000000000003
144 W 0000000000000007
78 W 0000000000000002
46 W 0000000000000006
123 R 0000000000000001
138 W 0000000000000002
225 R 0000000000000008
145 R 0000000000000008
67 R 0000000000000000
170 W 0000000000000005
124 W 0000000000000008
102 W 0000000000000002
105 R 0000000000000002
5 R 0000000000000003
107 R 0000000000000009
75 R 0000000000000004
176 W 0000000000000005
201 R 0000000000000000
196 W 0000000000000003
115 R 0000000000000005
76 W 0000000000000001
203 R 0000000000000008
31 R 0000000000000009
84 W 0000000000000006
239 R 0000000000000007
52 W 0000000000000007
216 W 0000000000000005
40 W 0000000000000007
161 R 0000000000000009
6 W 0000000000000005
81 R 0000000000000009
202 W 0000000000000003
136 W 0000000000000009
102 W 0000000000000009
222 W 0000000000000000
34 W 0000000000000008
34 W 0000000000000004
1 R 0000000000000004
149 R 0000000000000008
217 R 0000000000000008
130 W 0000000000000003
13 R 0000000000000006
210 W 0000000000000002
113 R 0000000000000004
120 W 0000000000000006
129 R 0000000000000009
103 R 0000000000000009
103 R 0000000000000005
16 W 0000000000000000
172 W 0000000000000004
116 W 0000000000000006
250 W 0000000000000008
134 W 0000000000000001
246 W 0000000000000008
142 W 0000000000000000
102 W 0000000000000005
24 W 0000000000000008
75 R 0000000000000000
51 R 0000000000000002
172 W 0000000000000007
9 R 0000000000000002
195 R 0000000000000002
33 R 0000000000000000
24 W 0000000000000008
253 R 0000000000000005
169 R 0000000000000005
229 R 0000000000000002
158 W 0000000000000005
151 R 0000000000000007
197 R 0000000000000001
142 W 0000000000000008
73 R 0000000000000000
8 W 0000000000000002
40 W 0000000000000001
224 W 0000000000000002
224 W 0000000000000000
244 W 0000000000000008
139 R 0000000000000009
154 W 0000000000000007
81 R 0000000000000007
15 R 0000000000000002
91 R 0000000000000003
106 W 0000000000000001
149 R 0000000000000004
158 W 0000000000000004
134 W 0000000000000008
88 W 0000000000000004
183 R 0000000000000003
206 W 0000000000000008
243 R 0000000000000009
61 R 0000000000000002
13 R 0000000000000004
52 W 0000000000000008
172 W 0000000000000005
84 W 0000000000000005
173 R 0000000000000008
244 W 0000000000000006
76 W 0000000000000004
151 R 0000000000000008
68 W 0000000000000004
81 R 0000000000000007
244 W 0000000000000005
65 R 0000000000000004
126 W 0000000000000002
102 W 0000000000000007
202 W 0000000000000004
136 W 0000000000000003
235 R 0000000000000001
44 W 0000000000000000
229 R 0000000000000009
124 W 0000000000000004
87 R 0000000000000003
206 W 0000000000000001
143 R 0000000000000007
24 W 0000000000000009
43 R 0000000000000008
204 W 0000000000000004
137 R 0000000000000006
234 W 0000000000000009
56 W 0000000000000009
35 R 0000000000000006
185 R 0000000000000000
145 R 0000000000000007
193 R 0000000000000007
84 W 0000000000000000
159 R 0000000000000001
102 W 0000000000000009
204 W 0000000000000003
23 R 0000000000000003
249 R 0000000000000009
49 R 0000000000000006
23 R 0000000000000001
32 W 0000000000000009
76 W 0000000000000000
30 W 0000000000000005
178 W 0000000000000006
56 W 0000000000000001
71 R 0000000000000001
197 R 0000000000000001
192 W 0000000000000004
86 W 0000000000000009
75 R 0000000000000007
213 R 0000000000000000
99 R 0000000000000009
132 W 0000000000000006
163 R 0000000000000002
48 W 0000000000000003
12 W 0000000000000002
120 W 0000000000000009
84 W 0000000000000001
229 R 0000000000000002
115 R 0000000000000000
148 W 0000000000000007
152 W 0000000000000007
241 R 0000000000000009
225 R 0000000000000005
40 W 0000000000000002
86 W 0000000000000007
1 R 0000000000000003
163 R 0000000000000005
176 W 0000000000000008
197 R 0000000000000009
141 R 0000000000000002
214 W 0000000000000002
164 W 0000000000000002
223 R 0000000000000000
10 W 0000000000000001
141 R 0000000000000001
140 W 0000000000000002
91 R 0000000000000005
145 R 0000000000000003
154 W 0000000000000004
54 W 0000000000000008
168 W 0000000000000001
224 W 0000000000000004
163 R 0000000000000008
86 W 0000000000000000
225 R 0000000000000003
180 W 0000000000000002
131 R 0000000000000008
193 R 0000000000000008
144 W 0000000000000002
12 W 0000000000000004
240 W 0000000000000008
244 W 0000000000000006
191 R 0000000000000007
17 R 0000000000000000
162 W 0000000000000009
70 W 0000000000000001
56 W 0000000000000007
190 W 0000000000000003
67 R 0000000000000004
166 W 0000000000000004
154 W 0000000000000001
73 R 0000000000000007
218 W 0000000000000004
99 R 0000000000000007
160 W 0000000000000000
61 R 0000000000000008
135 R 0000000000000001
249 R 0000000000000006
171 R 0000000000000002
166 W 0000000000000001
238 W 0000000000000000
202 W 0000000000000008
225 R 0000000000000004
60 W 0000000000000003
17 R 0000000000000004
96 W 0000000000000007
220 W 0000000000000008
83 R 0000000000000003
158 W 0000000000000004
142 W 0000000000000001
237 R 0000000000000003
76 W 0000000000000005
79 R 0000000000000006
17 R 0000000000000009
134 W 0000000000000009
243 R 0000000000000001
237 R 0000000000000005
124 W 0000000000000000
54 W 0000000000000001
120 W 0000000000000007
42 W 0000000000000004
255 R 0000000000000006
4 W 0000000000000008
25 R 0000000000000006
206 W 0000000000000005
204 W 0000000000000007
138 W 0000000000000003
184 W 0000000000000005
101 R 0000000000000001
85 R 0000000000000000
163 R 0000000000000004
164 W 0000000000000000
67 R 0000000000000001
0 W 0000000000000002
140 W 0000000000000001
65 R 0000000000000007
61 R 0000000000000000
187 R 0000000000000004
100 W 0000000000000003
22 W 0000000000000002
197 R 0000000000000004
209 R 0000000000000007
48 W 0000000000000008
104 W 0000000000000000
23 R 0000000000000000
95 R 0000000000000006
221 R 0000000000000009
187 R 0000000000000006
252 W 0000000000000004
243 R 0000000000000006
248 W 0000000000000009
115 R 0000000000000009
223 R 0000000000000002
237 R 0000000000000006
30 W 0000000000000000
189 R 0000000000000005
67 R 0000000000000009
203 R 0000000000000006
7 R 0000000000000004
19 R 0000000000000008
140 W 0000000000000000
245 R 0000000000000009
239 R 0000000000000001
91 R 0000000000000002
37 R 0000000000000005
197 R 0000000000000003
206 W 0000000000000008
144 W 0000000000000001
166 W 0000000000000001
109 R 0000000000000001
231 R 0000000000000003
211 R 0000000000000000
174 W 0000000000000008
195 R 0000000000000008
171 R 0000000000000005
197 R 0000000000000004
69 R 0000000000000004
243 R 0000000000000006
51 R 0000000000000006
199 R 0000000000000008
113 R 0000000000000009
204 W 0000000000000006
112 W 0000000000000003
227 R 0000000000000008
88 W 0000000000000001
121 R 0000000000000007
10 W 0000000000000005
0 W 0000000000000007
160 W 0000000000000000
131 R 0000000000000008
109 R 0000000000000004
47 R 0000000000000002
207 R 0000000000000001
188 W 0000000000000004
152 W 0000000000000007
31 R 0000000000000000
82 W 0000000000000004
129 R 0000000000000003
78 W 0000000000000003
211 R 0000000000000005
248 W 0000000000000007
233 R 0000000000000005
97 R 0000000000000009
158 W 0000000000000007
116 W 0000000000000006
53 R 0000000000000003
17 R 0000000000000000
68 W 0000000000000007
242 W 0000000000000003
71 R 0000000000000009
110 W 0000000000000009
49 R 0000000000000003
46 W 0000000000000002
98 W 0000000000000000
59 R 0000000000000007
74 W 0000000000000004
84 W 0000000000000007
72 W 0000000000000000
183 R 0000000000000009
106 W 0000000000000008
8 W 0000000000000001
140 W 0000000000000008
132 W 0000000000000004
200 W 0000000000000004
35 R 0000000000000005
252 W 0000000000000002
22 W 0000000000000001
122 W 0000000000000006
105 R 0000000000000002
192 W 0000000000000001
153 R 0000000000000007
19 R 0000000000000002
12 W 0000000000000002
32 W 0000000000000004
174 W 0000000000000006
1 R 0000000000000003
34 W 0000000000000008
223 R 0000000000000007
128 W 0000000000000004
123 R 0000000000000000
86 W 0000000000000007
91 R 0000000000000009
38 W 0000000000000008
52 W 0000000000000005
49 R 0000000000000008
180 W 0000000000000007
228 W 0000000000000006
129 R 0000000000000001
129 R 0000000000000000
26 W 0000000000000006
222 W 0000000000000002
255 R 0000000000000009
160 W 0000000000000004
166 W 0000000000000000
173 R 0000000000000002
38 W 0000000000000001
225 R 0000000000000008
118 W 0000000000000000
202 W 0000000000000000
91 R 0000000000000005
17 R 0000000000000008
228 W 0000000000000004
253 R 0000000000000003
174 W 0000000000000002
94 W 0000000000000004
154 W 0000000000000006
71 R 0000000000000004
74 W 0000000000000005
125 R 0000000000000002
229 R 0000000000000004
245 R 0000000000000007
224 W 0000000000000006
97 R 0000000000000002
27 R 0000000000000004
38 W 0000000000000000
35 R 0000000000000005
51 R 0000000000000008
95 R 0000000000000001
48 W 0000000000000001
165 R 0000000000000006
177 R 0000000000000008
113 R 0000000000000006
122 W 0000000000000004
43 R 0000000000000003
208 W 0000000000000002
72 W 0000000000000003
215 R 0000000000000008
242 W 0000000000000004
245 R 0000000000000002
79 R 0000000000000006
197 R 0000000000000000
68 W 0000000000000006
239 R 0000000000000000
145 R 0000000000000001
148 W 0000000000000005
4 W 0000000000000000
194 W 0000000000000001
175 R 0000000000000003
236 W 0000000000000002
12 W 0000000000000002
112 W 0000000000000008
110 W 0000000000000006
199 R 0000000000000001
32 W 0000000000000009
18 W 0000000000000007
33 R 0000000000000003
80 W 0000000000000006
115 R 0000000000000008
127 R 0000000000000001
137 R 0000000000000006
25 R 0000000000000001
191 R 0000000000000002
172 W 0000000000000002
132 W 0000000000000002
57 R 0000000000000008
61 R 0000000000000005
176 W 0000000000000004
60 W 0000000000000009
72 W 0000000000000000
230 W 0000000000000005
110 W 0000000000000008
83 R 0000000000000009
57 R 0000000000000008
124 W 0000000000000008
142 W 0000000000000007
175 R 0000000000000003
240 W 0000000000000000
229 R 0000000000000005
42 W 0000000000000000
230 W 0000000000000009
62 W 0000000000000004
128 W 0000000000000007
51 R 0000000000000004
128 W 0000000000000007
140 W 0000000000000004
84 W 0000000000000002
26 W 0000000000000004
92 W 0000000000000008
99 R 0000000000000003
245 R 0000000000000006
139 R 0000000000000006
197 R 0000000000000006
85 R 0000000000000009
251 R 0000000000000007
185 R 0000000000000001
28 W 0000000000000007
241 R 0000000000000002
187 R 0000000000000002
151 R 0000000000000009
151 R 0000000000000001
108 W 0000000000000002
174 W 0000000000000009
137 R 0000000000000008
27 R 0000000000000009
58 W 0000000000000003
178 W 0000000000000006
154 W 0000000000000007
166 W 0000000000000006
222 W 0000000000000006
116 W 0000000000000003
90 W 0000000000000005
146 W 0000000000000001
58 W 0000000000000006
138 W 0000000000000003
165 R 0000000000000006
28 W 0000000000000004
159 R 0000000000000002
50 W 0000000000000001
29 R 0000000000000003
193 R 0000000000000000
111 R 0000000000000007
217 R 0000000000000008
192 W 0000000000000006
126 W 0000000000000008
70 W 0000000000000004
12 W 0000000000000008
232 W 0000000000000004
43 R 0000000000000005
146 W 0000000000000003
25 R 0000000000000001
170 W 0000000000000007
173 R 0000000000000004
56 W 0000000000000003
170 W 0000000000000004
217 R 0000000000000001
198 W 0000000000000002
192 W 0000000000000007
197 R 0000000000000009
23 R 0000000000000007
33 R 0000000000000004
148 W 0000000000000006
131 R 0000000000000002
232 W 0000000000000001
212 W 0000000000000009
102 W 0000000000000006
197 R 0000000000000000
226 W 0000000000000005
61 R 0000000000000004
191 R 0000000000000007
27 R 0000000000000003
95 R 0000000000000007
213 R 0000000000000009
28 W 0000000000000007
131 R 0000000000000001
163 R 0000000000000000
62 W 0000000000000003
61 R 0000000000000000
231 R 0000000000000002
214 W 0000000000000005
114 W 0000000000000004
68 W 0000000000000003
107 R 0000000000000002
149 R 0000000000000007
234 W 0000000000000002
177 R 0000000000000003
148 W 0000000000000007
68 W 0000000000000001
153 R 0000000000000008
159 R 0000000000000006
48 W 0000000000000009
88 W 0000000000000003
195 R 0000000000000002
28 W 0000000000000001
66 W 0000000000000002
14 W 0000000000000000
46 W 0000000000000005
131 R 0000000000000004
57 R 0000000000000001
167 R 0000000000000001
82 W 0000000000000008
170 W 0000000000000003
8 W 0000000000000004
228 W 0000000000000005
75 R 0000000000000005
146 W 0000000000000001
176 W 0000000000000005
158 W 0000000000000005
14 W 0000000000000005
125 R 0000000000000004
110 W 0000000000000001
169 R 0000000000000002
149 R 0000000000000005
37 R 0000000000000005
24 W 0000000000000001
217 R 0000000000000002
79 R 0000000000000008
177 R 0000000000000007
142 W 0000000000000009
28 W 0000000000000007
50 W 0000000000000009
47 R 0000000000000004
80 W 0000000000000005
96 W 0000000000000009
181 R 0000000000000003
236 W 0000000000000000
228 W 0000000000000001
218 W 0000000000000000
204 W 0000000000000004
138 W 0000000000000004
63 R 0000000000000002
34 W 0000000000000004
178 W 0000000000000009
27 R 0000000000000005
99 R 0000000000000005
125 R 0000000000000001
75 R 0000000000000006
41 R 0000000000000007
140 W 0000000000000005
42 W 0000000000000004
133 R 0000000000000001
150 W 0000000000000002
246 W 0000000000000004
237 R 0000000000000005
9 R 0000000000000006
76 W 0000000000000008
252 W 0000000000000001
236 W 0000000000000005
12 W 0000000000000009
151 R 0000000000000009
225 R 0000000000000009
124 W 0000000000000002
157 R 0000000000000008
184 W 0000000000000003
44 W 0000000000000006
93 R 0000000000000003
45 R 0000000000000001
222 W 0000000000000008
226 W 0000000000000006
94 W 0000000000000009
87 R 0000000000000001
66 W 0000000000000009
197 R 0000000000000007
148 W 0000000000000006
133 R 0000000000000005
195 R 0000000000000008
189 R 0000000000000004
131 R 0000000000000004
113 R 0000000000000002
190 W 0000000000000009
175 R 0000000000000001
75 R 0000000000000001
166 W 0000000000000001
65 R 0000000000000007
0 W 0000000000000001
143 R 0000000000000006
100 W 0000000000000002
128 W 0000000000000007
1 R 0000000000000004
117 R 0000000000000007
50 W 0000000000000008
156 W 0000000000000004
92 W 0000000000000007
110 W 0000000000000000
98 W 0000000000000006
108 W 0000000000000001
147 R 0000000000000000
57 R 0000000000000008
143 R 0000000000000006
149 R 0000000000000007
48 W 0000000000000007
156 W 0000000000000000
119 R 0000000000000008
77 R 0000000000000003
231 R 0000000000000002
143 R 0000000000000003
100 W 0000000000000001
97 R 0000000000000002
242 W 0000000000000005
6 W 0000000000000001
47 R 0000000000000003
82 W 0000000000000003
232 W 0000000000000005
132 W 0000000000000007
221 R 0000000000000004
215 R 0000000000000003
245 R 0000000000000006
207 R 0000000000000002
70 W 0000000000000007
144 W 0000000000000000
76 W 0000000000000007
83 R 0000000000000001
118 W 0000000000000002
86 W 0000000000000005
181 R 0000000000000009
206 W 0000000000000004
148 W 0000000000000006
167 R 0000000000000009
132 W 0000000000000002
244 W 0000000000000007
47 R 0000000000000004
59 R 0000000000000005
207 R 0000000000000004
55 R 0000000000000008
124 W 0000000000000006
161 R 0000000000000005
42 W 0000000000000006
108 W 0000000000000009
28 W 0000000000000007
178 W 0000000000000006
217 R 0000000000000004
49 R 0000000000000005
7 R 0000000000000001
165 R 0000000000000006
202 W 0000000000000003
175 R 0000000000000006
38 W 0000000000000002
117 R 0000000000000002
218 W 0000000000000004
237 R 0000000000000003
158 W 0000000000000006
231 R 0000000000000003
113 R 0000000000000002
138 W 0000000000000009
35 R 0000000000000001
173 R 0000000000000004
41 R 0000000000000002
130 W 0000000000000004
41 R 0000000000000006
200 W 0000000000000000
58 W 0000000000000005
202 W 0000000000000002
201 R 0000000000000003
52 W 0000000000000003
185 R 0000000000000007
79 R 0000000000000008
103 R 0000000000000008
173 R 0000000000000008
141 R 0000000000000000
55 R 0000000000000003
214 W 0000000000000003
37 R 0000000000000007
50 W 0000000000000000
165 R 0000000000000006
129 R 0000000000000002
207 R 0000000000000009
172 W 0000000000000003
126 W 0000000000000005
14 W 0000000000000000
177 R 0000000000000009
44 W 0000000000000004
15 R 0000000000000002
43 R 0000000000000000
154 W 0000000000000006
105 R 0000000000000007
33 R 0000000000000005
157 R 0000000000000006
19 R 0000000000000006
133 R 0000000000000004
114 W 0000000000000002
185 R 0000000000000007
185 R 0000000000000006
182 W 0000000000000006
43 R 0000000000000001
89 R 0000000000000005
130 W 0000000000000009
129 R 0000000000000002
88 W 0000000000000008
141 R 0000000000000001
254 W 0000000000000003
169 R 0000000000000007
67 R 0000000000000007
162 W 0000000000000008
118 W 0000000000000009
41 R 0000000000000003
220 W 0000000000000003
105 R 0000000000000004
184 W 0000000000000004
32 W 0000000000000002
66 W 0000000000000000
1 R 0000000000000001
29 R 0000000000000007
189 R 0000000000000005
102 W 0000000000000002
126 W 0000000000000008
191 R 0000000000000003
251 R 0000000000000002
61 R 0000000000000000
250 W 0000000000000003
24 W 0000000000000003
225 R 0000000000000008
66 W 0000000000000007
186 W 0000000000000007
25 R 0000000000000008
172 W 0000000000000009
93 R 0000000000000009
242 W 0000000000000000
168 W 0000000000000007
16 W 0000000000000002
16 W 0000000000000003
254 W 0000000000000009
229 R 0000000000000003
203 R 0000000000000003
43 R 0000000000000004
139 R 0000000000000009
174 W 0000000000000007
185 R 0000000000000006
34 W 0000000000000004
152 W 0000000000000000
116 W 0000000000000005
143 R 0000000000000000
0 W 0000000000000001
141 R 0000000000000008
216 W 0000000000000008
117 R 0000000000000009
90 W 0000000000000004
32 W 0000000000000008
35 R 0000000000000008
68 W 0000000000000005
81 R 0000000000000007
95 R 0000000000000003
237 R 0000000000000003
192 W 0000000000000003
50 W 0000000000000001
125 R 0000000000000001
83 R 0000000000000008
236 W 0000000000000008
189 R 0000000000000002
73 R 0000000000000006
65 R 0000000000000000
40 W 0000000000000002
26 W 0000000000000002
214 W 0000000000000008
24 W 0000000000000000
25 R 0000000000000009
41 R 0000000000000003
5 R 0000000000000002
184 W 0000000000000007
120 W 0000000000000001
194 W 0000000000000000
125 R 0000000000000006
105 R 0000000000000001
39 R 0000000000000001
78 W 0000000000000002
44 W 0000000000000004
1 R 0000000000000002
153 R 0000000000000009
194 W 0000000000000004
221 R 0000000000000004
208 W 0000000000000002
148 W 0000000000000001
98 W 0000000000000001
185 R 0000000000000000
51 R 0000000000000006
214 W 0000000000000001
99 R 0000000000000001
49 R 0000000000000007
36 W 0000000000000001
233 R 0000000000000009
238 W 0000000000000009
175 R 0000000000000002
178 W 0000000000000000
126 W 0000000000000002
1 R 0000000000000008
112 W 0000000000000004
48 W 0000000000000004
125 R 0000000000000004
149 R 0000000000000008
254 W 0000000000000009
252 W 0000000000000007
99 R 0000000000000001
72 W 0000000000000007
165 R 0000000000000007
65 R 0000000000000004
78 W 0000000000000009
6 W 0000000000000005
149 R 0000000000000004
127 R 0000000000000001
46 W 0000000000000004
29 R 0000000000000006
152 W 0000000000000003
107 R 0000000000000005
203 R 0000000000000000
154 W 0000000000000004
214 W 0000000000000007
194 W 0000000000000008
62 W 0000000000000000
68 W 0000000000000006
49 R 0000000000000009
43 R 0000000000000008
159 R 0000000000000002
50 W 0000000000000006
165 R 0000000000000002
155 R 0000000000000003
46 W 0000000000000004
188 W 0000000000000000
51 R 0000000000000001
139 R 0000000000000005
112 W 0000000000000006
26 W 0000000000000001
70 W 0000000000000009
205 R 0000000000000007
0 W 0000000000000001
95 R 0000000000000009
136 W 0000000000000008
92 W 0000000000000002
165 R 0000000000000001
180 W 0000000000000000
220 W 0000000000000004
158 W 0000000000000008
240 W 0000000000000001
54 W 0000000000000005
181 R 0000000000000001
248 W 0000000000000003
217 R 0000000000000001
10 W 0000000000000004
162 W 0000000000000001
137 R 0000000000000005
166 W 0000000000000006
196 W 0000000000000005
233 R 0000000000000006
63 R 0000000000000001
196 W 0000000000000006
69 R 0000000000000003
38 W 0000000000000004
97 R 0000000000000008
241 R 0000000000000006
13 R 0000000000000009
234 W 0000000000000009
179 R 0000000000000004
202 W 0000000000000001
188 W 0000000000000009
128 W 0000000000000007
59 R 0000000000000002
1 R 0000000000000002
39 R 0000000000000008
72 W 0000000000000007
11 R 0000000000000006
109 R 0000000000000005
101 R 0000000000000005
60 W 0000000000000004
88 W 0000000000000008
37 R 0000000000000000
34 W 0000000000000009
169 R 0000000000000007
156 W 0000000000000007
133 R 0000000000000004
220 W 0000000000000004
6 W 0000000000000007
68 W 0000000000000001
152 W 0000000000000000
97 R 0000000000000001
59 R 0000000000000002
251 R 0000000000000005
164 W 0000000000000006
139 R 0000000000000001
196 W 0000000000000007
73 R 0000000000000008
229 R 0000000000000007
100 W 0000000000000001
200 W 0000000000000002
79 R 0000000000000000
252 W 0000000000000005
180 W 0000000000000007
238 W 0000000000000002
183 R 0000000000000009
156 W 0000000000000002
201 R 0000000000000007
172 W 0000000000000004
227 R 0000000000000004
0 W 0000000000000001
28 W 0000000000000003
113 R 0000000000000007
209 R 0000000000000000
240 W 0000000000000008
12 W 0000000000000000
172 W 0000000000000007
72 W 0000000000000007
9 R 0000000000000009
5 R 0000000000000007
44 W 0000000000000006
37 R 0000000000000007
191 R 0000000000000001
239 R 0000000000000004
105 R 0000000000000008
33 R 0000000000000006
112 W 0000000000000000
220 W 0000000000000006
232 W 0000000000000005
231 R 0000000000000000
184 W 0000000000000007
112 W 0000000000000008
34 W 0000000000000008
146 W 0000000000000008
208 W 0000000000000005
23 R 0000000000000008
37 R 0000000000000001
162 W 0000000000000001
84 W 0000000000000000
156 W 0000000000000004
182 W 0000000000000002
68 W 0000000000000001
224 W 0000000000000006
163 R 0000000000000004
190 W 0000000000000006
242 W 0000000000000008
9 R 0000000000000003
145 R 0000000000000001
244 W 0000000000000006
136 W 0000000000000002
246 W 0000000000000009
22 W 0000000000000003
242 W 0000000000000006
124 W 0000000000000000
96 W 0000000000000005
2 W 0000000000000001
140 W 0000000000000007
226 W 0000000000000005
177 R 0000000000000007
29 R 0000000000000005
218 W 0000000000000000
53 R 0000000000000007
115 R 0000000000000009
165 R 0000000000000003
49 R 0000000000000005
90 W 0000000000000001
129 R 0000000000000007
24 W 0000000000000009
253 R 0000000000000006
147 R 0000000000000007
0 W 0000000000000001
135 R 0000000000000007
219 R 0000000000000005
6 W 0000000000000003
239 R 0000000000000009
100 W 0000000000000005
146 W 0000000000000000
249 R 0000000000000006
181 R 0000000000000005
231 R 0000000000000008
69 R 0000000000000007
36 W 0000000000000001
125 R 0000000000000003
102 W 0000000000000009
226 W 0000000000000003
175 R 0000000000000000
149 R 0000000000000008
150 W 0000000000000001
213 R 0000000000000002
186 W 0000000000000009
9 R 0000000000000009
160 W 0000000000000009
134 W 0000000000000004
50 W 0000000000000000
62 W 0000000000000002
132 W 0000000000000008
241 R 0000000000000004
147 R 0000000000000005
178 W 0000000000000008
85 R 0000000000000004
199 R 0000000000000009
33 R 0000000000000000
145 R 0000000000000004
234 W 0000000000000008
207 R 0000000000000005
62 W 0000000000000009
170 W 0000000000000007
180 W 0000000000000007
113 R 0000000000000006
190 W 0000000000000009
42 W 0000000000000005
10 W 0000000000000006
92 W 0000000000000001
251 R 0000000000000002
73 R 0000000000000008
183 R 0000000000000002
120 W 0000000000000001
138 W 0000000000000008
228 W 0000000000000003
207 R 0000000000000003
104 W 0000000000000007
227 R 0000000000000003
199 R 0000000000000001
66 W 0000000000000001
255 R 0000000000000009
147 R 0000000000000005
209 R 0000000000000003
51 R 0000000000000002
162 W 0000000000000005
230 W 0000000000000003
233 R 0000000000000006
39 R 0000000000000003
18 W 0000000000000003
40 W 0000000000000002
22 W 0000000000000008
120 W 0000000000000009
223 R 0000000000000001
108 W 0000000000000000
50 W 0000000000000007
105 R 0000000000000000
188 W 0000000000000001
247 R 0000000000000003
125 R 0000000000000004
111 R 0000000000000004
162 W 0000000000000002
230 W 0000000000000000
187 R 0000000000000007
100 W 0000000000000005
143 R 0000000000000005
96 W 0000000000000003
200 W 0000000000000000
163 R 0000000000000000
162 W 0000000000000000
142 W 0000000000000002
93 R 0000000000000008
203 R 0000000000000001
30 W 0000000000000005
217 R 0000000000000003
171 R 0000000000000007
96 W 0000000000000008
205 R 0000000000000003
219 R 0000000000000005
212 W 0000000000000000
83 R 0000000000000002
151 R 0000000000000009
169 R 0000000000000007
227 R 0000000000000006
134 W 0000000000000004
41 R 0000000000000004
237 R 0000000000000004
123 R 0000000000000006
194 W 0000000000000002
9 R 0000000000000000
153 R 0000000000000002
235 R 0000000000000002
67 R 0000000000000006
132 W 0000000000000006
14 W 0000000000000008
178 W 0000000000000007
69 R 0000000000000006
243 R 0000000000000000
230 W 0000000000000006
92 W 0000000000000004
1 R 0000000000000000
60 W 0000000000000008
35 R 0000000000000005
53 R 0000000000000008
115 R 0000000000000009
114 W 0000000000000000
68 W 0000000000000006
69 R 0000000000000000
26 W 0000000000000003
247 R 0000000000000004
173 R 0000000000000002
116 W 0000000000000004
80 W 0000000000000009
189 R 0000000000000005
119 R 0000000000000009
63 R 0000000000000004
160 W 0000000000000008
70 W 0000000000000007
46 W 0000000000000005
13 R 0000000000000004
56 W 0000000000000001
54 W 0000000000000009
166 W 0000000000000006
128 W 0000000000000007
28 W 0000000000000005
212 W 0000000000000000
46 W 0000000000000005
224 W 0000000000000005
155 R 0000000000000001
190 W 0000000000000005
27 R 0000000000000008
156 W 0000000000000003
144 W 0000000000000006
66 W 0000000000000009
179 R 0000000000000007
232 W 0000000000000003
97 R 0000000000000001
163 R 0000000000000005
230 W 0000000000000004
80 W 0000000000000006
188 W 0000000000000002
83 R 0000000000000003
241 R 0000000000000008
224 W 0000000000000009
245 R 0000000000000003
248 W 0000000000000003
56 W 0000000000000007
248 W 0000000000000008
59 R 0000000000000001
29 R 0000000000000001
215 R 0000000000000009
188 W 0000000000000004
218 W 0000000000000000
169 R 0000000000000004
163 R 0000000000000008
92 W 0000000000000001
28 W 0000000000000001
97 R 0000000000000006
240 W 0000000000000008
177 R 0000000000000003
29 R 0000000000000004
84 W 0000000000000001
179 R 0000000000000002
70 W 0000000000000007
201 R 0000000000000009
78 W 0000000000000008
82 W 0000000000000008
47 R 0000000000000006
3 R 0000000000000006
4 W 0000000000000008
94 W 0000000000000001
118 W 0000000000000006
12 W 0000000000000006
59 R 0000000000000005
240 W 0000000000000005
253 R 0000000000000009
148 W 0000000000000000
66 W 0000000000000003
235 R 0000000000000004
133 R 0000000000000003
82 W 0000000000000006
92 W 0000000000000000
171 R 0000000000000002
209 R 0000000000000000
233 R 0000000000000003
23 R 0000000000000007
221 R 0000000000000004
100 W 0000000000000004
217 R 0000000000000000
16 W 0000000000000004
28 W 0000000000000006
78 W 0000000000000005
122 W 0000000000000006
217 R 0000000000000006
188 W 0000000000000001
75 R 0000000000000009
45 R 0000000000000001
73 R 0000000000000002
118 W 0000000000000006
218 W 0000000000000001
48 W 0000000000000003
86 W 0000000000000007
21 R 0000000000000008
182 W 0000000000000002
216 W 0000000000000009
81 R 0000000000000008
144 W 0000000000000003
154 W 0000000000000004
67 R 0000000000000001
211 R 0000000000000004
187 R 0000000000000003
240 W 0000000000000007
246 W 0000000000000008
126 W 0000000000000002
135 R 0000000000000008
46 W 0000000000000006
6 W 0000000000000005
179 R 0000000000000000
93 R 0000000000000005
15 R 0000000000000007
169 R 0000000000000003
0 W 0000000000000009
115 R 0000000000000000
52 W 0000000000000004
53 R 0000000000000002
242 W 0000000000000005
33 R 0000000000000000
194 W 0000000000000009
43 R 0000000000000009
237 R 0000000000000005
194 W 0000000000000001
63 R 0000000000000007
113 R 0000000000000000
219 R 0000000000000001
70 W 0000000000000003
158 W 0000000000000000
149 R 0000000000000000
188 W 0000000000000000
212 W 0000000000000002
164 W 0000000000000008
13 R 0000000000000002
156 W 0000000000000004
224 W 0000000000000000
218 W 0000000000000008
69 R 0000000000000009
35 R 0000000000000007
75 R 0000000000000008
103 R 0000000000000000
199 R 0000000000000009
179 R 0000000000000000
192 W 0000000000000003
21 R 0000000000000007
78 W 0000000000000002
244 W 0000000000000002
175 R 0000000000000005
176 W 0000000000000001
193 R 0000000000000003
243 R 0000000000000000
7 R 0000000000000007
213 R 0000000000000001
53 R 0000000000000003
143 R 0000000000000000
98 W 0000000000000007
128 W 0000000000000005
47 R 0000000000000009
157 R 0000000000000005
189 R 0000000000000005
17 R 0000000000000008
55 R 0000000000000009
130 W 0000000000000006
52 W 0000000000000006
190 W 0000000000000005
166 W 0000000000000006
129 R 0000000000000004
22 W 0000000000000001
186 W 0000000000000009
49 R 0000000000000008
82 W 0000000000000003
2 W 0000000000000006
46 W 0000000000000005
129 R 0000000000000008
191 R 0000000000000002
66 W 0000000000000003
127 R 0000000000000006
195 R 0000000000000005
94 W 0000000000000003
111 R 0000000000000006
108 W 0000000000000003
91 R 0000000000000006
116 W 0000000000000000
242 W 0000000000000009
106 W 0000000000000001
15 R 0000000000000003
218 W 0000000000000001
99 R 0000000000000000
162 W 0000000000000005
155 R 0000000000000007
49 R 0000000000000009
175 R 0000000000000004
142 W 0000000000000002
85 R 0000000000000001
91 R 0000000000000001
243 R 0000000000000003
119 R 0000000000000009
187 R 0000000000000002
129 R 0000000000000001
94 W 0000000000000000
216 W 0000000000000005
116 W 0000000000000002
143 R 0000000000000005
119 R 0000000000000004
99 R 0000000000000008
167 R 0000000000000002
119 R 0000000000000001
45 R 0000000000000003
210 W 0000000000000009
35 R 0000000000000005
109 R 0000000000000007
188 W 0000000000000009
211 R 0000000000000004
212 W 0000000000000001
160 W 0000000000000009
20 W 0000000000000009
76 W 0000000000000005
241 R 0000000000000001
235 R 0000000000000006
164 W 0000000000000001
165 R 0000000000000006
217 R 0000000000000005
254 W 0000000000000004
116 W 0000000000000001
63 R 0000000000000003
222 W 0000000000000009
246 W 0000000000000009
125 R 0000000000000004
7 R 0000000000000003
19 R 0000000000000003
73 R 0000000000000003
173 R 0000000000000003
3 R 0000000000000002
196 W 0000000000000003
188 W 0000000000000005
72 W 0000000000000003
212 W 0000000000000004
168 W 0000000000000008
103 R 0000000000000003
170 W 0000000000000004
189 R 0000000000000003
201 R 0000000000000005
185 R 0000000000000004
40 W 0000000000000008
227 R 0000000000000004
10 W 0000000000000008
138 W 0000000000000007
74 W 0000000000000007
69 R 0000000000000009
117 R 0000000000000009
195 R 0000000000000005
186 W 0000000000000006
213 R 0000000000000004
180 W 0000000000000002
40 W 0000000000000000
8 W 0000000000000007
178 W 0000000000000004
121 R 0000000000000005
17 R 0000000000000009
114 W 0000000000000007
143 R 0000000000000007
111 R 0000000000000003
193 R 0000000000000005
168 W 0000000000000009
73 R 0000000000000005
91 R 0000000000000006
217 R 0000000000000009
168 W 0000000000000005
115 R 0000000000000002
11 R 0000000000000008
83 R 0000000000000008
195 R 0000000000000002
145 R 0000000000000004
89 R 0000000000000000
82 W 0000000000000005
0 W 0000000000000000
157 R 0000000000000002
147 R 0000000000000009
61 R 0000000000000000
213 R 0000000000000001
148 W 0000000000000000
6 W 0000000000000006
113 R 0000000000000005
178 W 0000000000000001
171 R 0000000000000003
112 W 0000000000000005
128 W 0000000000000003
244 W 0000000000000003
68 W 0000000000000002
41 R 0000000000000005
216 W 0000000000000001
74 W 0000000000000008
253 R 0000000000000009
192 W 0000000000000000
42 W 0000000000000000
203 R 0000000000000002
195 R 0000000000000002
13 R 0000000000000004
217 R 0000000000000008
178 W 0000000000000005
100 W 0000000000000002
76 W 0000000000000007
7 R 0000000000000003
154 W 0000000000000008
141 R 0000000000000003
40 W 0000000000000008
99 R 0000000000000001
10 W 0000000000000004
96 W 0000000000000008
56 W 0000000000000005
117 R 0000000000000000
161 R 0000000000000006
78 W 0000000000000002
194 W 0000000000000000
69 R 0000000000000005
103 R 0000000000000004
170 W 0000000000000006
147 R 0000000000000003
35 R 0000000000000009
77 R 0000000000000002
172 W 0000000000000007
75 R 0000000000000002
100 W 0000000000000002
92 W 0000000000000001
80 W 0000000000000003
184 W 0000000000000007
39 R 0000000000000004
65 R 0000000000000005
228 W 0000000000000002
172 W 0000000000000009
100 W 0000000000000002
46 W 0000000000000005
201 R 0000000000000002
61 R 0000000000000001
52 W 0000000000000002
59 R 0000000000000006
220 W 0000000000000008
73 R 0000000000000003
151 R 0000000000000008
97 R 0000000000000005
106 W 0000000000000008
104 W 0000000000000008
115 R 0000000000000003
187 R 0000000000000003
196 W 0000000000000002
99 R 0000000000000003
52 W 0000000000000006
172 W 0000000000000006
25 R 0000000000000003
56 W 0000000000000003
39 R 0000000000000007
54 W 0000000000000004
71 R 0000000000000006
11 R 0000000000000003
122 W 0000000000000008
228 W 0000000000000000
185 R 0000000000000008
134 W 0000000000000002
238 W 0000000000000006
237 R 0000000000000001
104 W 0000000000000003
193 R 0000000000000008
46 W 0000000000000006
178 W 0000000000000005
141 R 0000000000000007
142 W 0000000000000003
222 W 0000000000000008
16 W 0000000000000004
239 R 0000000000000006
252 W 0000000000000009
136 W 0000000000000005
158 W 0000000000000003
179 R 0000000000000005
215 R 0000000000000007
102 W 0000000000000000
69 R 0000000000000009
131 R 0000000000000006
236 W 0000000000000003
93 R 0000000000000004
163 R 0000000000000007
121 R 0000000000000007
246 W 0000000000000003
1 R 0000000000000005
174 W 0000000000000004
166 W 0000000000000007
199 R 0000000000000008
232 W 0000000000000004
135 R 0000000000000005
206 W 0000000000000005
13 R 0000000000000005
22 W 0000000000000000
65 R 0000000000000002
61 R 0000000000000000
148 W 0000000000000009
83 R 0000000000000003
6 W 0000000000000008
182 W 0000000000000000
142 W 0000000000000009
144 W 0000000000000000
119 R 0000000000000009
200 W 0000000000000007
245 R 0000000000000009
102 W 0000000000000001
249 R 0000000000000005
196 W 0000000000000004
153 R 0000000000000000
82 W 0000000000000008
89 R 0000000000000001
159 R 0000000000000000
170 W 0000000000000004
221 R 0000000000000009
120 W 0000000000000002
171 R 0000000000000002
247 R 0000000000000002
112 W 0000000000000007
235 R 0000000000000005
114 W 0000000000000006
203 R 0000000000000004
112 W 0000000000000008
206 W 0000000000000002
182 W 0000000000000003
147 R 0000000000000005
67 R 0000000000000004
185 R 0000000000000000
57 R 0000000000000001
101 R 0000000000000005
56 W 0000000000000006
82 W 0000000000000002
155 R 0000000000000009
189 R 0000000000000005
74 W 0000000000000006
135 R 0000000000000008
207 R 0000000000000005
86 W 0000000000000006
147 R 0000000000000003
72 W 0000000000000007
134 W 0000000000000006
113 R 0000000000000009
225 R 0000000000000006
11 R 0000000000000009
25 R 0000000000000007
13 R 0000000000000006
88 W 0000000000000008
237 R 0000000000000003
251 R 0000000000000007
71 R 0000000000000002
6 W 0000000000000001
128 W 0000000000000001
76 W 0000000000000007
134 W 0000000000000007
66 W 0000000000000001
55 R 0000000000000002
56 W 0000000000000000
115 R 0000000000000006
169 R 0000000000000005
10 W 0000000000000007
216 W 0000000000000000
51 R 0000000000000004
223 R 0000000000000006
247 R 0000000000000009
173 R 0000000000000004
79 R 0000000000000008
157 R 0000000000000008
7 R 0000000000000002
98 W 0000000000000004
189 R 0000000000000009
24 W 0000000000000008
181 R 0000000000000002
115 R 0000000000000009
5 R 0000000000000002
85 R 0000000000000007
249 R 0000000000000005
42 W 0000000000000003
115 R 0000000000000003
65 R 0000000000000000
186 W 0000000000000002
226 W 0000000000000006
164 W 0000000000000006
92 W 0000000000000000
90 W 0000000000000000
70 W 0000000000000009
201 R 0000000000000008
156 W 0000000000000002
46 W 0000000000000005
251 R 0000000000000009
116 W 0000000000000000
226 W 0000000000000006
248 W 0000000000000005
141 R 0000000000000009
60 W 0000000000000006
229 R 0000000000000000
37 R 0000000000000006
60 W 0000000000000004
60 W 0000000000000005
153 R 0000000000000003
7 R 0000000000000008
217 R 0000000000000005
15 R 0000000000000007
143 R 0000000000000002
9 R 0000000000000002
101 R 0000000000000006
146 W 0000000000000008
180 W 0000000000000001
80 W 0000000000000009
212 W 0000000000000005
209 R 0000000000000002
189 R 0000000000000009
204 W 0000000000000006
35 R 0000000000000007
194 W 0000000000000000
111 R 0000000000000009
67 R 0000000000000001
90 W 0000000000000002
195 R 0000000000000005
73 R 0000000000000009
47 R 0000000000000002
15 R 0000000000000009
154 W 0000000000000006
165 R 0000000000000006
230 W 0000000000000001
177 R 0000000000000005
33 R 0000000000000005
14 W 0000000000000007
223 R 0000000000000009
53 R 0000000000000008
204 W 0000000000000009
95 R 0000000000000002
110 W 0000000000000008
216 W 0000000000000008
110 W 0000000000000000
81 R 0000000000000005
79 R 0000000000000008
130 W 0000000000000007
245 R 0000000000000002
112 W 0000000000000004
101 R 0000000000000009
123 R 0000000000000009
166 W 0000000000000000
253 R 0000000000000009
8 W 0000000000000009
65 R 0000000000000008
156 W 0000000000000007
210 W 0000000000000000
6 W 0000000000000006
77 R 0000000000000008
253 R 0000000000000001
226 W 0000000000000004
206 W 0000000000000004
218 W 0000000000000006
237 R 0000000000000008
176 W 0000000000000004
234 W 0000000000000007
249 R 0000000000000004
198 W 0000000000000009
70 W 0000000000000007
147 R 0000000000000000
244 W 0000000000000003
180 W 0000000000000005
26 W 0000000000000007
111 R 0000000000000000
163 R 0000000000000005
202 W 0000000000000001
139 R 0000000000000002
73 R 0000000000000001
75 R 0000000000000007
119 R 0000000000000003
229 R 0000000000000005
61 R 0000000000000006
100 W 0000000000000001
250 W 0000000000000002
216 W 0000000000000003
238 W 0000000000000008
81 R 0000000000000007
115 R 0000000000000008
1 R 0000000000000008
75 R 0000000000000001
223 R 0000000000000009
194 W 0000000000000000
149 R 0000000000000007
122 W 0000000000000001
189 R 0000000000000008
132 W 0000000000000008
30 W 0000000000000003
82 W 0000000000000001
155 R 0000000000000000
72 W 0000000000000005
221 R 0000000000000004
220 W 0000000000000006
189 R 0000000000000007
247 R 0000000000000006
112 W 0000000000000004
229 R 0000000000000001
31 R 0000000000000002
59 R 0000000000000006
215 R 0000000000000000
226 W 0000000000000000
237 R 0000000000000001
218 W 0000000000000001
117 R 0000000000000004
8 W 0000000000000003
132 W 0000000000000009
153 R 0000000000000009
186 W 0000000000000002
1 R 0000000000000005
156 W 0000000000000008
41 R 0000000000000008
86 W 0000000000000009
227 R 0000000000000003
237 R 0000000000000009
212 W 0000000000000003
171 R 0000000000000006
9 R 0000000000000001
10 W 0000000000000004
7 R 0000000000000006
60 W 0000000000000008
44 W 0000000000000003
159 R 0000000000000000
218 W 0000000000000006
81 R 0000000000000009
153 R 0000000000000008
242 W 0000000000000005
64 W 0000000000000005
32 W 0000000000000002
208 W 0000000000000008
44 W 0000000000000008
177 R 0000000000000007
202 W 0000000000000004
252 W 0000000000000006
146 W 0000000000000008
216 W 0000000000000001
84 W 0000000000000001
107 R 0000000000000000
255 R 0000000000000004
60 W 0000000000000009
20 W 0000000000000004
125 R 0000000000000001
105 R 0000000000000000
53 R 0000000000000003
159 R 0000000000000006
132 W 0000000000000000
189 R 0000000000000000
50 W 0000000000000005
58 W 0000000000000005
255 R 0000000000000004
166 W 0000000000000005
19 R 0000000000000009
105 R 0000000000000007
183 R 0000000000000002
