1 R 0000000000000007
3 R 0000000000000001
1 R 0000000000000009
2 W 0000000000000007
0 W 0000000000000005
2 W 0000000000000000
3 R 0000000000000002
1 R 0000000000000001
2 W 0000000000000000
1 R 0000000000000002
3 R 0000000000000000
2 W 0000000000000001
0 W 0000000000000004
3 R 0000000000000002
3 R 0000000000000004
0 W 0000000000000000
3 R 0000000000000005
1 R 0000000000000000
3 R 0000000000000003
1 R 0000000000000008
3 R 0000000000000005
3 R 0000000000000002
3 R 0000000000000003
1 R 0000000000000004
0 W 0000000000000009
2 W 0000000000000001
2 W 0000000000000004
2 W 0000000000000008
1 R 0000000000000009
1 R 0000000000000004
0 W 0000000000000008
0 W 0000000000000004
1 R 0000000000000003
0 W 0000000000000003
2 W 0000000000000001
3 R 0000000000000008
2 W 0000000000000001
3 R 0000000000000002
3 R 0000000000000005
2 W 0000000000000002
3 R 0000000000000005
0 W 0000000000000005
3 R 0000000000000007
3 R 0000000000000006
2 W 0000000000000000
3 R 0000000000000008
2 W 0000000000000006
3 R 0000000000000007
1 R 0000000000000002
1 R 0000000000000000
2 W 0000000000000002
1 R 0000000000000004
1 R 0000000000000008
1 R 0000000000000002
0 W 0000000000000003
0 W 0000000000000003
0 W 0000000000000002
3 R 0000000000000002
1 R 0000000000000007
0 W 0000000000000000
2 W 0000000000000004
0 W 0000000000000004
1 R 0000000000000006
2 W 0000000000000000
0 W 0000000000000002
0 W 0000000000000006
2 W 0000000000000009
3 R 0000000000000001
2 W 0000000000000009
0 W 0000000000000000
2 W 0000000000000007
3 R 0000000000000001
1 R 0000000000000002
3 R 0000000000000003
3 R 0000000000000008
1 R 0000000000000002
0 W 0000000000000002
1 R 0000000000000001
2 W 0000000000000009
1 R 0000000000000009
2 W 0000000000000009
0 W 0000000000000007
1 R 0000000000000004
1 R 0000000000000007
0 W 0000000000000005
1 R 0000000000000000
2 W 0000000000000008
1 R 0000000000000009
3 R 0000000000000005
0 W 0000000000000008
1 R 0000000000000006
2 W 0000000000000006
1 R 0000000000000003
0 W 0000000000000002
3 R 0000000000000009
1 R 0000000000000003
1 R 0000000000000006
0 W 0000000000000002
3 R 0000000000000002
2 W 0000000000000007
3 R 0000000000000003
1 R 0000000000000006
2 W 0000000000000006
3 R 0000000000000007
2 W 0000000000000008
1 R 0000000000000005
3 R 0000000000000005
2 W 0000000000000002
2 W 0000000000000009
0 W 0000000000000006
2 W 0000000000000002
3 R 0000000000000009
3 R 0000000000000009
0 W 0000000000000006
2 W 0000000000000008
1 R 0000000000000009
1 R 0000000000000007
0 W 0000000000000003
0 W 0000000000000004
3 R 0000000000000006
0 W 0000000000000004
3 R 0000000000000006
1 R 0000000000000004
1 R 0000000000000002
2 W 0000000000000005
2 W 0000000000000002
2 W 0000000000000005
1 R 0000000000000000
0 W 0000000000000005
3 R 0000000000000006
0 W 0000000000000003
1 R 0000000000000008
1 R 0000000000000008
1 R 0000000000000001
2 W 0000000000000002
2 W 0000000000000006
0 W 0000000000000004
0 W 0000000000000002
0 W 0000000000000004
2 W 0000000000000009
0 W 0000000000000004
2 W 0000000000000008
0 W 0000000000000009
0 W 0000000000000005
3 R 0000000000000002
2 W 0000000000000006
2 W 0000000000000001
3 R 0000000000000007
1 R 0000000000000008
1 R 0000000000000008
0 W 0000000000000000
3 R 0000000000000005
2 W 0000000000000007
0 W 0000000000000000
1 R 0000000000000009
3 R 0000000000000000
3 R 0000000000000009
3 R 0000000000000006
2 W 0000000000000007
1 R 0000000000000004
1 R 0000000000000005
0 W 0000000000000006
0 W 0000000000000005
3 R 0000000000000003
0 W 0000000000000009
0 W 0000000000000007
3 R 0000000000000009
1 R 0000000000000004
0 W 0000000000000002
3 R 0000000000000000
2 W 0000000000000009
2 W 0000000000000004
3 R 0000000000000009
1 R 0000000000000002
2 W 0000000000000000
2 W 0000000000000002
2 W 0000000000000007
1 R 0000000000000004
1 R 0000000000000006
0 W 0000000000000001
0 W 0000000000000003
3 R 0000000000000008
3 R 0000000000000009
0 W 0000000000000009
3 R 0000000000000005
0 W 0000000000000007
0 W 0000000000000004
2 W 0000000000000007
0 W 0000000000000002
1 R 0000000000000000
1 R 0000000000000002
1 R 0000000000000009
2 W 0000000000000008
2 W 0000000000000002
3 R 0000000000000008
0 W 0000000000000008
3 R 0000000000000009
2 W 0000000000000008
1 R 0000000000000000
3 R 0000000000000008
0 W 0000000000000005
2 W 0000000000000001
1 R 0000000000000002
1 R 0000000000000003
1 R 0000000000000003
2 W 0000000000000006
3 R 0000000000000009
0 W 0000000000000007
1 R 0000000000000002
1 R 0000000000000000
3 R 0000000000000003
1 R 0000000000000008
0 W 0000000000000008
0 W 0000000000000003
0 W 0000000000000000
1 R 0000000000000003
2 W 0000000000000002
0 W 0000000000000004
3 R 0000000000000005
1 R 0000000000000004
3 R 0000000000000009
1 R 0000000000000000
2 W 0000000000000000
0 W 0000000000000001
2 W 0000000000000004
1 R 0000000000000003
0 W 0000000000000006
3 R 0000000000000000
3 R 0000000000000007
0 W 0000000000000003
1 R 0000000000000009
1 R 0000000000000008
0 W 0000000000000006
0 W 0000000000000009
3 R 0000000000000009
3 R 0000000000000007
0 W 0000000000000003
0 W 0000000000000004
2 W 0000000000000000
3 R 0000000000000005
0 W 0000000000000009
0 W 0000000000000000
0 W 0000000000000002
3 R 0000000000000004
3 R 0000000000000001
1 R 0000000000000008
3 R 0000000000000009
0 W 0000000000000005
1 R 0000000000000008
3 R 0000000000000003
3 R 0000000000000005
2 W 0000000000000005
3 R 0000000000000001
3 R 0000000000000009
2 W 0000000000000001
2 W 0000000000000004
2 W 0000000000000001
1 R 0000000000000003
3 R 0000000000000008
1 R 0000000000000004
0 W 0000000000000008
1 R 0000000000000009
2 W 0000000000000000
3 R 0000000000000002
2 W 0000000000000002
2 W 0000000000000006
0 W 0000000000000008
1 R 0000000000000009
3 R 0000000000000007
1 R 0000000000000009
0 W 0000000000000007
3 R 0000000000000002
0 W 0000000000000009
2 W 0000000000000006
1 R 0000000000000002
3 R 0000000000000008
1 R 0000000000000001
3 R 0000000000000008
3 R 0000000000000001
2 W 0000000000000001
2 W 0000000000000003
1 R 0000000000000002
0 W 0000000000000004
2 W 0000000000000003
1 R 0000000000000008
0 W 0000000000000009
2 W 0000000000000004
0 W 0000000000000002
1 R 0000000000000001
3 R 0000000000000008
1 R 0000000000000006
0 W 0000000000000001
2 W 0000000000000009
2 W 0000000000000007
0 W 0000000000000004
3 R 0000000000000000
0 W 0000000000000005
0 W 0000000000000009
1 R 0000000000000002
0 W 0000000000000006
3 R 0000000000000004
3 R 0000000000000000
2 W 0000000000000003
1 R 0000000000000009
0 W 0000000000000003
3 R 0000000000000008
2 W 0000000000000007
2 W 0000000000000003
3 R 0000000000000000
1 R 0000000000000005
2 W 0000000000000005
2 W 0000000000000009
0 W 0000000000000007
3 R 0000000000000007
1 R 0000000000000001
0 W 0000000000000007
0 W 0000000000000004
3 R 0000000000000001
2 W 0000000000000006
1 R 0000000000000003
2 W 0000000000000000
2 W 0000000000000009
1 R 0000000000000000
1 R 0000000000000000
0 W 0000000000000002
0 W 0000000000000000
3 R 0000000000000000
1 R 0000000000000005
2 W 0000000000000005
3 R 0000000000000003
3 R 0000000000000003
0 W 0000000000000003
2 W 0000000000000008
1 R 0000000000000004
0 W 0000000000000002
0 W 0000000000000001
3 R 0000000000000008
1 R 0000000000000004
1 R 0000000000000008
0 W 0000000000000007
2 W 0000000000000002
3 R 0000000000000005
1 R 0000000000000004
2 W 0000000000000004
3 R 0000000000000006
2 W 0000000000000002
3 R 0000000000000009
2 W 0000000000000004
2 W 0000000000000005
2 W 0000000000000002
1 R 0000000000000004
0 W 0000000000000006
2 W 0000000000000007
3 R 0000000000000001
0 W 0000000000000006
1 R 0000000000000004
1 R 0000000000000000
1 R 0000000000000001
3 R 0000000000000006
0 W 0000000000000008
3 R 0000000000000007
3 R 0000000000000000
0 W 0000000000000005
1 R 0000000000000009
0 W 0000000000000001
3 R 0000000000000005
2 W 0000000000000000
0 W 0000000000000005
1 R 0000000000000001
1 R 0000000000000004
1 R 0000000000000001
1 R 0000000000000007
2 W 0000000000000003
0 W 0000000000000000
0 W 0000000000000009
0 W 0000000000000007
0 W 0000000000000001
0 W 0000000000000001
1 R 0000000000000007
3 R 0000000000000003
3 R 0000000000000004
2 W 0000000000000001
3 R 0000000000000007
2 W 0000000000000006
0 W 0000000000000003
0 W 0000000000000000
1 R 0000000000000009
3 R 0000000000000003
0 W 0000000000000001
1 R 0000000000000004
0 W 0000000000000005
0 W 0000000000000003
0 W 0000000000000009
2 W 0000000000000005
3 R 0000000000000001
1 R 0000000000000008
2 W 0000000000000003
0 W 0000000000000008
3 R 0000000000000009
3 R 0000000000000003
2 W 0000000000000004
2 W 0000000000000005
2 W 0000000000000009
2 W 0000000000000008
0 W 0000000000000007
1 R 0000000000000009
0 W 0000000000000006
3 R 0000000000000000
0 W 0000000000000005
1 R 0000000000000003
1 R 0000000000000005
1 R 0000000000000000
0 W 0000000000000003
1 R 0000000000000003
2 W 0000000000000009
3 R 0000000000000009
2 W 0000000000000008
1 R 0000000000000005
1 R 0000000000000009
1 R 0000000000000007
3 R 0000000000000004
3 R 0000000000000008
0 W 0000000000000009
1 R 0000000000000002
1 R 0000000000000006
2 W 0000000000000000
1 R 0000000000000002
0 W 0000000000000004
3 R 0000000000000008
0 W 0000000000000007
1 R 0000000000000001
2 W 0000000000000007
0 W 0000000000000005
0 W 0000000000000009
3 R 0000000000000003
0 W 0000000000000001
3 R 0000000000000007
0 W 0000000000000006
3 R 0000000000000006
1 R 0000000000000002
2 W 0000000000000002
3 R 0000000000000007
3 R 0000000000000006
3 R 0000000000000002
2 W 0000000000000007
2 W 0000000000000000
2 W 0000000000000005
1 R 0000000000000004
0 W 0000000000000005
0 W 0000000000000003
0 W 0000000000000004
3 R 0000000000000009
2 W 0000000000000005
0 W 0000000000000001
0 W 0000000000000004
0 W 0000000000000007
3 R 0000000000000003
2 W 0000000000000007
0 W 0000000000000005
2 W 0000000000000009
0 W 0000000000000001
3 R 0000000000000001
1 R 0000000000000002
3 R 0000000000000009
2 W 0000000000000002
0 W 0000000000000008
3 R 0000000000000008
1 R 0000000000000006
1 R 0000000000000003
0 W 0000000000000007
0 W 0000000000000009
2 W 0000000000000005
3 R 0000000000000001
2 W 0000000000000006
3 R 0000000000000009
2 W 0000000000000003
3 R 0000000000000007
3 R 0000000000000006
3 R 0000000000000007
1 R 0000000000000007
0 W 0000000000000001
0 W 0000000000000007
1 R 0000000000000004
1 R 0000000000000008
2 W 0000000000000003
0 W 0000000000000002
0 W 0000000000000006
3 R 0000000000000001
1 R 0000000000000004
0 W 0000000000000002
1 R 0000000000000004
3 R 0000000000000005
0 W 0000000000000000
3 R 0000000000000001
3 R 0000000000000002
2 W 0000000000000002
1 R 0000000000000005
0 W 0000000000000003
3 R 0000000000000009
3 R 0000000000000002
1 R 0000000000000004
3 R 0000000000000001
1 R 0000000000000009
2 W 0000000000000009
1 R 0000000000000005
2 W 0000000000000007
3 R 0000000000000006
1 R 0000000000000007
1 R 0000000000000006
1 R 0000000000000001
1 R 0000000000000006
2 W 0000000000000006
3 R 0000000000000005
2 W 0000000000000007
1 R 0000000000000004
1 R 0000000000000002
1 R 0000000000000003
0 W 0000000000000008
0 W 0000000000000007
3 R 0000000000000009
1 R 0000000000000000
1 R 0000000000000007
2 W 0000000000000001
3 R 0000000000000006
2 W 0000000000000007
2 W 0000000000000004
0 W 0000000000000002
2 W 0000000000000009
0 W 0000000000000002
3 R 0000000000000001
1 R 0000000000000000
1 R 0000000000000008
0 W 0000000000000006
2 W 0000000000000006
3 R 0000000000000006
2 W 0000000000000007
3 R 0000000000000008
2 W 0000000000000006
3 R 0000000000000009
0 W 0000000000000005
2 W 0000000000000002
0 W 0000000000000000
0 W 0000000000000008
2 W 0000000000000004
3 R 0000000000000007
1 R 0000000000000004
3 R 0000000000000001
3 R 0000000000000009
2 W 0000000000000000
3 R 0000000000000002
2 W 0000000000000008
3 R 0000000000000006
0 W 0000000000000008
2 W 0000000000000002
2 W 0000000000000007
0 W 0000000000000009
3 R 0000000000000004
0 W 0000000000000006
2 W 0000000000000005
3 R 0000000000000004
2 W 0000000000000007
3 R 0000000000000002
3 R 0000000000000007
1 R 0000000000000008
1 R 0000000000000008
3 R 0000000000000009
3 R 0000000000000000
3 R 0000000000000000
3 R 0000000000000008
2 W 0000000000000000
1 R 0000000000000003
0 W 0000000000000003
0 W 0000000000000008
2 W 0000000000000007
2 W 0000000000000007
3 R 0000000000000009
1 R 0000000000000002
0 W 0000000000000009
3 R 0000000000000002
1 R 0000000000000006
3 R 0000000000000001
3 R 0000000000000001
0 W 0000000000000009
0 W 0000000000000003
0 W 0000000000000002
1 R 0000000000000006
2 W 0000000000000008
0 W 0000000000000000
2 W 0000000000000008
2 W 0000000000000003
0 W 0000000000000009
2 W 0000000000000001
1 R 0000000000000001
2 W 0000000000000004
0 W 0000000000000009
3 R 0000000000000009
0 W 0000000000000004
0 W 0000000000000005
2 W 0000000000000000
0 W 0000000000000009
3 R 0000000000000008
1 R 0000000000000004
2 W 0000000000000004
0 W 0000000000000001
1 R 0000000000000007
1 R 0000000000000003
0 W 0000000000000008
0 W 0000000000000003
3 R 0000000000000003
3 R 0000000000000006
1 R 0000000000000000
2 W 0000000000000005
0 W 0000000000000002
0 W 0000000000000002
0 W 0000000000000008
3 R 0000000000000003
2 W 0000000000000000
0 W 0000000000000009
0 W 0000000000000009
3 R 0000000000000004
2 W 0000000000000006
2 W 0000000000000000
0 W 0000000000000000
1 R 0000000000000006
1 R 0000000000000008
3 R 0000000000000001
0 W 0000000000000006
0 W 0000000000000002
3 R 0000000000000005
1 R 0000000000000006
2 W 0000000000000001
3 R 0000000000000002
2 W 0000000000000006
1 R 0000000000000002
2 W 0000000000000008
2 W 0000000000000002
0 W 0000000000000005
0 W 0000000000000006
0 W 0000000000000000
3 R 0000000000000002
2 W 0000000000000008
0 W 0000000000000000
3 R 0000000000000001
1 R 0000000000000003
0 W 0000000000000005
3 R 0000000000000004
3 R 0000000000000002
0 W 0000000000000003
1 R 0000000000000000
3 R 0000000000000006
3 R 0000000000000005
3 R 0000000000000007
2 W 0000000000000006
2 W 0000000000000002
2 W 0000000000000002
0 W 0000000000000005
3 R 0000000000000001
1 R 0000000000000002
2 W 0000000000000008
2 W 0000000000000005
1 R 0000000000000005
1 R 0000000000000003
2 W 0000000000000004
0 W 0000000000000008
0 W 0000000000000006
1 R 0000000000000000
1 R 0000000000000007
0 W 0000000000000003
1 R 0000000000000009
0 W 0000000000000006
3 R 0000000000000006
3 R 0000000000000009
1 R 0000000000000005
3 R 0000000000000007
2 W 0000000000000008
0 W 0000000000000006
0 W 0000000000000000
0 W 0000000000000002
2 W 0000000000000002
1 R 0000000000000002
0 W 0000000000000008
1 R 0000000000000001
0 W 0000000000000001
1 R 0000000000000009
1 R 0000000000000004
1 R 0000000000000002
0 W 0000000000000005
1 R 0000000000000002
3 R 0000000000000004
2 W 0000000000000009
3 R 0000000000000002
1 R 0000000000000004
0 W 0000000000000002
2 W 0000000000000003
1 R 0000000000000003
2 W 0000000000000008
3 R 0000000000000008
0 W 0000000000000009
1 R 0000000000000006
3 R 0000000000000004
3 R 0000000000000001
0 W 0000000000000002
2 W 0000000000000008
1 R 0000000000000000
2 W 0000000000000002
1 R 0000000000000005
3 R 0000000000000006
0 W 0000000000000000
0 W 0000000000000009
0 W 0000000000000002
0 W 0000000000000005
1 R 0000000000000009
0 W 0000000000000004
2 W 0000000000000009
3 R 0000000000000003
2 W 0000000000000009
3 R 0000000000000005
2 W 0000000000000002
0 W 0000000000000004
3 R 0000000000000000
0 W 0000000000000003
0 W 0000000000000008
0 W 0000000000000004
1 R 0000000000000005
0 W 0000000000000007
2 W 0000000000000002
1 R 0000000000000002
2 W 0000000000000008
3 R 0000000000000009
3 R 0000000000000004
0 W 0000000000000001
1 R 0000000000000000
1 R 0000000000000004
3 R 0000000000000007
2 W 0000000000000004
1 R 0000000000000007
3 R 0000000000000005
0 W 0000000000000003
0 W 0000000000000000
1 R 0000000000000004
1 R 0000000000000002
0 W 0000000000000007
3 R 0000000000000007
2 W 0000000000000004
2 W 0000000000000005
3 R 0000000000000005
0 W 0000000000000006
2 W 0000000000000004
2 W 0000000000000000
2 W 0000000000000004
2 W 0000000000000006
3 R 0000000000000002
0 W 0000000000000008
3 R 0000000000000009
3 R 0000000000000005
0 W 0000000000000000
2 W 0000000000000004
2 W 0000000000000005
2 W 0000000000000009
0 W 0000000000000005
0 W 0000000000000000
2 W 0000000000000002
3 R 0000000000000008
0 W 0000000000000002
3 R 0000000000000009
1 R 0000000000000004
0 W 0000000000000006
3 R 0000000000000009
1 R 0000000000000005
0 W 0000000000000007
3 R 0000000000000005
3 R 0000000000000001
0 W 0000000000000009
0 W 0000000000000002
0 W 0000000000000007
1 R 0000000000000002
3 R 0000000000000001
2 W 0000000000000000
1 R 0000000000000001
1 R 0000000000000001
0 W 0000000000000002
2 W 0000000000000002
0 W 0000000000000003
3 R 0000000000000002
2 W 0000000000000008
2 W 0000000000000003
1 R 0000000000000000
0 W 0000000000000007
3 R 0000000000000004
1 R 0000000000000006
3 R 0000000000000003
0 W 0000000000000001
3 R 0000000000000006
0 W 0000000000000008
3 R 0000000000000009
1 R 0000000000000009
3 R 0000000000000002
2 W 0000000000000001
1 R 0000000000000009
1 R 0000000000000009
1 R 0000000000000005
1 R 0000000000000008
0 W 0000000000000008
1 R 0000000000000009
3 R 0000000000000008
1 R 0000000000000000
2 W 0000000000000006
1 R 0000000000000009
1 R 0000000000000004
0 W 0000000000000003
0 W 0000000000000003
1 R 0000000000000006
0 W 0000000000000007
3 R 0000000000000005
2 W 0000000000000007
1 R 0000000000000004
0 W 0000000000000008
1 R 0000000000000004
3 R 0000000000000003
1 R 0000000000000007
2 W 0000000000000001
1 R 0000000000000009
0 W 0000000000000003
2 W 0000000000000005
2 W 0000000000000000
0 W 0000000000000008
0 W 0000000000000006
1 R 0000000000000001
1 R 0000000000000003
3 R 0000000000000002
3 R 0000000000000002
0 W 0000000000000005
1 R 0000000000000009
1 R 0000000000000009
0 W 0000000000000008
2 W 0000000000000003
3 R 0000000000000000
0 W 0000000000000003
2 W 0000000000000005
3 R 0000000000000007
3 R 0000000000000001
3 R 0000000000000002
1 R 0000000000000005
3 R 0000000000000006
3 R 0000000000000004
1 R 0000000000000009
1 R 0000000000000001
2 W 0000000000000003
3 R 0000000000000000
2 W 0000000000000009
1 R 0000000000000003
1 R 0000000000000006
3 R 0000000000000007
2 W 0000000000000003
3 R 0000000000000006
3 R 0000000000000007
2 W 0000000000000008
1 R 0000000000000005
0 W 0000000000000001
2 W 0000000000000000
1 R 0000000000000001
0 W 0000000000000008
1 R 0000000000000000
0 W 0000000000000001
0 W 0000000000000004
1 R 0000000000000007
2 W 0000000000000003
0 W 0000000000000003
3 R 0000000000000009
2 W 0000000000000008
0 W 0000000000000001
1 R 0000000000000002
2 W 0000000000000009
2 W 0000000000000001
1 R 0000000000000006
2 W 0000000000000002
2 W 0000000000000000
1 R 0000000000000001
0 W 0000000000000005
3 R 0000000000000001
3 R 0000000000000009
3 R 0000000000000001
1 R 0000000000000003
3 R 0000000000000005
3 R 0000000000000009
1 R 0000000000000005
1 R 0000000000000009
1 R 0000000000000007
1 R 0000000000000007
2 W 0000000000000002
3 R 0000000000000000
2 W 0000000000000007
3 R 0000000000000006
1 R 0000000000000008
3 R 0000000000000000
2 W 0000000000000000
2 W 0000000000000004
1 R 0000000000000005
0 W 0000000000000004
3 R 0000000000000000
1 R 0000000000000003
2 W 0000000000000000
0 W 0000000000000005
2 W 0000000000000008
1 R 0000000000000007
0 W 0000000000000007
3 R 0000000000000005
1 R 0000000000000003
0 W 0000000000000005
1 R 0000000000000001
1 R 0000000000000001
0 W 0000000000000008
1 R 0000000000000000
3 R 0000000000000009
1 R 0000000000000002
0 W 0000000000000003
3 R 0000000000000000
2 W 0000000000000005
1 R 0000000000000001
2 W 0000000000000006
2 W 0000000000000003
2 W 0000000000000001
2 W 0000000000000000
1 R 0000000000000002
0 W 0000000000000002
0 W 0000000000000003
3 R 0000000000000008
3 R 0000000000000009
3 R 0000000000000001
0 W 0000000000000008
0 W 0000000000000006
1 R 0000000000000002
0 W 0000000000000004
3 R 0000000000000005
3 R 0000000000000002
0 W 0000000000000000
0 W 0000000000000009
2 W 0000000000000001
0 W 0000000000000002
3 R 0000000000000002
3 R 0000000000000007
3 R 0000000000000005
1 R 0000000000000003
2 W 0000000000000004
3 R 0000000000000001
0 W 0000000000000008
3 R 0000000000000006
1 R 0000000000000009
1 R 0000000000000001
1 R 0000000000000004
2 W 0000000000000003
3 R 0000000000000005
1 R 0000000000000003
2 W 0000000000000004
0 W 0000000000000002
2 W 0000000000000001
1 R 0000000000000008
2 W 0000000000000004
3 R 0000000000000004
2 W 0000000000000005
0 W 0000000000000008
1 R 0000000000000004
3 R 0000000000000006
1 R 0000000000000004
2 W 0000000000000001
1 R 0000000000000006
3 R 0000000000000003
2 W 0000000000000009
0 W 0000000000000002
2 W 0000000000000003
0 W 0000000000000003
3 R 0000000000000001
0 W 0000000000000005
0 W 0000000000000002
2 W 0000000000000004
1 R 0000000000000006
2 W 0000000000000004
1 R 0000000000000001
1 R 0000000000000007
3 R 0000000000000009
2 W 0000000000000000
0 W 0000000000000004
0 W 0000000000000009
2 W 0000000000000006
1 R 0000000000000008
2 W 0000000000000003
1 R 0000000000000006
3 R 0000000000000006
3 R 0000000000000003
1 R 0000000000000006
0 W 0000000000000003
3 R 0000000000000006
2 W 0000000000000007
0 W 0000000000000002
2 W 0000000000000004
2 W 0000000000000000
2 W 0000000000000002
1 R 0000000000000001
3 R 0000000000000005
1 R 0000000000000005
1 R 0000000000000003
2 W 0000000000000000
3 R 0000000000000001
0 W 0000000000000000
2 W 0000000000000004
3 R 0000000000000009
1 R 0000000000000001
0 W 0000000000000008
3 R 0000000000000006
0 W 0000000000000001
2 W 0000000000000000
0 W 0000000000000008
1 R 0000000000000006
0 W 0000000000000007
1 R 0000000000000002
1 R 0000000000000000
3 R 0000000000000000
2 W 0000000000000009
2 W 0000000000000008
2 W 0000000000000005
0 W 0000000000000009
0 W 0000000000000001
3 R 0000000000000008
3 R 0000000000000008
2 W 0000000000000003
2 W 0000000000000004
3 R 0000000000000007
0 W 0000000000000007
3 R 0000000000000009
3 R 0000000000000006
1 R 0000000000000005
1 R 0000000000000002
3 R 0000000000000002
1 R 0000000000000002
3 R 0000000000000002
0 W 0000000000000008
0 W 0000000000000000
1 R 0000000000000001
1 R 0000000000000002
1 R 0000000000000008
3 R 0000000000000000
3 R 0000000000000008
3 R 0000000000000001
2 W 0000000000000000
3 R 0000000000000001
2 W 0000000000000005
1 R 0000000000000001
2 W 0000000000000006
1 R 0000000000000003
0 W 0000000000000007
1 R 0000000000000008
1 R 0000000000000004
1 R 0000000000000004
0 W 0000000000000001
2 W 0000000000000005
0 W 0000000000000008
0 W 0000000000000002
2 W 0000000000000006
0 W 0000000000000005
1 R 0000000000000004
0 W 0000000000000003
0 W 0000000000000002
3 R 0000000000000001
3 R 0000000000000001
3 R 0000000000000005
0 W 0000000000000002
2 W 0000000000000005
0 W 0000000000000009
3 R 0000000000000008
3 R 0000000000000008
0 W 0000000000000003
3 R 0000000000000008
3 R 0000000000000006
2 W 0000000000000001
0 W 0000000000000001
2 W 0000000000000001
1 R 0000000000000003
0 W 0000000000000009
0 W 0000000000000009
0 W 0000000000000002
2 W 0000000000000001
2 W 0000000000000008
0 W 0000000000000005
1 R 0000000000000006
1 R 0000000000000006
3 R 0000000000000006
0 W 0000000000000009
0 W 0000000000000006
2 W 0000000000000007
3 R 0000000000000006
1 R 0000000000000009
3 R 0000000000000007
2 W 0000000000000008
1 R 0000000000000009
1 R 0000000000000006
3 R 0000000000000005
0 W 0000000000000009
3 R 0000000000000006
1 R 0000000000000006
0 W 0000000000000003
3 R 0000000000000003
3 R 0000000000000006
2 W 0000000000000003
0 W 0000000000000005
0 W 0000000000000008
2 W 0000000000000000
3 R 0000000000000007
1 R 0000000000000004
0 W 0000000000000000
3 R 0000000000000002
3 R 0000000000000001
3 R 0000000000000006
2 W 0000000000000005
0 W 0000000000000005
3 R 0000000000000001
2 W 0000000000000005
0 W 0000000000000004
2 W 0000000000000001
2 W 0000000000000004
2 W 0000000000000000
0 W 0000000000000006
3 R 0000000000000009
2 W 0000000000000007
1 R 0000000000000006
2 W 0000000000000007
1 R 0000000000000006
2 W 0000000000000009
1 R 0000000000000003
2 W 0000000000000002
1 R 0000000000000002
1 R 0000000000000003
1 R 0000000000000009
1 R 0000000000000005
2 W 0000000000000006
3 R 0000000000000003
2 W 0000000000000004
3 R 0000000000000001
3 R 0000000000000000
3 R 0000000000000008
0 W 0000000000000007
2 W 0000000000000000
2 W 0000000000000000
3 R 0000000000000004
3 R 0000000000000009
2 W 0000000000000009
1 R 0000000000000006
3 R 0000000000000003
3 R 0000000000000008
1 R 0000000000000000
3 R 0000000000000008
1 R 0000000000000006
2 W 0000000000000000
0 W 0000000000000000
3 R 0000000000000000
3 R 0000000000000004
0 W 0000000000000001
3 R 0000000000000007
2 W 0000000000000004
0 W 0000000000000001
1 R 0000000000000009
3 R 0000000000000005
0 W 0000000000000003
1 R 0000000000000002
3 R 0000000000000005
1 R 0000000000000003
3 R 0000000000000009
0 W 0000000000000007
0 W 0000000000000007
0 W 0000000000000002
2 W 0000000000000004
3 R 0000000000000007
3 R 0000000000000000
3 R 0000000000000005
1 R 0000000000000003
2 W 0000000000000009
3 R 0000000000000006
1 R 0000000000000009
1 R 0000000000000004
2 W 0000000000000009
1 R 0000000000000001
0 W 0000000000000004
3 R 0000000000000004
0 W 0000000000000009
2 W 0000000000000009
2 W 0000000000000007
2 W 0000000000000001
0 W 0000000000000000
1 R 0000000000000007
2 W 0000000000000007
2 W 0000000000000005
1 R 0000000000000004
0 W 0000000000000003
2 W 0000000000000007
3 R 0000000000000008
0 W 0000000000000008
3 R 0000000000000002
0 W 0000000000000004
3 R 0000000000000009
2 W 0000000000000009
0 W 0000000000000000
1 R 0000000000000009
0 W 0000000000000004
2 W 0000000000000004
2 W 0000000000000007
2 W 0000000000000002
0 W 0000000000000006
1 R 0000000000000006
3 R 0000000000000001
0 W 0000000000000008
2 W 0000000000000000
0 W 0000000000000006
1 R 0000000000000005
3 R 0000000000000003
2 W 0000000000000009
0 W 0000000000000002
1 R 0000000000000003
0 W 0000000000000000
0 W 0000000000000008
1 R 0000000000000000
3 R 0000000000000008
1 R 0000000000000000
1 R 0000000000000001
1 R 0000000000000009
3 R 0000000000000008
2 W 0000000000000004
0 W 0000000000000007
1 R 0000000000000001
2 W 0000000000000000
1 R 0000000000000006
0 W 0000000000000001
1 R 0000000000000005
0 W 0000000000000005
3 R 0000000000000001
0 W 0000000000000005
0 W 0000000000000001
3 R 0000000000000008
1 R 0000000000000000
0 W 0000000000000003
3 R 0000000000000002
1 R 0000000000000009
2 W 0000000000000007
1 R 0000000000000009
1 R 0000000000000006
2 W 0000000000000008
0 W 0000000000000009
1 R 0000000000000007
3 R 0000000000000004
2 W 0000000000000005
2 W 0000000000000001
3 R 0000000000000003
3 R 0000000000000008
1 R 0000000000000008
0 W 0000000000000000
0 W 0000000000000008
2 W 0000000000000001
0 W 0000000000000001
0 W 0000000000000003
2 W 0000000000000006
2 W 0000000000000001
1 R 0000000000000006
2 W 0000000000000000
3 R 0000000000000000
0 W 0000000000000005
2 W 0000000000000006
0 W 0000000000000008
2 W 0000000000000000
1 R 0000000000000009
3 R 0000000000000007
0 W 0000000000000002
1 R 0000000000000002
0 W 0000000000000009
2 W 0000000000000000
2 W 0000000000000005
2 W 0000000000000003
0 W 0000000000000004
0 W 0000000000000008
3 R 0000000000000007
2 W 0000000000000003
2 W 0000000000000004
0 W 0000000000000001
0 W 0000000000000000
2 W 0000000000000008
2 W 0000000000000006
0 W 0000000000000009
1 R 0000000000000005
0 W 0000000000000000
0 W 0000000000000009
3 R 0000000000000009
1 R 0000000000000005
3 R 0000000000000009
1 R 0000000000000003
2 W 0000000000000009
0 W 0000000000000009
1 R 0000000000000003
0 W 0000000000000001
2 W 0000000000000002
1 R 0000000000000008
0 W 0000000000000004
2 W 0000000000000001
2 W 0000000000000008
2 W 0000000000000006
2 W 0000000000000002
0 W 0000000000000008
3 R 0000000000000001
1 R 0000000000000000
3 R 0000000000000002
2 W 0000000000000009
2 W 0000000000000007
2 W 0000000000000006
0 W 0000000000000003
2 W 0000000000000008
2 W 0000000000000001
2 W 0000000000000003
0 W 0000000000000006
1 R 0000000000000008
0 W 0000000000000005
0 W 0000000000000004
1 R 0000000000000006
2 W 0000000000000007
0 W 0000000000000001
1 R 0000000000000006
0 W 0000000000000005
1 R 0000000000000005
2 W 0000000000000004
0 W 0000000000000000
0 W 0000000000000004
0 W 0000000000000007
2 W 0000000000000002
1 R 0000000000000001
0 W 0000000000000002
0 W 0000000000000003
3 R 0000000000000004
1 R 0000000000000005
0 W 0000000000000004
0 W 0000000000000007
0 W 0000000000000009
3 R 0000000000000002
3 R 0000000000000001
1 R 0000000000000001
0 W 0000000000000004
3 R 0000000000000004
0 W 0000000000000002
2 W 0000000000000008
3 R 0000000000000004
2 W 0000000000000005
1 R 0000000000000003
2 W 0000000000000004
0 W 0000000000000000
3 R 0000000000000000
2 W 0000000000000005
2 W 0000000000000007
0 W 0000000000000003
1 R 0000000000000004
3 R 0000000000000005
0 W 0000000000000008
1 R 0000000000000001
3 R 0000000000000000
0 W 0000000000000001
2 W 0000000000000002
1 R 0000000000000004
1 R 0000000000000005
3 R 0000000000000007
3 R 0000000000000003
1 R 0000000000000001
0 W 0000000000000000
2 W 0000000000000001
1 R 0000000000000007
3 R 0000000000000005
0 W 0000000000000008
2 W 0000000000000000
3 R 0000000000000009
3 R 0000000000000008
3 R 0000000000000002
3 R 0000000000000008
3 R 0000000000000007
1 R 0000000000000003
0 W 0000000000000002
1 R 0000000000000007
1 R 0000000000000000
3 R 0000000000000001
1 R 0000000000000004
2 W 0000000000000009
1 R 0000000000000007
0 W 0000000000000003
3 R 0000000000000007
3 R 0000000000000006
1 R 0000000000000005
0 W 0000000000000006
2 W 0000000000000004
1 R 0000000000000004
2 W 0000000000000001
3 R 0000000000000002
0 W 0000000000000001
0 W 0000000000000009
2 W 0000000000000004
2 W 0000000000000002
1 R 0000000000000001
0 W 0000000000000007
0 W 0000000000000003
2 W 0000000000000006
3 R 0000000000000005
3 R 0000000000000006
0 W 0000000000000000
0 W 0000000000000007
3 R 0000000000000009
1 R 0000000000000009
0 W 0000000000000005
3 R 0000000000000005
0 W 0000000000000006
1 R 0000000000000006
0 W 0000000000000009
3 R 0000000000000007
2 W 0000000000000001
1 R 0000000000000005
0 W 0000000000000006
1 R 0000000000000005
0 W 0000000000000008
3 R 0000000000000003
1 R 0000000000000008
3 R 0000000000000008
3 R 0000000000000000
0 W 0000000000000006
3 R 0000000000000001
2 W 0000000000000003
3 R 0000000000000008
1 R 0000000000000004
1 R 0000000000000002
2 W 0000000000000009
1 R 0000000000000002
1 R 0000000000000001
3 R 0000000000000003
0 W 0000000000000009
2 W 0000000000000006
1 R 0000000000000005
1 R 0000000000000009
2 W 0000000000000000
3 R 0000000000000003
2 W 0000000000000007
3 R 0000000000000004
2 W 0000000000000004
2 W 0000000000000005
0 W 0000000000000002
3 R 0000000000000004
2 W 0000000000000002
3 R 0000000000000009
1 R 0000000000000000
2 W 0000000000000003
0 W 0000000000000000
0 W 0000000000000004
1 R 0000000000000009
3 R 0000000000000007
0 W 0000000000000008
2 W 0000000000000005
0 W 0000000000000006
3 R 0000000000000001
3 R 0000000000000001
0 W 0000000000000006
0 W 0000000000000008
3 R 0000000000000003
3 R 0000000000000002
0 W 0000000000000009
3 R 0000000000000001
1 R 0000000000000001
1 R 0000000000000001
2 W 0000000000000003
3 R 0000000000000001
0 W 0000000000000004
0 W 0000000000000007
3 R 0000000000000001
3 R 0000000000000003
3 R 0000000000000005
0 W 0000000000000005
3 R 0000000000000004
3 R 0000000000000000
0 W 0000000000000000
0 W 0000000000000004
0 W 0000000000000006
1 R 0000000000000008
2 W 0000000000000003
0 W 0000000000000000
1 R 0000000000000009
2 W 0000000000000001
3 R 0000000000000003
2 W 0000000000000005
3 R 0000000000000001
1 R 0000000000000002
1 R 0000000000000000
0 W 0000000000000006
2 W 0000000000000009
0 W 0000000000000004
2 W 0000000000000001
1 R 0000000000000006
2 W 0000000000000002
2 W 0000000000000003
2 W 0000000000000006
1 R 0000000000000001
2 W 0000000000000006
0 W 0000000000000000
3 R 0000000000000004
3 R 0000000000000009
0 W 0000000000000000
0 W 0000000000000002
2 W 0000000000000004
3 R 0000000000000000
2 W 0000000000000004
0 W 0000000000000007
2 W 0000000000000008
1 R 0000000000000005
0 W 0000000000000008
2 W 0000000000000006
3 R 0000000000000007
0 W 0000000000000000
1 R 0000000000000001
2 W 0000000000000007
2 W 0000000000000007
1 R 0000000000000008
0 W 0000000000000006
3 R 0000000000000006
1 R 0000000000000009
2 W 0000000000000006
0 W 0000000000000004
0 W 0000000000000005
0 W 0000000000000009
3 R 0000000000000001
1 R 0000000000000001
0 W 0000000000000002
0 W 0000000000000007
3 R 0000000000000008
1 R 0000000000000005
2 W 0000000000000004
2 W 0000000000000006
2 W 0000000000000004
0 W 0000000000000004
0 W 0000000000000005
3 R 0000000000000008
2 W 0000000000000004
2 W 0000000000000002
3 R 0000000000000006
1 R 0000000000000001
0 W 0000000000000006
1 R 0000000000000005
2 W 0000000000000000
3 R 0000000000000008
2 W 0000000000000003
3 R 0000000000000002
1 R 0000000000000004
2 W 0000000000000007
1 R 0000000000000003
0 W 0000000000000004
1 R 0000000000000006
3 R 0000000000000002
2 W 0000000000000004
3 R 0000000000000004
1 R 0000000000000008
0 W 0000000000000002
0 W 0000000000000009
1 R 0000000000000002
0 W 0000000000000008
1 R 0000000000000008
2 W 0000000000000003
1 R 0000000000000007
1 R 0000000000000007
3 R 0000000000000004
2 W 0000000000000006
0 W 0000000000000001
3 R 0000000000000003
2 W 0000000000000009
3 R 0000000000000003
1 R 0000000000000000
1 R 0000000000000005
2 W 0000000000000006
0 W 0000000000000005
0 W 0000000000000008
0 W 0000000000000002
2 W 0000000000000003
0 W 0000000000000008
2 W 0000000000000001
1 R 0000000000000004
3 R 0000000000000003
1 R 0000000000000001
0 W 0000000000000009
1 R 0000000000000009
2 W 0000000000000000
3 R 0000000000000009
3 R 0000000000000001
3 R 0000000000000002
3 R 0000000000000003
3 R 0000000000000003
3 R 0000000000000005
2 W 0000000000000009
2 W 0000000000000001
1 R 0000000000000002
1 R 0000000000000003
1 R 0000000000000008
3 R 0000000000000009
1 R 0000000000000005
3 R 0000000000000000
1 R 0000000000000007
3 R 0000000000000004
2 W 0000000000000002
2 W 0000000000000004
0 W 0000000000000002
1 R 0000000000000007
2 W 0000000000000007
0 W 0000000000000007
2 W 0000000000000009
1 R 0000000000000007
2 W 0000000000000001
2 W 0000000000000007
1 R 0000000000000001
2 W 0000000000000002
2 W 0000000000000009
2 W 0000000000000002
2 W 0000000000000006
1 R 0000000000000001
1 R 0000000000000009
1 R 0000000000000001
3 R 0000000000000002
2 W 0000000000000001
3 R 0000000000000000
1 R 0000000000000002
0 W 0000000000000005
1 R 0000000000000009
3 R 0000000000000007
1 R 0000000000000003
0 W 0000000000000004
0 W 0000000000000001
0 W 0000000000000001
0 W 0000000000000001
3 R 0000000000000001
0 W 0000000000000003
2 W 0000000000000005
0 W 0000000000000000
3 R 0000000000000007
2 W 0000000000000008
2 W 0000000000000000
0 W 0000000000000009
2 W 0000000000000001
1 R 0000000000000001
2 W 0000000000000008
0 W 0000000000000006
2 W 0000000000000004
3 R 0000000000000005
3 R 0000000000000002
3 R 0000000000000008
1 R 0000000000000006
0 W 0000000000000009
1 R 0000000000000007
2 W 0000000000000004
0 W 0000000000000003
1 R 0000000000000003
1 R 0000000000000004
2 W 0000000000000009
1 R 0000000000000007
0 W 0000000000000004
1 R 0000000000000000
2 W 0000000000000009
3 R 0000000000000003
2 W 0000000000000000
1 R 0000000000000001
0 W 0000000000000001
1 R 0000000000000003
3 R 0000000000000009
3 R 0000000000000001
2 W 0000000000000004
2 W 0000000000000007
0 W 0000000000000002
3 R 0000000000000008
0 W 0000000000000005
3 R 0000000000000001
0 W 0000000000000000
1 R 0000000000000005
3 R 0000000000000006
0 W 0000000000000006
3 R 0000000000000001
1 R 0000000000000000
1 R 0000000000000000
2 W 0000000000000007
1 R 0000000000000007
1 R 0000000000000003
1 R 0000000000000003
2 W 0000000000000003
2 W 0000000000000009
3 R 0000000000000009
1 R 0000000000000002
0 W 0000000000000000
3 R 0000000000000006
1 R 0000000000000008
2 W 0000000000000003
2 W 0000000000000007
1 R 0000000000000004
3 R 0000000000000000
0 W 0000000000000004
2 W 0000000000000002
1 R 0000000000000003
3 R 0000000000000003
3 R 0000000000000008
3 R 0000000000000006
0 W 0000000000000006
1 R 0000000000000002
1 R 0000000000000001
1 R 0000000000000005
0 W 0000000000000009
0 W 0000000000000009
0 W 0000000000000005
3 R 0000000000000000
3 R 0000000000000002
1 R 0000000000000009
2 W 0000000000000001
2 W 0000000000000009
1 R 0000000000000000
0 W 0000000000000000
2 W 0000000000000008
2 W 0000000000000009
3 R 0000000000000005
3 R 0000000000000008
0 W 0000000000000001
1 R 0000000000000007
0 W 0000000000000006
3 R 0000000000000009
0 W 0000000000000002
0 W 0000000000000006
1 R 0000000000000007
2 W 0000000000000001
3 R 0000000000000007
2 W 0000000000000004
2 W 0000000000000007
1 R 0000000000000000
1 R 0000000000000000
2 W 0000000000000005
0 W 0000000000000006
0 W 0000000000000003
3 R 0000000000000006
1 R 0000000000000007
1 R 0000000000000008
3 R 0000000000000003
0 W 0000000000000007
3 R 0000000000000008
2 W 0000000000000008
2 W 0000000000000001
1 R 0000000000000004
2 W 0000000000000004
0 W 0000000000000008
3 R 0000000000000007
3 R 0000000000000006
0 W 0000000000000002
2 W 0000000000000002
2 W 0000000000000008
3 R 0000000000000007
0 W 0000000000000001
1 R 0000000000000006
3 R 0000000000000004
1 R 0000000000000000
3 R 0000000000000004
0 W 0000000000000009
0 W 0000000000000006
1 R 0000000000000002
1 R 0000000000000003
1 R 0000000000000009
1 R 0000000000000001
1 R 0000000000000009
3 R 0000000000000008
0 W 0000000000000009
3 R 0000000000000002
3 R 0000000000000007
2 W 0000000000000003
2 W 0000000000000006
0 W 0000000000000001
2 W 0000000000000008
0 W 0000000000000006
1 R 0000000000000005
0 W 0000000000000000
1 R 0000000000000007
2 W 0000000000000009
2 W 0000000000000003
1 R 0000000000000003
0 W 0000000000000008
1 R 0000000000000004
2 W 0000000000000004
3 R 0000000000000000
3 R 0000000000000007
3 R 0000000000000004
2 W 0000000000000003
3 R 0000000000000001
3 R 0000000000000000
0 W 0000000000000000
0 W 0000000000000005
3 R 0000000000000005
3 R 0000000000000003
2 W 0000000000000005
2 W 0000000000000000
0 W 0000000000000001
0 W 0000000000000002
3 R 0000000000000004
0 W 0000000000000006
2 W 0000000000000008
1 R 0000000000000009
3 R 0000000000000005
2 W 0000000000000005
1 R 0000000000000001
1 R 0000000000000000
1 R 0000000000000004
0 W 0000000000000004
1 R 0000000000000001
1 R 0000000000000007
1 R 0000000000000004
1 R 0000000000000008
0 W 0000000000000006
0 W 0000000000000006
1 R 0000000000000007
3 R 0000000000000000
0 W 0000000000000003
0 W 0000000000000006
3 R 0000000000000002
0 W 0000000000000009
1 R 0000000000000000
1 R 0000000000000008
3 R 0000000000000008
2 W 0000000000000005
0 W 0000000000000001
3 R 0000000000000000
3 R 0000000000000008
3 R 0000000000000009
0 W 0000000000000006
1 R 0000000000000007
3 R 0000000000000008
3 R 0000000000000000
0 W 0000000000000005
0 W 0000000000000007
1 R 0000000000000002
1 R 0000000000000002
0 W 0000000000000002
3 R 0000000000000001
3 R 0000000000000006
0 W 0000000000000002
3 R 0000000000000008
0 W 0000000000000008
2 W 0000000000000008
2 W 0000000000000000
0 W 0000000000000000
0 W 0000000000000000
3 R 0000000000000001
3 R 0000000000000001
1 R 0000000000000001
3 R 0000000000000005
1 R 0000000000000001
1 R 0000000000000001
2 W 0000000000000001
0 W 0000000000000003
1 R 0000000000000003
3 R 0000000000000000
1 R 0000000000000002
1 R 0000000000000005
3 R 0000000000000002
3 R 0000000000000009
2 W 0000000000000000
2 W 0000000000000000
2 W 0000000000000003
1 R 0000000000000001
1 R 0000000000000007
0 W 0000000000000002
1 R 0000000000000005
1 R 0000000000000009
1 R 0000000000000009
2 W 0000000000000008
1 R 0000000000000005
0 W 0000000000000005
3 R 0000000000000002
1 R 0000000000000005
3 R 0000000000000002
0 W 0000000000000000
2 W 0000000000000009
1 R 0000000000000009
3 R 0000000000000001
0 W 0000000000000003
2 W 0000000000000005
0 W 0000000000000002
1 R 0000000000000009
1 R 0000000000000009
1 R 0000000000000007
0 W 0000000000000003
1 R 0000000000000007
1 R 0000000000000004
2 W 0000000000000002
1 R 0000000000000003
0 W 0000000000000004
1 R 0000000000000008
2 W 0000000000000000
2 W 0000000000000007
3 R 0000000000000002
2 W 0000000000000005
0 W 0000000000000009
2 W 0000000000000002
2 W 0000000000000006
0 W 0000000000000002
0 W 0000000000000003
2 W 0000000000000005
2 W 0000000000000008
1 R 0000000000000002
3 R 0000000000000004
2 W 0000000000000005
3 R 0000000000000002
3 R 0000000000000002
1 R 0000000000000003
1 R 0000000000000007
2 W 0000000000000004
0 W 0000000000000001
3 R 0000000000000004
3 R 0000000000000001
0 W 0000000000000008
0 W 0000000000000000
2 W 0000000000000005
2 W 0000000000000006
1 R 0000000000000002
3 R 0000000000000009
0 W 0000000000000009
0 W 0000000000000008
3 R 0000000000000000
0 W 0000000000000006
3 R 0000000000000008
3 R 0000000000000009
2 W 0000000000000008
2 W 0000000000000000
1 R 0000000000000004
3 R 0000000000000000
2 W 0000000000000004
3 R 0000000000000005
3 R 0000000000000000
3 R 0000000000000003
1 R 0000000000000004
2 W 0000000000000008
1 R 0000000000000003
2 W 0000000000000001
2 W 0000000000000001
3 R 0000000000000001
1 R 0000000000000006
3 R 0000000000000006
0 W 0000000000000009
0 W 0000000000000003
0 W 0000000000000007
2 W 0000000000000004
3 R 0000000000000002
3 R 0000000000000000
2 W 0000000000000005
3 R 0000000000000009
3 R 0000000000000005
3 R 0000000000000006
0 W 0000000000000003
0 W 0000000000000009
2 W 0000000000000002
3 R 0000000000000009
0 W 0000000000000005
1 R 0000000000000007
0 W 0000000000000006
3 R 0000000000000004
0 W 0000000000000002
3 R 0000000000000009
0 W 0000000000000006
2 W 0000000000000008
3 R 0000000000000000
3 R 0000000000000008
1 R 0000000000000005
3 R 0000000000000008
3 R 0000000000000008
2 W 0000000000000003
1 R 0000000000000000
3 R 0000000000000004
0 W 0000000000000004
0 W 0000000000000008
2 W 0000000000000005
1 R 0000000000000003
0 W 0000000000000008
0 W 0000000000000007
3 R 0000000000000001
3 R 0000000000000007
1 R 0000000000000001
0 W 0000000000000006
0 W 0000000000000007
0 W 0000000000000003
2 W 0000000000000001
2 W 0000000000000000
3 R 0000000000000000
0 W 0000000000000009
1 R 0000000000000001
0 W 0000000000000008
3 R 0000000000000008
2 W 0000000000000001
0 W 0000000000000000
1 R 0000000000000005
1 R 0000000000000001
3 R 0000000000000008
3 R 0000000000000009
0 W 0000000000000001
1 R 0000000000000003
2 W 0000000000000003
1 R 0000000000000005
3 R 0000000000000005
1 R 0000000000000005
0 W 0000000000000006
1 R 0000000000000006
