34 W 0000000000000008
53 R 0000000000000000
40 W 0000000000000007
39 R 0000000000000004
7 R 0000000000000007
62 W 0000000000000003
34 W 0000000000000004
11 R 0000000000000006
56 W 0000000000000006
20 W 0000000000000005
35 R 0000000000000002
34 W 0000000000000008
39 R 0000000000000009
63 R 0000000000000006
60 W 0000000000000001
63 R 0000000000000003
45 R 0000000000000002
56 W 0000000000000002
59 R 0000000000000008
58 W 0000000000000006
9 R 0000000000000008
51 R 0000000000000009
39 R 0000000000000001
7 R 0000000000000001
36 W 0000000000000004
57 R 0000000000000006
23 R 0000000000000000
54 W 0000000000000008
33 R 0000000000000006
51 R 0000000000000007
51 R 0000000000000002
47 R 0000000000000004
34 W 0000000000000001
9 R 0000000000000003
9 R 0000000000000003
23 R 0000000000000001
2 W 0000000000000006
12 W 0000000000000004
10 W 0000000000000009
14 W 0000000000000005
49 R 0000000000000002
22 W 0000000000000004
30 W 0000000000000003
5 R 0000000000000008
9 R 0000000000000002
0 W 0000000000000001
28 W 0000000000000003
6 W 0000000000000006
33 R 0000000000000000
58 W 0000000000000005
10 W 0000000000000004
10 W 0000000000000009
32 W 0000000000000007
31 R 0000000000000009
32 W 0000000000000001
22 W 0000000000000003
49 R 0000000000000000
51 R 0000000000000006
12 W 0000000000000006
15 R 0000000000000001
55 R 0000000000000002
38 W 0000000000000004
54 W 0000000000000006
16 W 0000000000000008
15 R 0000000000000006
9 R 0000000000000008
32 W 0000000000000002
49 R 0000000000000006
3 R 0000000000000000
2 W 0000000000000003
63 R 0000000000000003
62 W 0000000000000006
24 W 0000000000000003
1 R 0000000000000007
63 R 0000000000000002
7 R 0000000000000008
15 R 0000000000000003
10 W 0000000000000001
42 W 0000000000000000
58 W 0000000000000004
32 W 0000000000000004
40 W 0000000000000008
21 R 0000000000000003
11 R 0000000000000009
3 R 0000000000000000
39 R 0000000000000002
21 R 0000000000000004
58 W 0000000000000009
7 R 0000000000000000
33 R 0000000000000009
20 W 0000000000000004
49 R 0000000000000001
20 W 0000000000000007
0 W 0000000000000000
61 R 0000000000000002
31 R 0000000000000005
6 W 0000000000000008
23 R 0000000000000007
21 R 0000000000000002
58 W 0000000000000006
10 W 0000000000000002
61 R 0000000000000002
8 W 0000000000000003
8 W 0000000000000007
59 R 0000000000000008
16 W 0000000000000000
63 R 0000000000000009
61 R 0000000000000003
48 W 0000000000000005
58 W 0000000000000003
58 W 0000000000000005
29 R 0000000000000006
33 R 0000000000000005
45 R 0000000000000002
30 W 0000000000000000
11 R 0000000000000008
51 R 0000000000000004
47 R 0000000000000002
60 W 0000000000000007
59 R 0000000000000003
50 W 0000000000000005
33 R 0000000000000008
54 W 0000000000000005
46 W 0000000000000003
27 R 0000000000000005
47 R 0000000000000008
0 W 0000000000000003
17 R 0000000000000005
3 R 0000000000000001
51 R 0000000000000004
7 R 0000000000000002
36 W 0000000000000007
23 R 0000000000000000
53 R 0000000000000008
45 R 0000000000000006
51 R 0000000000000003
22 W 0000000000000008
26 W 0000000000000007
60 W 0000000000000005
40 W 0000000000000003
58 W 0000000000000007
48 W 0000000000000003
62 W 0000000000000000
57 R 0000000000000008
31 R 0000000000000003
9 R 0000000000000007
54 W 0000000000000005
61 R 0000000000000009
33 R 0000000000000004
61 R 0000000000000000
16 W 0000000000000003
7 R 0000000000000004
41 R 0000000000000007
40 W 0000000000000001
48 W 0000000000000004
15 R 0000000000000004
52 W 0000000000000002
55 R 0000000000000006
24 W 0000000000000008
32 W 0000000000000002
21 R 0000000000000001
14 W 0000000000000003
8 W 0000000000000005
3 R 0000000000000002
44 W 0000000000000000
60 W 0000000000000005
57 R 0000000000000003
40 W 0000000000000001
57 R 0000000000000001
45 R 0000000000000007
43 R 0000000000000009
36 W 0000000000000006
18 W 0000000000000006
33 R 0000000000000000
3 R 0000000000000007
23 R 0000000000000002
28 W 0000000000000005
36 W 0000000000000006
48 W 0000000000000008
61 R 0000000000000008
60 W 0000000000000008
27 R 0000000000000006
41 R 0000000000000006
7 R 0000000000000003
58 W 0000000000000000
62 W 0000000000000007
51 R 0000000000000000
43 R 0000000000000009
63 R 0000000000000007
15 R 0000000000000000
40 W 0000000000000009
31 R 0000000000000004
39 R 0000000000000003
31 R 0000000000000005
54 W 0000000000000002
0 W 0000000000000008
24 W 0000000000000008
32 W 0000000000000003
36 W 0000000000000001
56 W 0000000000000007
43 R 0000000000000005
59 R 0000000000000003
40 W 0000000000000001
8 W 0000000000000000
20 W 0000000000000000
46 W 0000000000000007
26 W 0000000000000002
58 W 0000000000000008
20 W 0000000000000007
54 W 0000000000000009
13 R 0000000000000001
61 R 0000000000000008
19 R 0000000000000005
24 W 0000000000000004
34 W 0000000000000002
15 R 0000000000000001
30 W 0000000000000007
7 R 0000000000000009
27 R 0000000000000009
17 R 0000000000000000
51 R 0000000000000002
56 W 0000000000000007
54 W 0000000000000009
17 R 0000000000000007
33 R 0000000000000003
2 W 0000000000000009
61 R 0000000000000008
62 W 0000000000000002
51 R 0000000000000002
61 R 0000000000000008
9 R 0000000000000002
16 W 0000000000000009
9 R 0000000000000002
60 W 0000000000000004
19 R 0000000000000001
44 W 0000000000000006
60 W 0000000000000005
31 R 0000000000000006
35 R 0000000000000003
14 W 0000000000000002
5 R 0000000000000008
11 R 0000000000000001
21 R 0000000000000002
20 W 0000000000000004
0 W 0000000000000003
51 R 0000000000000004
53 R 0000000000000005
48 W 0000000000000006
55 R 0000000000000001
45 R 0000000000000005
38 W 0000000000000007
48 W 0000000000000007
29 R 0000000000000004
56 W 0000000000000001
41 R 0000000000000007
23 R 0000000000000001
47 R 0000000000000008
63 R 0000000000000005
28 W 0000000000000009
62 W 0000000000000008
4 W 0000000000000009
28 W 0000000000000003
52 W 0000000000000002
21 R 0000000000000002
41 R 0000000000000009
28 W 0000000000000007
60 W 0000000000000009
0 W 0000000000000000
39 R 0000000000000006
35 R 0000000000000009
54 W 0000000000000008
43 R 0000000000000009
20 W 0000000000000006
4 W 0000000000000002
4 W 0000000000000000
5 R 0000000000000007
56 W 0000000000000000
44 W 0000000000000009
53 R 0000000000000006
60 W 0000000000000001
41 R 0000000000000005
59 R 0000000000000004
38 W 0000000000000007
42 W 0000000000000009
45 R 0000000000000002
3 R 0000000000000002
35 R 0000000000000009
28 W 0000000000000005
10 W 0000000000000006
33 R 0000000000000003
30 W 0000000000000009
7 R 0000000000000009
52 W 0000000000000006
7 R 0000000000000000
56 W 0000000000000000
30 W 0000000000000002
15 R 0000000000000005
42 W 0000000000000001
51 R 0000000000000007
48 W 0000000000000004
19 R 0000000000000005
17 R 0000000000000003
59 R 0000000000000007
51 R 0000000000000005
32 W 0000000000000008
58 W 0000000000000000
26 W 0000000000000000
22 W 0000000000000009
39 R 0000000000000004
55 R 0000000000000000
32 W 0000000000000004
8 W 0000000000000006
1 R 0000000000000002
51 R 0000000000000008
48 W 0000000000000004
37 R 0000000000000003
7 R 0000000000000006
27 R 0000000000000003
44 W 0000000000000007
33 R 0000000000000002
49 R 0000000000000001
16 W 0000000000000007
10 W 0000000000000009
28 W 0000000000000003
58 W 0000000000000003
61 R 0000000000000008
41 R 0000000000000004
59 R 0000000000000007
46 W 0000000000000008
46 W 0000000000000009
31 R 0000000000000005
47 R 0000000000000009
35 R 0000000000000002
22 W 0000000000000003
2 W 0000000000000008
0 W 0000000000000002
48 W 0000000000000001
10 W 0000000000000004
28 W 0000000000000007
34 W 0000000000000001
16 W 0000000000000008
53 R 0000000000000007
32 W 0000000000000009
19 R 0000000000000002
18 W 0000000000000002
43 R 0000000000000005
63 R 0000000000000007
44 W 0000000000000009
23 R 0000000000000008
49 R 0000000000000008
55 R 0000000000000002
28 W 0000000000000000
41 R 0000000000000008
54 W 0000000000000004
24 W 0000000000000001
21 R 0000000000000007
27 R 0000000000000007
59 R 0000000000000007
30 W 0000000000000007
37 R 0000000000000003
41 R 0000000000000005
11 R 0000000000000002
37 R 0000000000000009
4 W 0000000000000003
34 W 0000000000000009
47 R 0000000000000007
25 R 0000000000000002
12 W 0000000000000000
23 R 0000000000000000
31 R 0000000000000004
31 R 0000000000000002
52 W 0000000000000008
16 W 0000000000000009
30 W 0000000000000004
50 W 0000000000000004
17 R 0000000000000003
7 R 0000000000000003
45 R 0000000000000002
18 W 0000000000000008
28 W 0000000000000008
19 R 0000000000000006
26 W 0000000000000008
38 W 0000000000000009
43 R 0000000000000008
59 R 0000000000000007
50 W 0000000000000003
60 W 0000000000000006
62 W 0000000000000006
58 W 0000000000000007
45 R 0000000000000007
50 W 0000000000000003
49 R 0000000000000003
10 W 0000000000000007
14 W 0000000000000004
21 R 0000000000000007
22 W 0000000000000009
28 W 0000000000000003
11 R 0000000000000007
1 R 0000000000000001
18 W 0000000000000003
16 W 0000000000000002
9 R 0000000000000001
1 R 0000000000000002
16 W 0000000000000003
21 R 0000000000000006
34 W 0000000000000003
1 R 0000000000000000
29 R 0000000000000005
14 W 0000000000000005
56 W 0000000000000005
8 W 0000000000000009
1 R 0000000000000007
8 W 0000000000000000
0 W 0000000000000009
8 W 0000000000000003
11 R 0000000000000001
41 R 0000000000000001
56 W 0000000000000005
59 R 0000000000000009
55 R 0000000000000004
59 R 0000000000000006
44 W 0000000000000009
36 W 0000000000000006
45 R 0000000000000003
33 R 0000000000000008
63 R 0000000000000000
30 W 0000000000000000
52 W 0000000000000006
51 R 0000000000000000
63 R 0000000000000000
36 W 0000000000000009
14 W 0000000000000007
8 W 0000000000000006
21 R 0000000000000001
16 W 0000000000000008
45 R 0000000000000005
28 W 0000000000000006
47 R 0000000000000005
26 W 0000000000000003
42 W 0000000000000004
63 R 0000000000000009
10 W 0000000000000001
36 W 0000000000000009
50 W 0000000000000009
29 R 0000000000000009
50 W 0000000000000000
34 W 0000000000000000
16 W 0000000000000004
19 R 0000000000000008
18 W 0000000000000000
13 R 0000000000000007
46 W 0000000000000001
62 W 0000000000000004
23 R 0000000000000001
60 W 0000000000000002
21 R 0000000000000009
17 R 0000000000000008
39 R 0000000000000006
52 W 0000000000000001
62 W 0000000000000007
31 R 0000000000000004
9 R 0000000000000001
31 R 0000000000000002
47 R 0000000000000002
24 W 0000000000000006
56 W 0000000000000006
25 R 0000000000000003
62 W 0000000000000005
20 W 0000000000000008
20 W 0000000000000003
14 W 0000000000000005
56 W 0000000000000003
42 W 0000000000000004
36 W 0000000000000005
52 W 0000000000000004
53 R 0000000000000009
49 R 0000000000000003
37 R 0000000000000007
27 R 0000000000000003
52 W 0000000000000005
50 W 0000000000000002
24 W 0000000000000007
46 W 0000000000000009
11 R 0000000000000008
27 R 0000000000000009
9 R 0000000000000004
56 W 0000000000000006
60 W 0000000000000003
46 W 0000000000000007
56 W 0000000000000008
40 W 0000000000000007
42 W 0000000000000002
63 R 0000000000000007
62 W 0000000000000003
30 W 0000000000000002
3 R 0000000000000002
15 R 0000000000000002
47 R 0000000000000008
51 R 0000000000000005
12 W 0000000000000000
61 R 0000000000000004
60 W 0000000000000009
32 W 0000000000000006
18 W 0000000000000008
57 R 0000000000000008
34 W 0000000000000009
51 R 0000000000000008
28 W 0000000000000001
32 W 0000000000000006
13 R 0000000000000001
11 R 0000000000000003
45 R 0000000000000009
30 W 0000000000000006
17 R 0000000000000004
5 R 0000000000000007
48 W 0000000000000005
47 R 0000000000000005
56 W 0000000000000000
22 W 0000000000000008
6 W 0000000000000005
7 R 0000000000000005
45 R 0000000000000009
56 W 0000000000000003
26 W 0000000000000002
52 W 0000000000000001
51 R 0000000000000005
18 W 0000000000000007
9 R 0000000000000004
46 W 0000000000000001
36 W 0000000000000008
2 W 0000000000000002
29 R 0000000000000003
10 W 0000000000000007
63 R 0000000000000008
33 R 0000000000000005
42 W 0000000000000002
46 W 0000000000000002
45 R 0000000000000005
36 W 0000000000000002
12 W 0000000000000008
6 W 0000000000000005
5 R 0000000000000004
4 W 0000000000000007
4 W 0000000000000002
45 R 0000000000000004
48 W 0000000000000001
21 R 0000000000000004
63 R 0000000000000003
53 R 0000000000000008
49 R 0000000000000003
18 W 0000000000000008
20 W 0000000000000007
38 W 0000000000000006
30 W 0000000000000005
9 R 0000000000000008
24 W 0000000000000000
61 R 0000000000000006
49 R 0000000000000009
24 W 0000000000000004
25 R 0000000000000007
34 W 0000000000000004
37 R 0000000000000008
30 W 0000000000000009
31 R 0000000000000006
51 R 0000000000000008
1 R 0000000000000008
19 R 0000000000000002
1 R 0000000000000006
31 R 0000000000000008
45 R 0000000000000004
46 W 0000000000000002
49 R 0000000000000005
50 W 0000000000000000
8 W 0000000000000003
22 W 0000000000000000
48 W 0000000000000008
63 R 0000000000000007
31 R 0000000000000006
47 R 0000000000000008
6 W 0000000000000007
5 R 0000000000000001
10 W 0000000000000002
47 R 0000000000000004
28 W 0000000000000005
12 W 0000000000000001
1 R 0000000000000005
62 W 0000000000000004
27 R 0000000000000004
52 W 0000000000000009
56 W 0000000000000004
11 R 0000000000000001
36 W 0000000000000001
24 W 0000000000000005
33 R 0000000000000004
53 R 0000000000000004
45 R 0000000000000000
48 W 0000000000000000
2 W 0000000000000001
1 R 0000000000000003
43 R 0000000000000002
49 R 0000000000000004
18 W 0000000000000005
38 W 0000000000000008
28 W 0000000000000006
37 R 0000000000000009
50 W 0000000000000004
5 R 0000000000000000
33 R 0000000000000006
34 W 0000000000000001
49 R 0000000000000006
52 W 0000000000000001
61 R 0000000000000004
8 W 0000000000000009
47 R 0000000000000004
56 W 0000000000000002
34 W 0000000000000001
55 R 0000000000000001
46 W 0000000000000002
50 W 0000000000000008
5 R 0000000000000001
17 R 0000000000000003
38 W 0000000000000005
23 R 0000000000000009
21 R 0000000000000007
48 W 0000000000000002
15 R 0000000000000000
50 W 0000000000000004
2 W 0000000000000000
50 W 0000000000000007
8 W 0000000000000007
22 W 0000000000000003
25 R 0000000000000005
60 W 0000000000000007
24 W 0000000000000005
13 R 0000000000000009
58 W 0000000000000003
59 R 0000000000000005
39 R 0000000000000005
44 W 0000000000000005
42 W 0000000000000004
15 R 0000000000000003
24 W 0000000000000006
42 W 0000000000000007
42 W 0000000000000007
29 R 0000000000000008
33 R 0000000000000007
3 R 0000000000000006
35 R 0000000000000000
53 R 0000000000000004
46 W 0000000000000009
17 R 0000000000000004
39 R 0000000000000005
44 W 0000000000000006
5 R 0000000000000003
13 R 0000000000000000
51 R 0000000000000007
35 R 0000000000000001
5 R 0000000000000007
60 W 0000000000000003
19 R 0000000000000002
44 W 0000000000000003
62 W 0000000000000006
46 W 0000000000000009
36 W 0000000000000008
18 W 0000000000000001
17 R 0000000000000000
29 R 0000000000000005
28 W 0000000000000003
2 W 0000000000000003
17 R 0000000000000007
11 R 0000000000000007
36 W 0000000000000000
36 W 0000000000000009
39 R 0000000000000001
52 W 0000000000000001
16 W 0000000000000009
39 R 0000000000000007
57 R 0000000000000006
30 W 0000000000000000
1 R 0000000000000001
21 R 0000000000000002
38 W 0000000000000008
52 W 0000000000000005
4 W 0000000000000004
54 W 0000000000000005
55 R 0000000000000000
33 R 0000000000000009
5 R 0000000000000008
2 W 0000000000000002
39 R 0000000000000000
19 R 0000000000000002
55 R 0000000000000000
0 W 0000000000000005
60 W 0000000000000006
5 R 0000000000000008
10 W 0000000000000003
24 W 0000000000000003
9 R 0000000000000009
18 W 0000000000000000
47 R 0000000000000006
21 R 0000000000000001
3 R 0000000000000000
11 R 0000000000000002
7 R 0000000000000007
47 R 0000000000000005
2 W 0000000000000003
60 W 0000000000000006
28 W 0000000000000004
11 R 0000000000000002
42 W 0000000000000003
11 R 0000000000000007
47 R 0000000000000009
31 R 0000000000000003
40 W 0000000000000004
12 W 0000000000000008
42 W 0000000000000008
1 R 0000000000000004
60 W 0000000000000006
39 R 0000000000000008
58 W 0000000000000006
39 R 0000000000000004
63 R 0000000000000002
2 W 0000000000000006
16 W 0000000000000007
41 R 0000000000000008
46 W 0000000000000004
37 R 0000000000000008
30 W 0000000000000002
3 R 0000000000000001
39 R 0000000000000003
50 W 0000000000000008
8 W 0000000000000004
39 R 0000000000000003
34 W 0000000000000003
42 W 0000000000000001
60 W 0000000000000009
38 W 0000000000000008
33 R 0000000000000006
28 W 0000000000000009
53 R 0000000000000009
6 W 0000000000000003
17 R 0000000000000004
59 R 0000000000000003
54 W 0000000000000000
34 W 0000000000000008
29 R 0000000000000001
39 R 0000000000000005
56 W 0000000000000001
36 W 0000000000000006
46 W 0000000000000004
46 W 0000000000000007
62 W 0000000000000003
1 R 0000000000000003
51 R 0000000000000008
32 W 0000000000000002
32 W 0000000000000005
36 W 0000000000000008
38 W 0000000000000006
27 R 0000000000000008
7 R 0000000000000006
47 R 0000000000000007
59 R 0000000000000007
27 R 0000000000000006
24 W 0000000000000005
2 W 0000000000000004
56 W 0000000000000005
20 W 0000000000000001
35 R 0000000000000000
62 W 0000000000000007
23 R 0000000000000002
35 R 0000000000000003
29 R 0000000000000005
2 W 0000000000000005
21 R 0000000000000002
3 R 0000000000000001
11 R 0000000000000003
11 R 0000000000000006
54 W 0000000000000006
62 W 0000000000000005
61 R 0000000000000008
36 W 0000000000000005
48 W 0000000000000006
59 R 0000000000000008
62 W 0000000000000005
60 W 0000000000000001
45 R 0000000000000008
56 W 0000000000000003
4 W 0000000000000009
6 W 0000000000000007
2 W 0000000000000008
55 R 0000000000000008
41 R 0000000000000002
59 R 0000000000000005
52 W 0000000000000007
15 R 0000000000000001
7 R 0000000000000009
11 R 0000000000000008
23 R 0000000000000005
14 W 0000000000000008
52 W 0000000000000002
33 R 0000000000000009
63 R 0000000000000001
59 R 0000000000000004
9 R 0000000000000005
54 W 0000000000000009
43 R 0000000000000003
3 R 0000000000000003
32 W 0000000000000005
53 R 0000000000000007
51 R 0000000000000005
32 W 0000000000000006
5 R 0000000000000007
1 R 0000000000000005
47 R 0000000000000001
40 W 0000000000000007
36 W 0000000000000007
26 W 0000000000000000
6 W 0000000000000001
20 W 0000000000000008
26 W 0000000000000006
34 W 0000000000000007
43 R 0000000000000005
44 W 0000000000000001
21 R 0000000000000006
18 W 0000000000000005
21 R 0000000000000009
42 W 0000000000000002
51 R 0000000000000000
9 R 0000000000000000
2 W 0000000000000006
11 R 0000000000000007
26 W 0000000000000005
20 W 0000000000000000
7 R 0000000000000009
60 W 0000000000000001
4 W 0000000000000003
15 R 0000000000000002
11 R 0000000000000005
39 R 0000000000000000
43 R 0000000000000004
5 R 0000000000000004
61 R 0000000000000008
19 R 0000000000000004
12 W 0000000000000000
35 R 0000000000000002
7 R 0000000000000000
12 W 0000000000000009
47 R 0000000000000000
3 R 0000000000000003
15 R 0000000000000004
36 W 0000000000000002
49 R 0000000000000003
18 W 0000000000000007
26 W 0000000000000000
17 R 0000000000000002
1 R 0000000000000002
32 W 0000000000000005
42 W 0000000000000004
46 W 0000000000000001
60 W 0000000000000004
25 R 0000000000000004
50 W 0000000000000000
55 R 0000000000000005
17 R 0000000000000003
32 W 0000000000000005
41 R 0000000000000007
13 R 0000000000000007
44 W 0000000000000006
44 W 0000000000000005
13 R 0000000000000006
54 W 0000000000000005
42 W 0000000000000002
61 R 0000000000000007
50 W 0000000000000008
45 R 0000000000000002
22 W 0000000000000007
12 W 0000000000000003
4 W 0000000000000009
31 R 0000000000000003
40 W 0000000000000003
1 R 0000000000000008
53 R 0000000000000005
63 R 0000000000000006
42 W 0000000000000005
25 R 0000000000000007
1 R 0000000000000000
9 R 0000000000000003
6 W 0000000000000009
24 W 0000000000000003
0 W 0000000000000008
47 R 0000000000000000
29 R 0000000000000000
53 R 0000000000000003
15 R 0000000000000001
11 R 0000000000000006
59 R 0000000000000001
16 W 0000000000000008
44 W 0000000000000004
6 W 0000000000000004
8 W 0000000000000001
61 R 0000000000000005
55 R 0000000000000002
62 W 0000000000000005
21 R 0000000000000005
29 R 0000000000000006
18 W 0000000000000000
34 W 0000000000000003
25 R 0000000000000005
17 R 0000000000000007
14 W 0000000000000007
11 R 0000000000000001
5 R 0000000000000003
1 R 0000000000000003
56 W 0000000000000000
36 W 0000000000000000
28 W 0000000000000007
13 R 0000000000000008
2 W 0000000000000001
55 R 0000000000000005
4 W 0000000000000008
0 W 0000000000000006
30 W 0000000000000000
50 W 0000000000000006
10 W 0000000000000001
14 W 0000000000000001
63 R 0000000000000004
18 W 0000000000000002
9 R 0000000000000005
13 R 0000000000000002
1 R 0000000000000001
61 R 0000000000000002
11 R 0000000000000004
53 R 0000000000000000
54 W 0000000000000001
6 W 0000000000000006
6 W 0000000000000000
61 R 0000000000000007
61 R 0000000000000004
6 W 0000000000000001
59 R 0000000000000006
56 W 0000000000000004
39 R 0000000000000002
30 W 0000000000000000
49 R 0000000000000002
7 R 0000000000000009
13 R 0000000000000009
33 R 0000000000000003
41 R 0000000000000002
33 R 0000000000000004
38 W 0000000000000001
2 W 0000000000000008
21 R 0000000000000008
35 R 0000000000000004
61 R 0000000000000002
9 R 0000000000000000
54 W 0000000000000005
61 R 0000000000000009
46 W 0000000000000009
40 W 0000000000000005
10 W 0000000000000009
16 W 0000000000000001
41 R 0000000000000007
5 R 0000000000000004
39 R 0000000000000009
35 R 0000000000000007
63 R 0000000000000003
47 R 0000000000000003
52 W 0000000000000003
49 R 0000000000000009
32 W 0000000000000000
61 R 0000000000000000
46 W 0000000000000007
58 W 0000000000000005
29 R 0000000000000001
17 R 0000000000000009
51 R 0000000000000009
41 R 0000000000000009
2 W 0000000000000006
2 W 0000000000000002
34 W 0000000000000003
61 R 0000000000000002
30 W 0000000000000003
18 W 0000000000000006
6 W 0000000000000001
1 R 0000000000000008
38 W 0000000000000003
58 W 0000000000000007
56 W 0000000000000001
0 W 0000000000000005
26 W 0000000000000003
33 R 0000000000000004
31 R 0000000000000009
17 R 0000000000000004
41 R 0000000000000004
52 W 0000000000000009
63 R 0000000000000000
60 W 0000000000000006
2 W 0000000000000003
2 W 0000000000000006
14 W 0000000000000002
14 W 0000000000000007
21 R 0000000000000008
45 R 0000000000000008
60 W 0000000000000009
36 W 0000000000000006
43 R 0000000000000008
36 W 0000000000000008
12 W 0000000000000007
45 R 0000000000000004
53 R 0000000000000003
18 W 0000000000000007
18 W 0000000000000008
20 W 0000000000000006
8 W 0000000000000001
63 R 0000000000000005
28 W 0000000000000004
34 W 0000000000000000
38 W 0000000000000005
21 R 0000000000000001
17 R 0000000000000003
63 R 0000000000000006
41 R 0000000000000004
10 W 0000000000000001
35 R 0000000000000004
47 R 0000000000000000
53 R 0000000000000006
19 R 0000000000000005
6 W 0000000000000001
40 W 0000000000000004
14 W 0000000000000000
60 W 0000000000000003
61 R 0000000000000002
16 W 0000000000000009
36 W 0000000000000007
37 R 0000000000000009
15 R 0000000000000005
5 R 0000000000000006
34 W 0000000000000000
31 R 0000000000000000
27 R 0000000000000004
49 R 0000000000000008
9 R 0000000000000005
57 R 0000000000000006
4 W 0000000000000007
44 W 0000000000000001
46 W 0000000000000002
5 R 0000000000000004
59 R 0000000000000000
54 W 0000000000000001
43 R 0000000000000000
32 W 0000000000000009
11 R 0000000000000001
52 W 0000000000000000
58 W 0000000000000004
9 R 0000000000000002
1 R 0000000000000000
22 W 0000000000000004
47 R 0000000000000000
32 W 0000000000000004
18 W 0000000000000006
18 W 0000000000000004
30 W 0000000000000003
40 W 0000000000000000
10 W 0000000000000004
30 W 0000000000000005
18 W 0000000000000004
30 W 0000000000000004
16 W 0000000000000001
16 W 0000000000000008
5 R 0000000000000007
11 R 0000000000000005
31 R 0000000000000006
62 W 0000000000000007
4 W 0000000000000004
33 R 0000000000000001
33 R 0000000000000009
60 W 0000000000000003
29 R 0000000000000005
61 R 0000000000000007
31 R 0000000000000004
3 R 0000000000000008
24 W 0000000000000003
63 R 0000000000000002
5 R 0000000000000005
34 W 0000000000000002
56 W 0000000000000009
4 W 0000000000000005
50 W 0000000000000002
44 W 0000000000000007
48 W 0000000000000006
33 R 0000000000000003
44 W 0000000000000007
14 W 0000000000000001
53 R 0000000000000008
40 W 0000000000000006
28 W 0000000000000004
44 W 0000000000000001
37 R 0000000000000009
61 R 0000000000000007
47 R 0000000000000005
2 W 0000000000000003
28 W 0000000000000009
47 R 0000000000000008
11 R 0000000000000002
1 R 0000000000000000
22 W 0000000000000009
8 W 0000000000000001
21 R 0000000000000003
46 W 0000000000000000
58 W 0000000000000006
2 W 0000000000000000
54 W 0000000000000005
60 W 0000000000000000
38 W 0000000000000001
18 W 0000000000000001
16 W 0000000000000000
13 R 0000000000000002
62 W 0000000000000001
23 R 0000000000000009
30 W 0000000000000003
49 R 0000000000000002
43 R 0000000000000000
6 W 0000000000000000
30 W 0000000000000007
31 R 0000000000000007
34 W 0000000000000004
25 R 0000000000000002
3 R 0000000000000008
29 R 0000000000000004
13 R 0000000000000008
22 W 0000000000000008
27 R 0000000000000008
17 R 0000000000000001
7 R 0000000000000000
30 W 0000000000000007
14 W 0000000000000001
15 R 0000000000000004
8 W 0000000000000003
16 W 0000000000000004
49 R 0000000000000004
45 R 0000000000000008
17 R 0000000000000004
9 R 0000000000000004
49 R 0000000000000005
32 W 0000000000000003
43 R 0000000000000004
51 R 0000000000000003
8 W 0000000000000004
35 R 0000000000000007
42 W 0000000000000007
36 W 0000000000000007
24 W 0000000000000002
59 R 0000000000000003
30 W 0000000000000004
33 R 0000000000000001
63 R 0000000000000005
44 W 0000000000000005
34 W 0000000000000007
56 W 0000000000000002
14 W 0000000000000007
17 R 0000000000000004
3 R 0000000000000004
12 W 0000000000000004
0 W 0000000000000008
54 W 0000000000000003
47 R 0000000000000006
12 W 0000000000000008
19 R 0000000000000002
45 R 0000000000000000
60 W 0000000000000001
7 R 0000000000000009
48 W 0000000000000005
19 R 0000000000000004
8 W 0000000000000003
3 R 0000000000000003
59 R 0000000000000008
44 W 0000000000000008
4 W 0000000000000001
48 W 0000000000000000
21 R 0000000000000008
22 W 0000000000000008
37 R 0000000000000001
8 W 0000000000000009
51 R 0000000000000008
38 W 0000000000000004
21 R 0000000000000002
62 W 0000000000000004
60 W 0000000000000008
60 W 0000000000000004
32 W 0000000000000003
3 R 0000000000000000
10 W 0000000000000008
6 W 0000000000000005
0 W 0000000000000008
30 W 0000000000000001
4 W 0000000000000000
38 W 0000000000000009
59 R 0000000000000004
56 W 0000000000000009
5 R 0000000000000002
52 W 0000000000000006
3 R 0000000000000002
32 W 0000000000000004
35 R 0000000000000009
29 R 0000000000000000
54 W 0000000000000009
23 R 0000000000000009
26 W 0000000000000005
46 W 0000000000000001
23 R 0000000000000001
34 W 0000000000000005
9 R 0000000000000005
5 R 0000000000000005
13 R 0000000000000005
4 W 0000000000000009
19 R 0000000000000005
4 W 0000000000000003
1 R 0000000000000002
14 W 0000000000000008
24 W 0000000000000001
35 R 0000000000000006
15 R 0000000000000006
51 R 0000000000000002
22 W 0000000000000002
27 R 0000000000000004
55 R 0000000000000004
2 W 0000000000000007
44 W 0000000000000000
33 R 0000000000000003
59 R 0000000000000004
40 W 0000000000000004
56 W 0000000000000008
20 W 0000000000000005
46 W 0000000000000007
8 W 0000000000000008
55 R 0000000000000000
7 R 0000000000000000
8 W 0000000000000009
4 W 0000000000000008
9 R 0000000000000001
60 W 0000000000000001
26 W 0000000000000005
54 W 0000000000000003
46 W 0000000000000002
19 R 0000000000000005
63 R 0000000000000007
17 R 0000000000000003
21 R 0000000000000001
25 R 0000000000000007
14 W 0000000000000009
13 R 0000000000000009
31 R 0000000000000004
21 R 0000000000000000
53 R 0000000000000007
11 R 0000000000000004
16 W 0000000000000007
11 R 0000000000000005
39 R 0000000000000004
30 W 0000000000000007
30 W 0000000000000006
63 R 0000000000000002
5 R 0000000000000004
27 R 0000000000000007
28 W 0000000000000007
0 W 0000000000000002
27 R 0000000000000000
15 R 0000000000000008
40 W 0000000000000003
63 R 0000000000000006
7 R 0000000000000003
24 W 0000000000000002
33 R 0000000000000002
62 W 0000000000000007
41 R 0000000000000000
19 R 0000000000000005
48 W 0000000000000002
51 R 0000000000000002
36 W 0000000000000001
12 W 0000000000000001
30 W 0000000000000009
49 R 0000000000000004
17 R 0000000000000002
42 W 0000000000000009
62 W 0000000000000004
60 W 0000000000000000
4 W 0000000000000000
3 R 0000000000000008
51 R 0000000000000006
57 R 0000000000000004
14 W 0000000000000006
24 W 0000000000000005
36 W 0000000000000001
48 W 0000000000000005
57 R 0000000000000001
34 W 0000000000000005
36 W 0000000000000001
36 W 0000000000000003
23 R 0000000000000000
5 R 0000000000000003
2 W 0000000000000006
40 W 0000000000000006
11 R 0000000000000005
18 W 0000000000000008
20 W 0000000000000001
6 W 0000000000000005
36 W 0000000000000008
18 W 0000000000000002
22 W 0000000000000004
39 R 0000000000000006
0 W 0000000000000005
1 R 0000000000000005
29 R 0000000000000007
48 W 0000000000000005
34 W 0000000000000000
30 W 0000000000000009
42 W 0000000000000003
10 W 0000000000000004
46 W 0000000000000006
62 W 0000000000000004
22 W 0000000000000004
32 W 0000000000000004
54 W 0000000000000003
11 R 0000000000000002
48 W 0000000000000006
6 W 0000000000000005
15 R 0000000000000009
46 W 0000000000000005
10 W 0000000000000000
9 R 0000000000000000
50 W 0000000000000002
16 W 0000000000000004
31 R 0000000000000003
27 R 0000000000000007
21 R 0000000000000004
38 W 0000000000000002
30 W 0000000000000000
14 W 0000000000000004
11 R 0000000000000007
12 W 0000000000000001
19 R 0000000000000003
30 W 0000000000000002
6 W 0000000000000000
16 W 0000000000000000
29 R 0000000000000009
35 R 0000000000000001
17 R 0000000000000009
45 R 0000000000000008
10 W 0000000000000007
50 W 0000000000000000
41 R 0000000000000006
18 W 0000000000000004
23 R 0000000000000003
62 W 0000000000000006
28 W 0000000000000000
60 W 0000000000000005
12 W 0000000000000001
35 R 0000000000000002
26 W 0000000000000006
13 R 0000000000000008
55 R 0000000000000009
12 W 0000000000000001
4 W 0000000000000008
28 W 0000000000000009
22 W 0000000000000005
12 W 0000000000000007
10 W 0000000000000007
6 W 0000000000000003
9 R 0000000000000004
0 W 0000000000000002
50 W 0000000000000001
21 R 0000000000000008
43 R 0000000000000008
50 W 0000000000000007
40 W 0000000000000008
55 R 0000000000000000
50 W 0000000000000004
0 W 0000000000000005
15 R 0000000000000004
32 W 0000000000000004
20 W 0000000000000009
37 R 0000000000000004
33 R 0000000000000001
47 R 0000000000000004
57 R 0000000000000006
4 W 0000000000000002
59 R 0000000000000007
40 W 0000000000000005
15 R 0000000000000001
45 R 0000000000000009
57 R 0000000000000009
63 R 0000000000000006
56 W 0000000000000006
54 W 0000000000000008
46 W 0000000000000006
42 W 0000000000000008
23 R 0000000000000001
14 W 0000000000000009
27 R 0000000000000000
31 R 0000000000000006
61 R 0000000000000002
23 R 0000000000000000
54 W 0000000000000004
40 W 0000000000000002
62 W 0000000000000009
36 W 0000000000000000
10 W 0000000000000007
23 R 0000000000000003
46 W 0000000000000005
37 R 0000000000000005
23 R 0000000000000005
20 W 0000000000000007
61 R 0000000000000007
51 R 0000000000000008
35 R 0000000000000003
46 W 0000000000000009
62 W 0000000000000000
45 R 0000000000000003
37 R 0000000000000005
34 W 0000000000000009
36 W 0000000000000005
29 R 0000000000000007
12 W 0000000000000006
34 W 0000000000000008
39 R 0000000000000007
49 R 0000000000000004
30 W 0000000000000002
58 W 0000000000000007
6 W 0000000000000006
30 W 0000000000000005
22 W 0000000000000003
50 W 0000000000000004
48 W 0000000000000001
56 W 0000000000000000
6 W 0000000000000001
37 R 0000000000000005
3 R 0000000000000006
25 R 0000000000000001
48 W 0000000000000005
6 W 0000000000000009
7 R 0000000000000000
34 W 0000000000000004
42 W 0000000000000003
16 W 0000000000000007
33 R 0000000000000008
59 R 0000000000000000
3 R 0000000000000005
2 W 0000000000000004
13 R 0000000000000001
9 R 0000000000000008
21 R 0000000000000009
54 W 0000000000000001
12 W 0000000000000004
0 W 0000000000000007
39 R 0000000000000001
27 R 0000000000000005
19 R 0000000000000001
0 W 0000000000000009
37 R 0000000000000001
5 R 0000000000000006
11 R 0000000000000005
30 W 0000000000000009
9 R 0000000000000009
23 R 0000000000000001
4 W 0000000000000008
50 W 0000000000000000
40 W 0000000000000007
25 R 0000000000000006
2 W 0000000000000005
11 R 0000000000000007
9 R 0000000000000009
12 W 0000000000000003
30 W 0000000000000007
63 R 0000000000000007
57 R 0000000000000009
47 R 0000000000000007
43 R 0000000000000000
29 R 0000000000000002
20 W 0000000000000002
3 R 0000000000000002
31 R 0000000000000002
9 R 0000000000000002
58 W 0000000000000000
57 R 0000000000000009
31 R 0000000000000008
9 R 0000000000000001
5 R 0000000000000000
17 R 0000000000000006
51 R 0000000000000004
31 R 0000000000000005
30 W 0000000000000003
4 W 0000000000000004
41 R 0000000000000000
52 W 0000000000000003
17 R 0000000000000004
7 R 0000000000000004
20 W 0000000000000002
8 W 0000000000000001
48 W 0000000000000005
55 R 0000000000000000
57 R 0000000000000004
26 W 0000000000000006
33 R 0000000000000005
48 W 0000000000000009
54 W 0000000000000005
6 W 0000000000000006
34 W 0000000000000006
40 W 0000000000000001
13 R 0000000000000003
4 W 0000000000000000
50 W 0000000000000006
6 W 0000000000000008
32 W 0000000000000001
32 W 0000000000000001
15 R 0000000000000008
47 R 0000000000000008
45 R 0000000000000009
17 R 0000000000000001
36 W 0000000000000009
55 R 0000000000000002
47 R 0000000000000007
27 R 0000000000000003
37 R 0000000000000009
49 R 0000000000000002
13 R 0000000000000000
16 W 0000000000000000
11 R 0000000000000003
9 R 0000000000000005
56 W 0000000000000007
13 R 0000000000000001
47 R 0000000000000008
23 R 0000000000000007
34 W 0000000000000008
62 W 0000000000000004
37 R 0000000000000007
39 R 0000000000000005
63 R 0000000000000009
34 W 0000000000000003
43 R 0000000000000009
42 W 0000000000000007
47 R 0000000000000000
42 W 0000000000000005
62 W 0000000000000009
51 R 0000000000000009
5 R 0000000000000003
36 W 0000000000000007
12 W 0000000000000005
61 R 0000000000000000
47 R 0000000000000003
33 R 0000000000000003
43 R 0000000000000008
62 W 0000000000000004
50 W 0000000000000008
12 W 0000000000000001
58 W 0000000000000005
53 R 0000000000000008
9 R 0000000000000006
27 R 0000000000000005
59 R 0000000000000009
49 R 0000000000000007
30 W 0000000000000004
50 W 0000000000000008
55 R 0000000000000000
27 R 0000000000000002
21 R 0000000000000002
3 R 0000000000000003
46 W 0000000000000009
17 R 0000000000000005
14 W 0000000000000001
39 R 0000000000000001
8 W 0000000000000002
43 R 0000000000000001
22 W 0000000000000009
41 R 0000000000000009
38 W 0000000000000005
7 R 0000000000000001
39 R 0000000000000003
23 R 0000000000000006
48 W 0000000000000003
25 R 0000000000000008
50 W 0000000000000000
51 R 0000000000000008
21 R 0000000000000008
31 R 0000000000000004
24 W 0000000000000007
36 W 0000000000000003
43 R 0000000000000009
48 W 0000000000000003
48 W 0000000000000007
46 W 0000000000000006
8 W 0000000000000003
20 W 0000000000000002
57 R 0000000000000001
34 W 0000000000000002
57 R 0000000000000009
17 R 0000000000000006
38 W 0000000000000005
21 R 0000000000000007
36 W 0000000000000004
53 R 0000000000000006
17 R 0000000000000008
49 R 0000000000000007
23 R 0000000000000003
30 W 0000000000000009
38 W 0000000000000001
36 W 0000000000000004
55 R 0000000000000006
36 W 0000000000000008
24 W 0000000000000008
55 R 0000000000000005
36 W 0000000000000003
33 R 0000000000000005
18 W 0000000000000004
56 W 0000000000000009
52 W 0000000000000008
11 R 0000000000000004
2 W 0000000000000001
11 R 0000000000000001
7 R 0000000000000005
63 R 0000000000000000
27 R 0000000000000009
56 W 0000000000000006
48 W 0000000000000000
17 R 0000000000000005
25 R 0000000000000007
29 R 0000000000000003
21 R 0000000000000001
46 W 0000000000000004
15 R 0000000000000003
12 W 0000000000000008
25 R 0000000000000002
34 W 0000000000000006
19 R 0000000000000008
50 W 0000000000000006
12 W 0000000000000006
35 R 0000000000000002
6 W 0000000000000007
60 W 0000000000000004
13 R 0000000000000000
27 R 0000000000000005
56 W 0000000000000004
58 W 0000000000000006
22 W 0000000000000006
49 R 0000000000000000
25 R 0000000000000007
23 R 0000000000000001
49 R 0000000000000009
11 R 0000000000000009
0 W 0000000000000002
2 W 0000000000000003
9 R 0000000000000009
12 W 0000000000000004
42 W 0000000000000008
25 R 0000000000000005
51 R 0000000000000004
14 W 0000000000000000
13 R 0000000000000008
39 R 0000000000000008
27 R 0000000000000000
37 R 0000000000000008
26 W 0000000000000009
36 W 0000000000000005
4 W 0000000000000000
34 W 0000000000000007
22 W 0000000000000006
63 R 0000000000000002
15 R 0000000000000009
2 W 0000000000000005
43 R 0000000000000001
22 W 0000000000000008
27 R 0000000000000002
2 W 0000000000000008
62 W 0000000000000001
20 W 0000000000000002
9 R 0000000000000004
4 W 0000000000000000
61 R 0000000000000005
21 R 0000000000000000
43 R 0000000000000001
0 W 0000000000000007
39 R 0000000000000006
39 R 0000000000000004
51 R 0000000000000002
38 W 0000000000000009
27 R 0000000000000000
52 W 0000000000000003
18 W 0000000000000007
9 R 0000000000000004
24 W 0000000000000008
29 R 0000000000000003
28 W 0000000000000006
38 W 0000000000000009
22 W 0000000000000004
30 W 0000000000000000
27 R 0000000000000004
57 R 0000000000000002
26 W 0000000000000007
5 R 0000000000000005
35 R 0000000000000006
57 R 0000000000000003
30 W 0000000000000009
59 R 0000000000000005
62 W 0000000000000007
54 W 0000000000000007
8 W 0000000000000001
8 W 0000000000000005
36 W 0000000000000008
10 W 0000000000000009
60 W 0000000000000006
36 W 0000000000000000
17 R 0000000000000001
37 R 0000000000000007
3 R 0000000000000006
28 W 0000000000000008
47 R 0000000000000004
5 R 0000000000000006
41 R 0000000000000003
58 W 0000000000000004
43 R 0000000000000007
38 W 0000000000000001
2 W 0000000000000005
27 R 0000000000000008
44 W 0000000000000007
40 W 0000000000000000
11 R 0000000000000006
47 R 0000000000000006
41 R 0000000000000009
39 R 0000000000000009
9 R 0000000000000004
32 W 0000000000000007
11 R 0000000000000008
44 W 0000000000000004
8 W 0000000000000004
52 W 0000000000000009
19 R 0000000000000006
35 R 0000000000000008
6 W 0000000000000005
43 R 0000000000000003
34 W 0000000000000001
54 W 0000000000000007
48 W 0000000000000001
11 R 0000000000000003
52 W 0000000000000008
1 R 0000000000000009
10 W 0000000000000004
39 R 0000000000000007
4 W 0000000000000000
20 W 0000000000000004
9 R 0000000000000001
6 W 0000000000000002
9 R 0000000000000000
15 R 0000000000000006
25 R 0000000000000002
25 R 0000000000000000
45 R 0000000000000004
35 R 0000000000000009
30 W 0000000000000008
57 R 0000000000000008
57 R 0000000000000009
51 R 0000000000000000
13 R 0000000000000009
22 W 0000000000000001
43 R 0000000000000009
39 R 0000000000000002
11 R 0000000000000000
46 W 0000000000000004
18 W 0000000000000001
1 R 0000000000000000
57 R 0000000000000005
24 W 0000000000000007
16 W 0000000000000007
3 R 0000000000000005
23 R 0000000000000006
28 W 0000000000000004
29 R 0000000000000008
23 R 0000000000000002
52 W 0000000000000003
60 W 0000000000000005
20 W 0000000000000007
42 W 0000000000000000
17 R 0000000000000009
45 R 0000000000000001
25 R 0000000000000003
28 W 0000000000000005
18 W 0000000000000008
41 R 0000000000000006
33 R 0000000000000004
13 R 0000000000000009
24 W 0000000000000007
4 W 0000000000000002
7 R 0000000000000003
54 W 0000000000000001
39 R 0000000000000002
24 W 0000000000000000
41 R 0000000000000001
54 W 0000000000000002
43 R 0000000000000004
8 W 0000000000000006
30 W 0000000000000001
5 R 0000000000000006
31 R 0000000000000003
37 R 0000000000000009
9 R 0000000000000006
42 W 0000000000000004
19 R 0000000000000001
35 R 0000000000000004
47 R 0000000000000000
59 R 0000000000000006
33 R 0000000000000001
23 R 0000000000000003
10 W 0000000000000004
4 W 0000000000000009
25 R 0000000000000007
20 W 0000000000000004
8 W 0000000000000001
4 W 0000000000000001
19 R 0000000000000001
46 W 0000000000000007
51 R 0000000000000000
0 W 0000000000000005
21 R 0000000000000005
20 W 0000000000000006
4 W 0000000000000000
44 W 0000000000000002
1 R 0000000000000006
18 W 0000000000000008
0 W 0000000000000009
27 R 0000000000000006
21 R 0000000000000005
12 W 0000000000000009
42 W 0000000000000009
8 W 0000000000000002
54 W 0000000000000001
28 W 0000000000000006
49 R 0000000000000008
56 W 0000000000000008
11 R 0000000000000008
61 R 0000000000000001
10 W 0000000000000006
2 W 0000000000000003
30 W 0000000000000007
54 W 0000000000000007
30 W 0000000000000000
46 W 0000000000000000
22 W 0000000000000005
6 W 0000000000000003
8 W 0000000000000005
10 W 0000000000000001
5 R 0000000000000007
23 R 0000000000000009
31 R 0000000000000008
61 R 0000000000000007
11 R 0000000000000002
42 W 0000000000000009
43 R 0000000000000006
48 W 0000000000000003
3 R 0000000000000009
25 R 0000000000000004
2 W 0000000000000005
42 W 0000000000000007
17 R 0000000000000008
21 R 0000000000000009
45 R 0000000000000002
10 W 0000000000000001
4 W 0000000000000006
61 R 0000000000000005
55 R 0000000000000001
45 R 0000000000000005
1 R 0000000000000005
39 R 0000000000000006
36 W 0000000000000004
1 R 0000000000000004
12 W 0000000000000004
29 R 0000000000000000
8 W 0000000000000005
60 W 0000000000000004
57 R 0000000000000007
61 R 0000000000000006
58 W 0000000000000003
2 W 0000000000000006
35 R 0000000000000003
11 R 0000000000000002
27 R 0000000000000009
53 R 0000000000000009
49 R 0000000000000005
48 W 0000000000000003
4 W 0000000000000008
32 W 0000000000000002
29 R 0000000000000006
59 R 0000000000000008
24 W 0000000000000003
4 W 0000000000000001
24 W 0000000000000009
6 W 0000000000000007
0 W 0000000000000002
11 R 0000000000000001
17 R 0000000000000002
43 R 0000000000000003
22 W 0000000000000002
6 W 0000000000000006
17 R 0000000000000003
61 R 0000000000000009
44 W 0000000000000007
56 W 0000000000000009
20 W 0000000000000008
35 R 0000000000000008
24 W 0000000000000006
22 W 0000000000000007
37 R 0000000000000007
28 W 0000000000000000
27 R 0000000000000002
47 R 0000000000000000
54 W 0000000000000006
19 R 0000000000000009
28 W 0000000000000007
5 R 0000000000000006
21 R 0000000000000005
62 W 0000000000000002
14 W 0000000000000001
36 W 0000000000000007
23 R 0000000000000006
19 R 0000000000000001
45 R 0000000000000009
48 W 0000000000000008
35 R 0000000000000009
1 R 0000000000000002
40 W 0000000000000000
5 R 0000000000000006
30 W 0000000000000001
53 R 0000000000000000
2 W 0000000000000000
18 W 0000000000000003
9 R 0000000000000001
17 R 0000000000000005
39 R 0000000000000009
15 R 0000000000000006
2 W 0000000000000004
61 R 0000000000000004
43 R 0000000000000005
53 R 0000000000000003
34 W 0000000000000008
28 W 0000000000000009
19 R 0000000000000003
5 R 0000000000000008
0 W 0000000000000003
10 W 0000000000000007
22 W 0000000000000002
47 R 0000000000000006
27 R 0000000000000008
18 W 0000000000000008
57 R 0000000000000001
37 R 0000000000000009
35 R 0000000000000006
61 R 0000000000000009
45 R 0000000000000000
49 R 0000000000000008
20 W 0000000000000002
36 W 0000000000000005
48 W 0000000000000008
10 W 0000000000000004
33 R 0000000000000007
20 W 0000000000000007
48 W 0000000000000008
50 W 0000000000000002
22 W 0000000000000007
44 W 0000000000000004
42 W 0000000000000002
14 W 0000000000000002
21 R 0000000000000005
34 W 0000000000000006
29 R 0000000000000001
5 R 0000000000000000
21 R 0000000000000007
45 R 0000000000000008
55 R 0000000000000001
38 W 0000000000000002
26 W 0000000000000006
18 W 0000000000000004
16 W 0000000000000007
27 R 0000000000000000
14 W 0000000000000009
56 W 0000000000000000
61 R 0000000000000002
14 W 0000000000000000
48 W 0000000000000002
45 R 0000000000000003
10 W 0000000000000005
55 R 0000000000000001
25 R 0000000000000009
61 R 0000000000000000
14 W 0000000000000007
39 R 0000000000000003
38 W 0000000000000002
15 R 0000000000000000
9 R 0000000000000005
54 W 0000000000000009
0 W 0000000000000004
46 W 0000000000000003
22 W 0000000000000004
53 R 0000000000000004
2 W 0000000000000005
