2 R 0000000000000064
3 R 0000000000000064
3 R 0000000000000202
2 R 0000000000000064
0 R 0000000000000065
1 R 0000000000000202
1 W 0000000000000064
2 W 00000000000003e7
0 W 0000000000000066
0 W 0000000000000065
2 R 00000000000003e7
0 W 0000000000000066
0 W 0000000000000066
2 W 0000000000000066
1 R 0000000000000140
2 R 0000000000000064
0 W 00000000000003e7
0 R 0000000000000066
2 R 0000000000000202
3 W 0000000000000066
3 R 0000000000000140
3 W 0000000000000140
3 W 00000000000003e7
2 W 0000000000000065
1 R 0000000000000064
1 R 0000000000000202
0 R 0000000000000064
1 R 0000000000000140
0 W 0000000000000140
2 R 0000000000000140
2 R 0000000000000066
1 R 0000000000000064
2 W 0000000000000064
3 W 00000000000003e7
1 R 0000000000000140
2 W 0000000000000202
2 R 0000000000000064
1 W 0000000000000064
0 R 0000000000000140
3 W 0000000000000065
3 W 0000000000000066
0 R 0000000000000140
1 R 0000000000000065
3 W 0000000000000202
0 W 0000000000000064
0 W 0000000000000064
1 R 0000000000000064
2 W 0000000000000064
1 W 00000000000003e7
1 R 00000000000003e7
2 W 0000000000000066
2 R 0000000000000202
0 R 0000000000000065
0 W 0000000000000066
3 W 0000000000000065
3 R 0000000000000065
2 R 0000000000000202
2 W 0000000000000066
1 R 00000000000003e7
1 R 0000000000000064
2 W 00000000000003e7
2 W 0000000000000066
3 R 0000000000000202
2 R 0000000000000064
0 W 0000000000000066
1 W 0000000000000140
0 R 00000000000003e7
1 W 0000000000000066
1 R 0000000000000064
3 W 0000000000000202
1 W 0000000000000066
0 W 0000000000000064
1 W 00000000000003e7
2 R 0000000000000140
0 W 0000000000000202
1 W 00000000000003e7
0 W 0000000000000202
3 W 0000000000000065
3 W 0000000000000066
1 W 0000000000000064
2 W 0000000000000202
0 W 00000000000003e7
2 R 00000000000003e7
2 R 0000000000000065
0 W 0000000000000065
0 R 00000000000003e7
0 W 0000000000000140
3 R 0000000000000064
1 W 0000000000000064
3 R 0000000000000066
3 R 00000000000003e7
2 W 0000000000000065
3 R 00000000000003e7
2 R 0000000000000065
2 R 0000000000000065
2 W 0000000000000140
2 R 0000000000000065
3 W 0000000000000065
0 W 0000000000000140
3 R 0000000000000202
2 R 0000000000000202
2 W 0000000000000202
1 W 00000000000003e7
3 R 0000000000000066
2 R 0000000000000065
2 R 0000000000000065
3 R 0000000000000065
2 W 00000000000003e7
2 W 0000000000000140
0 W 0000000000000140
1 W 0000000000000064
1 R 0000000000000140
2 R 0000000000000140
2 W 00000000000003e7
3 R 00000000000003e7
1 W 00000000000003e7
1 R 0000000000000064
2 W 0000000000000202
0 R 0000000000000064
1 R 0000000000000064
1 R 0000000000000066
0 R 0000000000000065
0 W 0000000000000065
3 W 00000000000003e7
0 W 0000000000000202
0 R 0000000000000202
1 W 0000000000000065
0 R 0000000000000140
1 W 00000000000003e7
3 R 00000000000003e7
3 R 0000000000000066
2 R 0000000000000202
3 W 0000000000000202
2 R 0000000000000065
1 R 0000000000000065
1 W 00000000000003e7
3 R 00000000000003e7
3 W 0000000000000064
3 W 0000000000000202
2 W 0000000000000066
1 W 0000000000000065
2 R 0000000000000202
1 R 00000000000003e7
2 W 0000000000000202
3 W 0000000000000066
1 R 0000000000000140
1 W 0000000000000202
0 W 0000000000000064
1 W 00000000000003e7
0 R 0000000000000066
2 R 00000000000003e7
1 R 0000000000000140
0 R 0000000000000140
0 R 0000000000000066
0 R 0000000000000065
2 R 0000000000000064
2 R 00000000000003e7
2 R 00000000000003e7
3 R 0000000000000065
0 W 0000000000000202
2 R 0000000000000064
0 W 0000000000000065
1 R 00000000000003e7
2 W 0000000000000140
3 W 0000000000000202
2 R 0000000000000065
2 R 0000000000000064
2 R 0000000000000064
2 W 0000000000000065
0 R 0000000000000064
3 W 0000000000000202
2 R 0000000000000202
3 W 0000000000000066
0 R 0000000000000066
1 R 00000000000003e7
2 R 00000000000003e7
3 R 0000000000000064
0 W 00000000000003e7
2 R 0000000000000064
1 R 0000000000000066
0 R 0000000000000066
3 W 0000000000000065
3 R 00000000000003e7
3 W 0000000000000202
0 W 0000000000000066
3 R 0000000000000140
0 R 0000000000000064
3 W 0000000000000065
3 R 0000000000000064
3 R 0000000000000064
3 R 0000000000000066
3 W 0000000000000066
0 R 0000000000000140
2 W 0000000000000066
1 W 0000000000000064
1 R 0000000000000066
1 W 0000000000000140
3 R 0000000000000066
2 W 0000000000000064
2 W 0000000000000065
2 R 0000000000000066
2 R 0000000000000065
1 W 0000000000000064
0 W 00000000000003e7
1 R 0000000000000140
2 W 00000000000003e7
3 W 0000000000000202
2 W 00000000000003e7
0 W 00000000000003e7
2 R 0000000000000066
1 W 0000000000000202
2 W 0000000000000064
3 R 00000000000003e7
3 W 0000000000000066
3 R 00000000000003e7
0 R 0000000000000140
1 R 0000000000000066
2 W 0000000000000064
2 W 0000000000000066
2 R 0000000000000064
2 W 0000000000000064
1 W 0000000000000066
3 R 0000000000000202
2 R 00000000000003e7
3 R 0000000000000140
2 R 0000000000000140
0 W 0000000000000066
2 R 0000000000000065
2 R 0000000000000140
2 W 0000000000000202
1 R 0000000000000140
0 R 0000000000000064
1 W 0000000000000064
0 R 0000000000000065
0 R 0000000000000065
2 R 0000000000000065
3 W 0000000000000066
2 W 0000000000000202
3 R 0000000000000066
1 R 0000000000000140
2 R 0000000000000066
3 R 00000000000003e7
1 W 0000000000000202
1 W 0000000000000140
1 R 0000000000000140
0 R 0000000000000066
1 W 0000000000000064
3 R 0000000000000065
1 W 0000000000000140
1 W 0000000000000065
3 R 00000000000003e7
2 R 0000000000000065
3 W 0000000000000202
1 W 0000000000000066
2 R 0000000000000065
3 W 0000000000000064
2 W 0000000000000066
2 W 0000000000000140
3 W 0000000000000202
0 W 0000000000000202
2 R 0000000000000065
3 W 0000000000000202
1 W 0000000000000064
2 W 0000000000000140
1 W 0000000000000065
0 R 0000000000000064
2 W 0000000000000065
0 R 0000000000000202
0 R 0000000000000064
0 R 0000000000000202
1 R 0000000000000066
3 R 0000000000000065
1 W 00000000000003e7
2 W 00000000000003e7
1 R 0000000000000202
1 R 0000000000000066
0 W 0000000000000066
1 W 0000000000000064
2 R 0000000000000065
3 W 0000000000000202
3 R 0000000000000066
1 R 0000000000000065
2 W 0000000000000140
2 W 00000000000003e7
2 R 0000000000000202
1 R 0000000000000066
2 W 00000000000003e7
0 W 0000000000000140
1 R 0000000000000066
0 R 0000000000000064
0 R 0000000000000066
3 W 0000000000000065
3 W 0000000000000066
0 R 0000000000000066
2 R 0000000000000064
0 R 0000000000000064
0 R 0000000000000065
0 R 0000000000000066
1 W 0000000000000064
3 W 0000000000000066
1 W 0000000000000202
1 R 0000000000000066
1 W 0000000000000202
3 R 0000000000000140
1 R 0000000000000066
1 R 0000000000000202
1 W 00000000000003e7
2 R 00000000000003e7
2 R 0000000000000066
3 R 0000000000000064
3 R 0000000000000066
3 W 00000000000003e7
3 R 0000000000000140
3 W 00000000000003e7
1 R 0000000000000202
3 W 0000000000000202
3 R 0000000000000066
0 W 0000000000000065
3 R 0000000000000066
3 R 0000000000000065
1 W 0000000000000202
1 W 0000000000000064
0 W 0000000000000140
0 W 0000000000000202
1 R 0000000000000066
0 W 00000000000003e7
0 R 0000000000000065
1 W 0000000000000064
0 R 0000000000000202
2 R 0000000000000140
2 R 0000000000000064
2 R 00000000000003e7
0 W 0000000000000064
3 R 0000000000000066
1 R 0000000000000064
1 W 0000000000000066
1 W 0000000000000066
3 W 00000000000003e7
3 W 0000000000000140
3 R 0000000000000064
1 R 0000000000000066
0 W 0000000000000065
0 R 0000000000000064
0 W 0000000000000202
3 W 0000000000000140
1 W 0000000000000140
0 W 0000000000000066
1 R 00000000000003e7
0 W 0000000000000202
2 W 0000000000000202
3 W 0000000000000140
0 R 0000000000000064
2 R 0000000000000066
0 R 0000000000000064
2 W 0000000000000140
2 R 00000000000003e7
1 R 00000000000003e7
2 R 00000000000003e7
3 R 0000000000000066
1 W 0000000000000065
3 W 0000000000000140
3 R 0000000000000065
0 W 00000000000003e7
0 R 0000000000000202
3 W 0000000000000202
2 R 0000000000000202
0 W 00000000000003e7
0 W 0000000000000140
1 W 0000000000000202
0 W 0000000000000064
3 W 0000000000000202
2 W 0000000000000065
2 R 0000000000000065
2 W 0000000000000202
3 W 0000000000000066
2 W 0000000000000064
0 W 0000000000000202
1 W 0000000000000064
2 W 0000000000000202
3 R 0000000000000065
2 R 00000000000003e7
0 R 0000000000000065
1 R 0000000000000140
2 W 0000000000000064
3 R 0000000000000065
1 R 0000000000000202
0 W 0000000000000066
3 W 00000000000003e7
3 R 00000000000003e7
2 R 0000000000000064
0 R 0000000000000202
2 W 0000000000000140
1 W 0000000000000065
1 W 0000000000000064
0 R 0000000000000140
2 R 0000000000000140
0 W 0000000000000066
0 R 0000000000000064
3 R 0000000000000202
2 R 0000000000000065
0 R 0000000000000066
2 R 0000000000000064
2 R 0000000000000140
3 W 0000000000000066
0 W 0000000000000140
0 W 0000000000000064
0 R 0000000000000140
3 R 0000000000000065
2 R 0000000000000064
1 R 0000000000000140
2 W 00000000000003e7
3 W 0000000000000202
0 W 0000000000000064
0 W 00000000000003e7
1 R 0000000000000064
3 W 0000000000000066
2 W 0000000000000066
1 R 0000000000000065
0 R 0000000000000140
1 W 0000000000000065
1 W 0000000000000066
0 W 0000000000000065
2 W 0000000000000066
0 W 0000000000000065
0 W 0000000000000064
1 W 0000000000000140
2 W 00000000000003e7
0 W 00000000000003e7
2 R 0000000000000140
2 R 0000000000000066
3 R 0000000000000202
2 W 00000000000003e7
2 R 0000000000000065
2 R 0000000000000066
0 R 0000000000000066
0 W 0000000000000064
1 R 00000000000003e7
2 R 0000000000000202
1 W 0000000000000140
0 R 0000000000000064
3 W 00000000000003e7
3 R 0000000000000202
1 W 0000000000000064
1 W 0000000000000065
1 R 0000000000000064
2 R 0000000000000140
2 R 0000000000000065
2 R 0000000000000065
1 W 0000000000000064
3 R 0000000000000064
1 W 00000000000003e7
0 W 0000000000000202
0 R 0000000000000140
2 W 0000000000000066
1 R 0000000000000064
2 W 0000000000000202
3 W 00000000000003e7
3 W 0000000000000140
0 W 0000000000000066
0 R 0000000000000064
1 R 0000000000000064
1 W 00000000000003e7
3 W 0000000000000065
1 R 0000000000000202
0 R 0000000000000064
0 R 0000000000000065
0 R 0000000000000064
1 W 0000000000000064
0 R 0000000000000202
2 R 0000000000000140
0 W 0000000000000202
2 R 0000000000000064
1 R 0000000000000066
2 W 0000000000000202
0 W 0000000000000140
0 R 0000000000000140
0 W 0000000000000065
0 R 0000000000000065
3 W 00000000000003e7
0 R 0000000000000064
1 W 0000000000000065
3 W 0000000000000064
3 R 0000000000000202
3 W 0000000000000066
2 W 0000000000000065
1 W 0000000000000066
0 R 0000000000000064
0 R 00000000000003e7
0 W 0000000000000064
1 W 0000000000000140
1 W 0000000000000140
0 R 0000000000000064
1 W 00000000000003e7
2 W 0000000000000065
0 R 0000000000000140
3 W 0000000000000202
3 W 0000000000000064
0 R 0000000000000140
2 R 00000000000003e7
0 W 00000000000003e7
