1 R 00000000000001f6
2 R 00000000000007d0
212 W 00000000000007d2
231 W 00000000000007d1
148 R 00000000000007d1
247 R 00000000000001f7
230 W 0000000000000065
39 W 00000000000007d1
198 W 0000000000000064
9 W 00000000000007d1
164 R 00000000000007d2
64 W 0000000000000066
235 R 00000000000001f6
34 R 0000000000000065
164 W 00000000000001f5
43 R 0000000000000064
228 W 00000000000001f5
193 W 0000000000000065
129 W 0000000000000066
9 R 00000000000001f7
162 W 00000000000007d1
195 R 00000000000007d3
156 W 00000000000001f5
108 W 00000000000001f5
228 R 00000000000001f6
194 R 00000000000001f7
191 R 00000000000007d1
66 R 0000000000000064
189 R 00000000000001f6
85 R 0000000000000065
172 R 00000000000001f7
241 R 00000000000007d2
221 R 00000000000001f6
83 W 00000000000007d2
124 W 00000000000001f7
229 R 00000000000001f6
6 W 0000000000000065
93 R 0000000000000064
42 R 00000000000001f5
116 W 00000000000007d3
53 R 0000000000000065
87 W 00000000000007d0
12 W 00000000000001f7
126 W 0000000000000065
200 R 0000000000000066
85 R 0000000000000065
15 R 00000000000001f5
17 R 0000000000000066
17 R 00000000000007d1
10 W 0000000000000065
97 W 00000000000001f7
195 W 00000000000007d3
172 R 00000000000007d3
58 R 0000000000000066
90 R 0000000000000064
40 W 00000000000007d2
71 R 00000000000007d0
188 R 00000000000007d0
159 R 0000000000000064
138 W 00000000000001f7
139 W 00000000000001f7
21 W 0000000000000066
163 W 00000000000007d2
119 W 00000000000007d3
99 W 00000000000001f5
16 W 00000000000007d1
251 R 0000000000000064
74 R 00000000000007d2
0 W 00000000000001f6
131 R 00000000000007d1
106 W 0000000000000066
238 W 00000000000007d2
54 W 0000000000000065
3 W 0000000000000066
60 W 00000000000007d2
129 W 00000000000007d0
38 R 0000000000000065
30 W 00000000000007d0
197 R 00000000000007d0
50 W 00000000000007d0
111 R 00000000000001f7
184 R 00000000000007d1
49 R 0000000000000066
254 W 0000000000000066
168 R 00000000000001f5
236 W 00000000000007d2
203 W 0000000000000064
101 W 00000000000007d3
147 R 00000000000001f5
41 W 00000000000007d0
161 R 00000000000007d0
58 W 0000000000000065
98 W 00000000000007d0
99 W 00000000000007d0
30 R 00000000000007d3
77 R 0000000000000065
43 W 00000000000007d0
77 W 00000000000001f5
154 W 00000000000007d0
64 W 0000000000000065
200 R 0000000000000065
238 R 00000000000007d2
79 W 00000000000007d1
135 R 0000000000000065
80 R 0000000000000064
244 W 00000000000001f6
224 W 00000000000007d2
252 R 00000000000007d3
119 R 0000000000000064
1 R 0000000000000066
54 W 0000000000000064
169 W 00000000000001f6
212 W 0000000000000064
207 R 00000000000001f6
48 W 00000000000001f7
225 W 00000000000001f5
136 R 00000000000001f7
203 R 00000000000001f5
138 R 00000000000007d1
235 W 0000000000000064
213 W 00000000000007d3
44 R 0000000000000065
38 R 00000000000007d0
106 W 00000000000007d3
62 R 0000000000000065
13 R 0000000000000066
26 W 00000000000007d1
143 W 0000000000000065
225 R 00000000000007d3
130 W 00000000000001f6
31 R 0000000000000065
190 W 00000000000007d0
236 W 00000000000001f7
160 R 00000000000001f5
35 W 0000000000000065
185 W 0000000000000064
215 W 00000000000001f7
91 R 00000000000007d2
33 W 00000000000007d1
253 R 0000000000000065
98 R 00000000000007d0
30 W 00000000000001f6
29 W 0000000000000065
49 R 00000000000007d3
62 R 00000000000007d0
172 R 0000000000000065
189 R 00000000000001f6
240 W 00000000000007d1
57 W 0000000000000064
233 W 00000000000007d1
52 R 00000000000007d1
242 R 0000000000000064
233 R 00000000000007d2
192 R 0000000000000066
91 R 00000000000007d1
221 R 00000000000001f6
79 W 0000000000000065
255 W 0000000000000065
91 R 00000000000007d1
35 W 00000000000001f7
0 W 00000000000007d2
227 R 00000000000007d1
160 W 0000000000000065
150 R 0000000000000066
57 R 00000000000001f5
158 R 00000000000007d1
66 R 0000000000000066
45 R 00000000000001f7
36 R 00000000000001f7
37 W 00000000000007d2
128 W 00000000000001f7
42 W 00000000000007d1
12 W 00000000000007d1
183 W 00000000000001f6
116 R 00000000000007d0
68 W 0000000000000064
218 W 0000000000000064
232 R 0000000000000064
143 W 0000000000000065
216 W 0000000000000066
137 R 00000000000001f5
203 R 00000000000007d0
17 R 00000000000001f5
7 W 0000000000000066
114 R 0000000000000064
195 W 0000000000000066
69 W 00000000000001f7
117 R 0000000000000065
217 R 00000000000007d2
141 W 00000000000001f6
97 W 0000000000000066
189 W 00000000000007d0
36 R 00000000000007d0
22 W 0000000000000064
54 R 00000000000007d3
89 R 00000000000007d3
174 R 00000000000007d1
205 R 00000000000007d0
70 W 00000000000007d2
187 W 0000000000000065
102 R 00000000000007d3
177 R 0000000000000066
172 W 00000000000001f5
234 W 0000000000000065
250 R 0000000000000064
29 R 0000000000000064
137 W 00000000000007d2
88 R 00000000000001f5
200 R 00000000000007d0
26 W 00000000000001f6
168 R 00000000000001f7
60 W 00000000000007d0
52 W 00000000000007d3
28 R 00000000000007d2
92 R 00000000000007d0
62 W 00000000000007d1
64 W 00000000000007d3
17 W 00000000000001f5
73 R 00000000000001f6
186 R 00000000000007d1
7 R 00000000000001f5
53 W 0000000000000064
232 W 0000000000000065
103 R 00000000000007d1
63 R 00000000000007d0
248 R 00000000000001f6
162 R 0000000000000066
69 R 00000000000001f7
245 R 0000000000000066
213 W 00000000000007d2
253 W 00000000000007d2
246 W 00000000000007d2
210 W 00000000000001f5
104 W 00000000000007d1
42 W 00000000000007d1
111 R 0000000000000064
206 R 0000000000000066
200 R 00000000000007d1
179 R 00000000000007d1
158 W 00000000000001f5
185 W 0000000000000064
80 W 00000000000001f6
177 W 0000000000000066
194 R 00000000000001f7
203 R 0000000000000064
98 R 0000000000000065
157 W 00000000000007d0
81 R 00000000000007d1
123 W 0000000000000064
199 R 00000000000001f5
103 R 00000000000001f6
30 W 00000000000007d0
61 R 00000000000001f6
99 W 00000000000007d0
229 W 0000000000000066
160 R 00000000000007d3
231 W 00000000000007d2
147 R 00000000000007d2
80 W 00000000000007d0
130 R 00000000000001f5
245 W 00000000000007d1
182 R 0000000000000066
220 R 00000000000001f5
58 R 00000000000007d1
5 W 0000000000000064
74 W 00000000000007d1
3 R 00000000000001f5
126 W 0000000000000065
171 R 00000000000007d3
66 W 0000000000000066
132 R 00000000000007d1
229 R 00000000000007d3
238 W 0000000000000065
12 R 0000000000000066
10 W 00000000000007d1
83 R 00000000000007d0
100 R 0000000000000065
93 R 0000000000000066
160 R 00000000000007d3
88 R 00000000000007d3
252 W 00000000000007d0
244 R 0000000000000066
118 R 00000000000001f6
94 W 00000000000007d1
55 W 0000000000000065
1 R 00000000000007d0
126 W 0000000000000064
236 W 0000000000000065
103 R 00000000000007d2
223 W 0000000000000064
75 R 0000000000000066
68 R 00000000000001f5
230 W 00000000000007d0
180 R 00000000000007d3
36 W 00000000000007d2
227 W 00000000000001f5
18 W 00000000000001f5
150 R 00000000000007d2
201 W 0000000000000064
254 W 00000000000007d3
115 W 0000000000000065
134 R 0000000000000064
236 R 00000000000001f7
90 R 00000000000007d3
222 W 0000000000000064
142 R 0000000000000066
94 W 0000000000000066
52 R 00000000000007d0
228 W 00000000000001f5
62 R 00000000000007d2
31 R 00000000000001f6
34 R 00000000000001f6
77 W 00000000000001f7
246 R 00000000000001f5
2 W 0000000000000065
176 R 00000000000001f7
78 W 00000000000007d0
212 R 0000000000000065
19 W 00000000000001f6
204 W 00000000000007d1
174 W 00000000000007d1
152 W 0000000000000065
236 W 00000000000001f7
223 W 00000000000001f7
140 R 0000000000000064
91 R 0000000000000064
7 W 00000000000001f6
156 W 0000000000000066
221 W 00000000000001f7
121 W 00000000000001f7
220 W 0000000000000065
23 R 0000000000000065
181 R 0000000000000065
142 W 00000000000007d0
12 R 0000000000000066
10 R 00000000000007d2
81 R 00000000000007d1
105 R 00000000000001f7
199 W 00000000000007d3
224 R 00000000000007d0
118 R 00000000000007d0
193 W 00000000000007d1
132 W 00000000000001f5
133 R 00000000000007d1
118 R 00000000000001f5
20 W 00000000000001f6
67 W 0000000000000065
0 W 00000000000007d0
47 W 00000000000007d0
59 R 0000000000000066
12 R 00000000000007d3
10 R 00000000000001f6
173 R 0000000000000066
42 R 00000000000001f5
127 R 00000000000007d0
181 R 00000000000007d1
84 R 00000000000007d3
175 W 00000000000007d3
33 R 0000000000000065
149 R 0000000000000066
95 W 0000000000000065
248 R 00000000000001f6
11 R 00000000000001f7
77 W 00000000000001f5
190 R 0000000000000065
25 W 0000000000000064
67 W 00000000000001f6
102 R 0000000000000065
229 W 00000000000001f6
138 W 00000000000001f7
12 R 0000000000000064
237 R 00000000000007d1
128 W 00000000000001f5
200 W 00000000000001f7
77 R 00000000000001f5
247 R 00000000000007d2
3 W 0000000000000065
230 R 00000000000001f7
208 W 00000000000007d1
143 R 0000000000000065
228 W 00000000000001f7
156 R 0000000000000066
205 R 00000000000001f6
92 W 0000000000000065
253 R 00000000000007d2
137 W 00000000000001f7
128 W 00000000000007d0
118 R 00000000000001f7
97 W 00000000000007d1
71 W 00000000000001f7
150 R 00000000000007d1
228 W 00000000000001f7
255 R 00000000000007d0
50 R 0000000000000065
149 W 00000000000007d0
56 W 0000000000000066
21 W 00000000000001f7
2 W 0000000000000064
182 W 00000000000007d0
125 W 0000000000000066
15 R 00000000000001f7
92 W 0000000000000064
6 R 00000000000007d1
51 R 00000000000007d0
158 R 0000000000000066
3 R 00000000000007d0
53 W 00000000000001f7
101 W 00000000000007d1
11 W 00000000000001f7
235 W 00000000000001f6
73 R 00000000000007d0
4 W 0000000000000065
238 R 0000000000000064
112 W 00000000000007d3
158 W 00000000000007d2
5 R 00000000000001f7
16 R 00000000000001f6
199 W 0000000000000064
191 W 00000000000001f5
42 R 0000000000000064
106 R 00000000000007d2
236 W 00000000000001f5
225 W 0000000000000064
158 R 00000000000007d1
20 R 00000000000007d1
230 R 00000000000001f5
146 W 00000000000001f5
82 R 00000000000007d1
33 R 00000000000007d0
123 R 0000000000000064
75 R 00000000000001f5
66 W 00000000000001f6
47 R 00000000000001f5
61 R 0000000000000066
197 R 00000000000007d3
171 W 00000000000001f5
102 W 0000000000000064
144 W 00000000000007d3
205 W 00000000000001f5
25 W 0000000000000066
120 R 00000000000007d2
253 W 00000000000007d1
161 W 00000000000001f6
148 R 00000000000007d1
98 W 0000000000000065
0 R 00000000000007d0
166 W 0000000000000064
83 W 0000000000000065
93 R 00000000000007d2
41 W 00000000000007d2
62 R 0000000000000065
94 R 00000000000007d0
40 W 0000000000000064
1 R 0000000000000065
141 R 00000000000001f5
128 R 0000000000000065
226 W 00000000000007d1
236 R 00000000000007d2
134 R 00000000000007d3
212 R 00000000000007d3
145 R 00000000000001f5
68 R 0000000000000066
165 R 00000000000001f7
114 W 00000000000001f7
23 W 0000000000000064
123 W 00000000000007d1
34 W 00000000000007d0
58 W 00000000000001f7
143 R 0000000000000065
247 R 00000000000007d2
241 R 00000000000001f5
136 W 00000000000007d1
7 R 00000000000007d0
95 W 00000000000007d3
182 W 00000000000001f7
114 W 00000000000007d1
32 R 0000000000000066
177 W 00000000000001f6
118 R 00000000000001f5
13 W 00000000000001f5
91 W 00000000000007d1
124 W 00000000000001f5
76 R 00000000000001f5
163 R 0000000000000066
38 R 00000000000007d3
94 R 00000000000007d0
193 R 0000000000000065
62 R 00000000000007d0
167 R 0000000000000064
244 R 00000000000007d0
90 R 00000000000007d2
10 W 0000000000000064
128 R 00000000000007d3
10 R 00000000000001f7
130 R 0000000000000065
135 R 00000000000007d3
145 W 00000000000001f6
252 W 00000000000001f7
70 W 0000000000000066
150 R 00000000000001f7
146 W 00000000000001f5
208 R 0000000000000064
20 W 00000000000001f7
156 R 00000000000007d1
252 W 0000000000000064
133 W 00000000000001f7
172 R 00000000000007d2
61 R 00000000000007d3
99 R 00000000000007d0
68 W 00000000000007d0
54 W 00000000000007d1
134 R 00000000000007d1
110 R 00000000000001f6
24 R 0000000000000064
207 W 00000000000007d3
180 R 00000000000007d0
187 W 00000000000001f5
116 W 00000000000007d3
0 W 00000000000001f6
216 W 00000000000001f5
206 W 0000000000000066
225 R 00000000000007d1
219 R 00000000000007d1
143 W 0000000000000066
155 R 00000000000007d2
65 R 0000000000000064
110 R 00000000000007d1
22 R 00000000000001f6
241 R 00000000000007d0
163 W 00000000000001f5
239 R 00000000000007d2
34 R 00000000000001f7
189 W 00000000000001f6
250 W 00000000000001f6
137 R 00000000000007d3
220 W 00000000000001f7
47 R 00000000000001f6
160 R 00000000000007d3
194 W 00000000000007d1
30 W 0000000000000064
29 W 00000000000007d0
232 W 00000000000001f6
214 R 00000000000007d1
223 W 00000000000007d2
222 R 00000000000007d2
247 W 00000000000007d1
149 W 00000000000001f5
165 R 00000000000007d1
93 R 00000000000007d3
70 W 0000000000000065
228 R 00000000000007d2
18 W 00000000000001f5
194 W 00000000000007d1
84 W 00000000000007d1
172 W 00000000000007d0
211 W 00000000000001f6
174 R 00000000000007d1
112 R 00000000000001f7
241 W 00000000000001f7
175 W 00000000000001f7
193 R 00000000000001f7
7 R 00000000000007d0
204 W 0000000000000066
248 R 00000000000001f5
108 R 0000000000000066
182 W 00000000000007d3
72 R 0000000000000065
22 W 00000000000007d0
161 R 00000000000007d1
144 W 0000000000000066
125 R 00000000000007d1
146 R 00000000000001f6
213 W 0000000000000066
233 R 00000000000007d3
207 R 00000000000007d1
41 R 0000000000000066
236 R 00000000000007d3
38 R 0000000000000065
141 R 0000000000000065
106 W 00000000000001f6
151 W 00000000000001f7
234 R 0000000000000066
53 R 0000000000000064
83 R 00000000000007d1
209 W 00000000000001f5
137 W 00000000000007d3
3 R 00000000000007d1
254 W 00000000000001f7
192 W 00000000000007d3
132 R 00000000000007d0
216 W 00000000000001f5
246 W 00000000000007d1
253 R 00000000000007d2
19 R 00000000000007d1
174 W 00000000000001f7
244 R 00000000000001f5
229 R 00000000000007d0
250 R 00000000000007d3
10 R 00000000000001f7
156 W 00000000000001f5
225 R 0000000000000064
12 R 00000000000007d0
58 W 00000000000007d3
242 W 00000000000007d1
91 W 00000000000001f7
246 W 0000000000000064
56 R 00000000000001f6
246 W 00000000000007d3
234 R 0000000000000066
93 W 00000000000007d2
167 W 00000000000007d0
190 W 00000000000001f6
101 R 00000000000001f7
113 W 00000000000001f5
182 W 00000000000007d2
133 R 00000000000001f5
85 W 00000000000007d0
17 R 0000000000000066
244 R 0000000000000066
79 W 00000000000007d1
231 W 00000000000007d2
73 R 0000000000000064
75 W 00000000000001f5
213 W 00000000000007d1
105 W 0000000000000066
48 R 00000000000007d3
32 R 0000000000000066
102 R 00000000000001f6
80 R 00000000000001f5
195 W 00000000000007d1
216 R 00000000000001f7
246 W 00000000000007d0
201 W 00000000000007d0
179 R 00000000000007d1
192 W 00000000000001f5
0 W 00000000000001f7
30 R 00000000000007d3
205 W 00000000000007d0
174 W 00000000000001f7
107 R 0000000000000065
82 R 0000000000000066
18 R 00000000000001f7
33 R 0000000000000065
80 W 00000000000001f5
131 R 00000000000007d2
197 W 00000000000001f6
95 R 0000000000000066
21 W 0000000000000064
233 W 00000000000007d2
70 R 0000000000000066
28 R 00000000000007d0
188 R 00000000000007d1
128 W 0000000000000065
181 R 0000000000000066
175 W 0000000000000064
215 W 0000000000000064
210 R 00000000000007d3
44 W 00000000000001f5
246 R 00000000000007d2
38 W 00000000000001f6
247 R 00000000000007d1
22 R 00000000000007d3
161 W 0000000000000064
118 W 0000000000000064
94 W 00000000000007d2
106 R 00000000000001f7
92 W 00000000000007d0
0 W 00000000000001f7
220 R 00000000000007d0
203 R 0000000000000064
8 W 00000000000007d2
28 R 00000000000001f7
131 W 00000000000007d1
39 R 00000000000001f6
168 R 0000000000000066
127 R 00000000000007d2
182 W 00000000000001f7
86 R 00000000000001f6
95 W 0000000000000066
213 R 0000000000000065
99 R 00000000000001f6
133 W 0000000000000064
238 R 00000000000007d0
156 R 0000000000000064
75 R 00000000000001f6
49 R 00000000000001f6
191 W 00000000000007d0
220 W 00000000000001f6
200 W 00000000000007d1
35 W 00000000000007d1
119 R 00000000000007d2
112 R 0000000000000065
213 R 0000000000000064
29 R 00000000000001f7
255 W 00000000000007d0
66 R 0000000000000066
248 R 0000000000000065
248 R 00000000000007d3
143 W 0000000000000064
77 W 0000000000000066
183 W 00000000000001f7
43 W 0000000000000065
229 R 00000000000007d0
165 W 00000000000001f5
83 R 00000000000007d2
226 R 0000000000000066
136 R 0000000000000064
4 W 0000000000000064
119 R 00000000000007d1
159 R 00000000000001f6
23 R 00000000000001f6
29 R 0000000000000065
207 R 00000000000001f6
115 R 00000000000007d0
112 W 00000000000001f5
185 R 00000000000007d3
183 W 00000000000001f7
13 W 00000000000001f5
146 W 0000000000000065
249 W 00000000000001f7
213 R 00000000000007d1
240 R 00000000000007d0
11 R 0000000000000066
1 R 00000000000007d0
51 R 00000000000001f7
230 R 00000000000007d3
88 R 00000000000001f6
183 R 0000000000000065
197 R 00000000000001f5
35 R 00000000000001f7
208 R 00000000000001f6
72 R 00000000000007d2
81 R 0000000000000066
66 W 00000000000007d2
133 W 00000000000007d3
14 R 00000000000007d3
155 R 00000000000007d1
169 R 00000000000007d0
198 W 0000000000000065
42 W 00000000000001f7
21 W 00000000000007d1
233 W 00000000000007d0
130 W 00000000000001f6
216 R 00000000000001f7
239 W 00000000000007d1
33 R 0000000000000066
149 R 00000000000007d3
18 W 0000000000000064
250 R 00000000000007d2
141 R 0000000000000064
66 R 00000000000001f7
37 R 00000000000007d1
219 W 00000000000001f6
241 W 00000000000001f5
114 R 00000000000007d0
142 R 00000000000001f7
236 R 0000000000000064
137 R 00000000000007d3
240 W 00000000000007d2
30 R 00000000000001f6
223 R 00000000000007d3
230 R 00000000000001f5
217 W 0000000000000064
175 R 00000000000001f6
231 R 0000000000000064
237 W 00000000000001f6
255 R 00000000000007d2
125 W 00000000000007d0
118 W 00000000000007d1
128 W 00000000000001f5
169 R 00000000000001f7
225 W 0000000000000064
25 R 0000000000000064
137 R 00000000000001f7
113 R 0000000000000065
70 R 00000000000007d2
232 W 00000000000007d2
110 W 0000000000000064
188 W 0000000000000065
46 W 00000000000001f6
217 R 00000000000001f6
139 W 00000000000001f5
92 W 0000000000000064
236 W 0000000000000064
171 R 0000000000000065
91 R 00000000000007d1
83 R 00000000000001f5
115 W 0000000000000064
38 W 00000000000001f6
119 R 0000000000000066
124 R 0000000000000064
8 R 0000000000000065
128 R 0000000000000065
144 R 00000000000007d1
161 W 00000000000007d0
3 R 00000000000007d1
227 R 0000000000000065
209 R 0000000000000064
218 R 0000000000000064
129 W 0000000000000064
223 W 00000000000001f7
122 R 00000000000001f7
67 R 00000000000001f6
38 R 00000000000007d0
120 R 00000000000007d0
147 R 00000000000007d2
106 W 00000000000001f6
56 R 0000000000000065
92 W 00000000000007d1
145 R 0000000000000066
168 R 0000000000000064
226 W 0000000000000064
10 R 00000000000007d0
72 R 0000000000000064
8 W 0000000000000064
249 W 00000000000001f7
92 R 00000000000007d2
215 R 00000000000001f7
249 R 0000000000000064
219 W 0000000000000064
180 W 00000000000007d2
38 W 00000000000001f7
21 W 00000000000001f6
79 W 00000000000007d2
177 R 00000000000007d3
128 R 00000000000007d3
124 W 00000000000001f7
208 R 0000000000000065
114 W 00000000000007d2
234 R 00000000000001f6
169 R 00000000000001f7
37 R 00000000000001f6
120 W 00000000000001f5
255 R 0000000000000064
11 R 00000000000007d2
209 W 00000000000007d1
24 W 0000000000000064
74 W 00000000000001f6
58 W 0000000000000066
67 W 00000000000007d0
129 R 00000000000007d0
233 W 00000000000007d0
203 R 00000000000007d2
185 R 00000000000001f7
129 W 00000000000001f7
36 R 00000000000007d1
225 R 00000000000001f7
66 W 0000000000000065
39 W 00000000000007d0
216 W 0000000000000066
138 R 00000000000007d1
207 R 00000000000001f7
176 W 0000000000000064
154 R 00000000000007d0
59 R 00000000000001f6
150 R 0000000000000066
109 R 00000000000007d3
51 R 00000000000007d0
69 W 00000000000001f7
240 R 00000000000007d3
66 W 00000000000007d0
13 R 0000000000000064
226 R 00000000000001f7
156 W 00000000000007d0
64 W 0000000000000066
111 W 00000000000001f6
169 W 0000000000000065
67 W 00000000000001f5
61 R 0000000000000066
77 R 00000000000001f6
120 R 00000000000001f6
26 W 0000000000000064
23 R 00000000000001f6
122 R 00000000000001f6
198 W 00000000000007d1
146 R 0000000000000065
179 R 00000000000001f5
99 R 00000000000001f7
130 W 00000000000001f6
22 R 0000000000000064
91 R 00000000000001f6
54 W 00000000000007d3
66 W 00000000000001f6
63 R 0000000000000066
38 W 00000000000001f6
58 W 00000000000007d1
116 R 0000000000000065
65 R 00000000000007d1
48 R 0000000000000065
58 R 00000000000007d0
195 W 00000000000007d2
128 R 0000000000000065
176 W 00000000000007d3
56 R 00000000000007d0
70 W 00000000000007d2
158 R 00000000000007d0
112 R 00000000000007d2
68 W 00000000000001f7
182 W 0000000000000064
124 W 0000000000000065
109 R 00000000000001f6
202 W 00000000000007d0
115 W 00000000000007d0
70 W 00000000000007d3
87 W 00000000000007d3
115 W 00000000000001f6
78 R 00000000000007d3
215 W 00000000000007d3
187 W 00000000000001f6
98 R 00000000000007d0
2 R 0000000000000064
55 W 00000000000007d3
53 W 00000000000007d3
169 R 0000000000000066
160 R 0000000000000066
219 R 00000000000001f7
23 W 0000000000000064
23 R 00000000000001f5
139 W 0000000000000066
117 R 00000000000007d3
96 R 00000000000007d2
84 R 00000000000007d0
160 W 0000000000000065
32 W 00000000000007d0
145 W 00000000000007d3
150 R 0000000000000066
71 W 0000000000000065
207 W 00000000000007d1
234 W 00000000000001f5
86 R 00000000000001f7
2 W 00000000000007d2
153 R 0000000000000064
216 R 00000000000007d1
82 R 00000000000007d1
16 R 00000000000007d3
186 R 00000000000007d0
76 W 00000000000007d3
71 R 0000000000000066
61 R 00000000000007d1
246 R 0000000000000066
216 W 0000000000000064
40 R 00000000000007d1
28 R 00000000000001f7
203 W 0000000000000064
240 R 00000000000007d3
98 W 00000000000007d0
77 R 00000000000001f7
23 R 0000000000000064
126 W 00000000000001f7
62 W 00000000000001f5
222 W 0000000000000064
95 R 00000000000007d1
42 R 00000000000001f6
111 R 00000000000007d3
189 W 00000000000001f6
116 R 00000000000001f7
214 W 00000000000001f7
129 R 0000000000000064
249 W 00000000000001f6
138 W 00000000000007d3
224 W 0000000000000065
245 W 00000000000007d2
140 W 00000000000001f7
10 W 00000000000007d2
195 R 00000000000007d1
32 R 00000000000001f7
47 W 00000000000007d1
28 R 00000000000007d2
119 R 00000000000007d1
244 R 0000000000000066
126 W 0000000000000064
111 W 0000000000000065
106 R 00000000000001f7
223 W 00000000000001f7
129 W 00000000000007d3
55 R 00000000000007d3
218 W 00000000000007d1
18 W 00000000000007d2
133 R 00000000000001f6
9 R 0000000000000064
185 W 00000000000007d3
83 R 00000000000001f7
181 W 00000000000001f6
192 W 0000000000000064
56 W 0000000000000065
98 R 00000000000007d0
144 W 0000000000000065
52 W 0000000000000065
125 W 00000000000007d3
222 R 00000000000007d3
93 R 0000000000000064
121 R 00000000000007d0
74 W 00000000000007d1
66 W 00000000000001f6
5 R 00000000000001f7
252 R 00000000000007d3
216 W 00000000000001f5
198 W 00000000000001f6
127 R 00000000000001f7
150 W 00000000000007d0
