57 W 0000000000000064
33 R 0000000000000066
50 R 00000000000001f7
0 R 0000000000000065
37 W 00000000000001f7
3 W 00000000000001f5
50 W 00000000000001f5
40 W 0000000000000066
6 R 00000000000001f7
5 R 0000000000000066
59 W 00000000000001f6
29 R 0000000000000066
51 R 00000000000001f7
35 W 00000000000001f5
0 R 00000000000001f5
22 R 00000000000001f5
52 W 00000000000001f6
16 W 00000000000001f6
59 R 00000000000001f5
7 R 0000000000000064
28 W 0000000000000064
3 W 00000000000001f5
14 R 0000000000000066
63 W 00000000000001f5
45 W 00000000000001f5
12 W 0000000000000066
2 R 00000000000001f5
48 W 00000000000001f6
25 R 00000000000001f5
11 R 0000000000000064
51 R 0000000000000066
49 W 0000000000000065
3 W 0000000000000065
28 W 00000000000001f6
48 R 0000000000000066
56 R 0000000000000064
22 R 0000000000000066
18 W 0000000000000066
50 W 0000000000000064
23 R 0000000000000065
4 W 00000000000001f6
31 R 00000000000001f7
53 R 0000000000000064
16 R 0000000000000064
41 W 0000000000000065
51 R 00000000000001f7
20 R 00000000000001f5
46 W 00000000000001f7
28 R 00000000000001f7
37 R 0000000000000066
55 R 00000000000001f5
9 R 0000000000000064
24 R 00000000000001f6
43 R 00000000000001f7
52 W 00000000000001f5
17 R 0000000000000064
20 R 0000000000000065
48 W 00000000000001f5
40 R 00000000000001f7
56 R 00000000000001f5
30 R 0000000000000066
14 W 0000000000000065
11 W 00000000000001f6
17 W 0000000000000066
40 R 00000000000001f5
0 R 0000000000000066
43 R 00000000000001f7
27 W 0000000000000066
48 W 0000000000000066
54 R 0000000000000066
37 W 0000000000000064
25 W 0000000000000066
14 R 0000000000000066
33 R 00000000000001f7
18 W 00000000000001f7
25 R 0000000000000064
27 W 0000000000000066
1 R 0000000000000065
0 R 00000000000001f5
48 R 0000000000000064
55 R 0000000000000064
20 W 0000000000000066
45 W 0000000000000064
57 W 0000000000000065
5 R 00000000000001f5
22 R 00000000000001f6
58 R 00000000000001f7
39 W 0000000000000066
16 W 0000000000000064
17 R 00000000000001f7
23 R 0000000000000064
63 W 0000000000000066
49 W 00000000000001f6
26 W 0000000000000066
17 W 00000000000001f7
51 R 0000000000000066
48 R 0000000000000066
29 R 0000000000000064
27 R 0000000000000064
48 W 0000000000000064
31 R 00000000000001f7
44 W 0000000000000065
50 W 00000000000001f5
61 W 0000000000000065
35 W 00000000000001f7
19 R 0000000000000066
16 R 00000000000001f7
0 W 0000000000000066
40 W 00000000000001f7
26 R 00000000000001f6
28 R 0000000000000065
26 R 00000000000001f5
53 R 00000000000001f6
60 W 0000000000000066
2 W 00000000000001f7
13 R 00000000000001f6
40 W 0000000000000066
37 R 00000000000001f6
55 W 0000000000000064
30 R 00000000000001f6
13 R 00000000000001f6
13 W 00000000000001f6
38 R 00000000000001f5
54 R 00000000000001f7
51 R 00000000000001f6
51 R 00000000000001f5
22 R 0000000000000065
43 R 00000000000001f6
62 R 00000000000001f7
41 R 0000000000000066
53 W 00000000000001f6
57 R 00000000000001f7
58 W 00000000000001f6
42 W 0000000000000066
31 R 00000000000001f7
63 R 0000000000000065
34 W 00000000000001f7
7 W 0000000000000064
37 R 00000000000001f7
2 R 0000000000000066
58 R 0000000000000064
15 W 00000000000001f7
18 W 00000000000001f5
23 W 0000000000000064
20 R 00000000000001f6
43 R 0000000000000065
37 W 00000000000001f6
61 W 00000000000001f5
29 W 0000000000000066
23 W 00000000000001f5
55 W 0000000000000064
17 R 0000000000000065
47 W 0000000000000064
40 R 00000000000001f7
15 W 0000000000000065
47 W 00000000000001f5
9 R 0000000000000064
59 W 00000000000001f5
35 W 0000000000000066
1 W 00000000000001f6
17 R 0000000000000064
26 R 00000000000001f5
11 R 0000000000000065
27 R 00000000000001f6
9 W 0000000000000065
9 R 0000000000000065
19 R 0000000000000066
44 R 00000000000001f5
44 W 0000000000000066
13 R 00000000000001f5
17 W 0000000000000064
3 R 0000000000000066
28 R 0000000000000064
39 W 0000000000000064
30 W 00000000000001f7
22 R 00000000000001f7
4 W 00000000000001f7
28 R 0000000000000064
49 W 0000000000000065
45 R 00000000000001f5
57 R 0000000000000066
7 W 0000000000000066
15 R 00000000000001f7
62 W 0000000000000065
37 R 0000000000000064
10 W 00000000000001f7
22 R 00000000000001f6
52 W 00000000000001f7
49 W 0000000000000065
42 R 00000000000001f7
24 W 0000000000000064
54 R 00000000000001f6
4 R 0000000000000065
23 W 0000000000000064
3 W 0000000000000065
34 R 00000000000001f5
49 W 0000000000000064
39 R 00000000000001f6
8 W 0000000000000064
58 R 0000000000000065
11 R 00000000000001f6
40 R 0000000000000065
42 R 00000000000001f5
60 R 0000000000000064
57 W 00000000000001f7
28 R 0000000000000065
29 W 0000000000000065
21 R 0000000000000064
12 W 0000000000000066
24 R 00000000000001f7
21 R 00000000000001f5
52 R 00000000000001f5
42 R 00000000000001f6
18 W 0000000000000064
8 R 00000000000001f6
35 R 00000000000001f5
1 W 00000000000001f6
18 W 0000000000000065
1 R 00000000000001f6
6 R 00000000000001f5
12 W 00000000000001f6
2 W 0000000000000066
16 W 0000000000000066
40 W 0000000000000064
62 R 00000000000001f6
13 R 00000000000001f5
58 R 00000000000001f6
15 R 0000000000000065
24 R 00000000000001f7
26 W 0000000000000065
13 W 0000000000000066
2 R 0000000000000065
24 W 0000000000000066
44 W 0000000000000066
11 R 0000000000000064
32 R 00000000000001f7
53 W 00000000000001f5
6 R 0000000000000065
31 W 00000000000001f7
48 W 00000000000001f7
60 R 0000000000000064
4 R 0000000000000065
61 R 0000000000000066
58 R 0000000000000064
45 R 00000000000001f7
29 W 00000000000001f6
16 W 00000000000001f7
24 W 00000000000001f5
21 R 0000000000000064
45 R 00000000000001f5
44 W 00000000000001f5
18 R 0000000000000064
3 W 00000000000001f7
0 W 00000000000001f5
61 W 0000000000000065
50 R 0000000000000066
48 R 0000000000000064
50 W 00000000000001f5
17 R 0000000000000066
34 R 00000000000001f6
52 R 00000000000001f6
45 W 00000000000001f6
13 W 00000000000001f7
49 R 00000000000001f5
59 R 0000000000000064
5 R 0000000000000064
38 W 00000000000001f7
15 R 00000000000001f7
6 R 00000000000001f6
9 R 0000000000000066
34 R 0000000000000066
0 R 00000000000001f7
26 W 00000000000001f5
43 R 0000000000000066
54 R 00000000000001f7
49 R 00000000000001f7
35 R 0000000000000065
13 R 0000000000000064
44 R 00000000000001f5
45 W 00000000000001f6
39 R 0000000000000066
12 W 0000000000000065
13 R 00000000000001f7
0 W 00000000000001f6
6 W 0000000000000066
59 R 0000000000000066
9 W 00000000000001f7
33 W 0000000000000065
7 W 00000000000001f5
14 W 00000000000001f6
55 R 00000000000001f7
35 R 0000000000000065
33 R 0000000000000066
44 R 00000000000001f5
23 W 0000000000000064
5 W 0000000000000064
61 R 0000000000000066
14 W 00000000000001f7
17 R 00000000000001f6
31 R 00000000000001f5
30 W 0000000000000064
56 W 0000000000000065
48 W 00000000000001f6
61 R 0000000000000066
12 W 0000000000000066
7 W 00000000000001f6
36 R 00000000000001f7
13 W 0000000000000064
57 R 00000000000001f7
13 W 0000000000000065
6 R 00000000000001f6
13 W 0000000000000064
6 R 0000000000000065
0 W 0000000000000066
18 R 0000000000000064
46 W 0000000000000066
40 R 0000000000000066
16 R 00000000000001f6
30 R 0000000000000065
11 R 00000000000001f5
37 R 00000000000001f7
55 W 00000000000001f5
34 R 0000000000000066
22 R 00000000000001f6
22 W 00000000000001f6
38 R 00000000000001f6
55 W 0000000000000065
33 R 0000000000000064
3 W 0000000000000066
5 R 00000000000001f6
55 W 00000000000001f7
0 R 0000000000000066
29 R 0000000000000064
24 R 0000000000000066
20 W 0000000000000064
60 R 00000000000001f7
20 W 0000000000000066
37 W 0000000000000065
44 W 0000000000000065
16 R 0000000000000064
28 R 0000000000000064
43 W 0000000000000064
26 W 00000000000001f5
61 R 0000000000000065
40 W 0000000000000065
46 R 0000000000000064
1 R 0000000000000064
37 R 00000000000001f5
21 W 00000000000001f5
40 W 00000000000001f5
14 W 0000000000000065
57 W 0000000000000066
33 W 00000000000001f6
9 W 0000000000000064
55 R 0000000000000066
59 W 00000000000001f7
1 R 0000000000000065
42 W 0000000000000064
19 W 0000000000000064
45 W 0000000000000065
56 W 00000000000001f6
21 R 0000000000000064
52 W 00000000000001f7
27 W 00000000000001f5
15 R 00000000000001f7
62 W 0000000000000066
42 R 00000000000001f5
0 R 00000000000001f6
0 R 00000000000001f5
44 R 00000000000001f5
41 R 00000000000001f5
2 W 0000000000000064
0 W 00000000000001f7
1 R 00000000000001f7
58 W 00000000000001f5
24 W 00000000000001f7
17 W 0000000000000064
49 W 00000000000001f7
39 R 00000000000001f6
58 R 0000000000000065
36 R 0000000000000065
3 W 0000000000000064
42 R 00000000000001f5
23 W 0000000000000064
12 R 00000000000001f5
52 R 00000000000001f7
14 R 0000000000000064
13 W 00000000000001f7
2 W 0000000000000066
27 W 0000000000000064
34 R 0000000000000064
62 R 00000000000001f5
7 W 00000000000001f7
8 R 0000000000000066
38 W 0000000000000066
52 W 00000000000001f7
50 W 00000000000001f5
23 R 00000000000001f7
54 R 00000000000001f5
54 W 0000000000000064
30 R 0000000000000064
2 R 00000000000001f5
62 W 00000000000001f7
37 R 00000000000001f7
21 W 00000000000001f7
40 R 0000000000000064
0 R 0000000000000065
39 W 0000000000000065
1 R 00000000000001f7
4 R 00000000000001f7
12 W 0000000000000064
44 R 0000000000000065
20 R 00000000000001f5
43 R 00000000000001f5
4 R 00000000000001f6
15 R 0000000000000065
8 W 0000000000000065
26 W 00000000000001f7
4 W 0000000000000066
9 R 00000000000001f6
39 W 0000000000000066
30 R 00000000000001f7
58 R 0000000000000064
9 W 00000000000001f7
11 W 0000000000000066
20 W 00000000000001f5
23 W 00000000000001f6
54 W 00000000000001f7
14 R 0000000000000064
15 R 00000000000001f6
61 W 00000000000001f5
10 R 00000000000001f6
23 R 0000000000000066
0 W 00000000000001f7
38 R 00000000000001f6
34 W 0000000000000064
4 W 00000000000001f5
57 W 0000000000000066
21 W 0000000000000065
41 W 00000000000001f5
39 R 00000000000001f5
8 R 0000000000000065
12 W 00000000000001f5
16 W 00000000000001f7
61 R 0000000000000065
51 W 0000000000000065
13 R 0000000000000064
57 W 00000000000001f5
10 R 0000000000000064
39 W 00000000000001f5
42 W 0000000000000065
13 W 0000000000000066
29 W 00000000000001f6
6 R 00000000000001f6
53 W 0000000000000064
21 W 00000000000001f6
27 W 00000000000001f7
26 W 00000000000001f6
21 W 0000000000000066
28 W 00000000000001f6
54 W 00000000000001f5
9 W 00000000000001f6
4 R 0000000000000066
28 W 00000000000001f5
9 W 00000000000001f7
50 R 0000000000000064
30 W 0000000000000066
14 R 0000000000000066
22 R 0000000000000066
19 W 0000000000000065
59 R 0000000000000065
2 R 0000000000000064
60 W 00000000000001f6
42 R 0000000000000066
53 R 0000000000000064
35 W 0000000000000065
1 R 0000000000000064
8 W 0000000000000066
5 W 0000000000000064
19 R 00000000000001f5
39 W 00000000000001f5
13 R 0000000000000066
51 R 0000000000000065
57 R 0000000000000064
45 R 00000000000001f7
10 W 00000000000001f7
36 W 0000000000000065
60 W 00000000000001f7
8 W 0000000000000066
17 W 0000000000000065
51 R 00000000000001f7
56 R 00000000000001f6
55 R 00000000000001f7
43 R 0000000000000064
46 W 0000000000000064
31 R 0000000000000066
7 R 0000000000000065
61 W 0000000000000066
23 R 0000000000000066
19 R 0000000000000064
14 W 0000000000000066
37 R 0000000000000065
45 W 0000000000000064
38 R 00000000000001f7
42 R 0000000000000064
63 W 0000000000000065
60 R 0000000000000064
19 W 0000000000000066
63 R 0000000000000066
40 R 0000000000000065
15 R 0000000000000064
9 W 00000000000001f6
13 R 0000000000000065
40 R 0000000000000064
25 R 00000000000001f7
53 W 00000000000001f5
12 W 00000000000001f5
4 W 00000000000001f5
31 R 00000000000001f6
12 W 00000000000001f6
12 W 0000000000000064
49 R 00000000000001f6
21 W 0000000000000066
30 R 00000000000001f7
4 W 0000000000000064
45 R 00000000000001f6
63 R 0000000000000065
26 W 0000000000000065
25 W 0000000000000064
5 R 00000000000001f5
46 W 00000000000001f6
29 W 00000000000001f5
50 W 0000000000000066
34 W 0000000000000066
8 R 00000000000001f5
46 R 00000000000001f6
38 R 0000000000000065
49 W 00000000000001f5
23 W 0000000000000066
25 W 00000000000001f7
47 W 0000000000000065
6 W 00000000000001f5
26 W 0000000000000066
45 R 0000000000000066
4 W 00000000000001f5
61 W 00000000000001f6
21 W 0000000000000064
59 W 00000000000001f5
17 R 00000000000001f5
32 R 00000000000001f5
9 W 0000000000000066
0 R 00000000000001f6
34 W 00000000000001f6
57 R 00000000000001f7
43 W 0000000000000066
13 W 00000000000001f5
11 W 0000000000000065
31 W 0000000000000064
16 R 00000000000001f5
10 W 0000000000000064
18 R 0000000000000064
50 R 00000000000001f5
14 R 0000000000000065
12 R 00000000000001f7
21 R 00000000000001f6
32 R 0000000000000064
37 W 00000000000001f6
29 W 00000000000001f6
3 R 0000000000000065
47 W 0000000000000064
18 W 0000000000000065
35 R 0000000000000065
13 W 00000000000001f6
26 W 00000000000001f5
57 W 0000000000000066
53 R 00000000000001f6
32 W 0000000000000064
26 W 0000000000000066
52 R 00000000000001f5
42 R 00000000000001f7
6 R 00000000000001f6
41 R 0000000000000065
14 W 0000000000000064
44 R 0000000000000064
34 W 00000000000001f6
8 W 0000000000000064
3 R 0000000000000065
31 R 0000000000000064
22 W 0000000000000065
6 R 0000000000000066
6 W 00000000000001f6
59 R 0000000000000064
56 W 0000000000000066
57 R 0000000000000065
60 R 0000000000000066
36 W 00000000000001f7
40 W 0000000000000065
13 R 00000000000001f5
11 W 0000000000000065
3 W 00000000000001f7
7 R 0000000000000065
34 R 0000000000000064
62 R 00000000000001f5
58 R 0000000000000066
63 W 00000000000001f7
14 W 0000000000000064
16 W 0000000000000064
2 R 00000000000001f7
3 W 00000000000001f6
48 W 00000000000001f7
0 W 00000000000001f5
2 W 00000000000001f7
36 R 00000000000001f6
28 R 00000000000001f5
47 W 00000000000001f5
11 R 0000000000000065
63 R 00000000000001f5
11 W 0000000000000064
50 R 0000000000000064
19 R 00000000000001f6
1 R 0000000000000065
24 W 0000000000000064
12 W 00000000000001f6
38 W 00000000000001f5
8 R 0000000000000066
4 R 00000000000001f6
53 W 00000000000001f7
15 R 0000000000000064
58 R 0000000000000065
55 R 00000000000001f5
37 W 0000000000000064
46 R 0000000000000064
49 W 00000000000001f6
24 R 00000000000001f7
33 R 0000000000000064
15 W 0000000000000065
3 R 0000000000000065
39 R 0000000000000065
25 R 0000000000000065
19 W 00000000000001f6
51 R 0000000000000066
24 R 0000000000000066
1 W 0000000000000064
0 R 00000000000001f7
22 W 0000000000000065
20 R 0000000000000064
45 R 00000000000001f5
44 W 00000000000001f7
13 R 00000000000001f6
30 R 0000000000000066
49 W 00000000000001f5
59 R 00000000000001f5
6 R 00000000000001f7
51 R 00000000000001f6
10 W 00000000000001f7
62 W 0000000000000066
53 R 0000000000000066
57 W 0000000000000066
9 W 00000000000001f7
21 R 0000000000000066
48 R 00000000000001f5
46 R 00000000000001f7
36 R 00000000000001f5
30 W 00000000000001f7
43 R 00000000000001f7
8 R 0000000000000066
63 W 00000000000001f7
16 R 0000000000000064
61 R 0000000000000064
41 R 0000000000000064
27 R 0000000000000065
46 R 0000000000000064
41 W 0000000000000064
4 R 0000000000000065
21 W 0000000000000065
30 W 00000000000001f5
24 W 00000000000001f5
12 W 00000000000001f5
6 R 0000000000000066
22 W 0000000000000064
26 R 00000000000001f7
47 W 00000000000001f7
11 R 0000000000000066
9 W 0000000000000066
19 W 00000000000001f6
4 R 00000000000001f6
41 W 00000000000001f7
13 R 00000000000001f7
46 W 0000000000000064
35 R 00000000000001f6
18 W 00000000000001f6
4 W 0000000000000064
4 R 0000000000000065
29 W 00000000000001f6
54 R 00000000000001f7
57 W 0000000000000065
19 W 00000000000001f7
55 R 0000000000000065
41 R 00000000000001f6
14 W 00000000000001f6
31 R 00000000000001f7
60 W 00000000000001f6
11 W 0000000000000066
29 R 00000000000001f5
63 R 0000000000000065
23 W 00000000000001f7
3 R 0000000000000066
59 W 00000000000001f5
22 R 0000000000000066
45 R 0000000000000064
0 W 0000000000000066
36 W 0000000000000064
33 R 0000000000000064
55 R 0000000000000064
44 R 00000000000001f5
28 W 0000000000000066
15 W 0000000000000065
43 R 00000000000001f7
0 W 00000000000001f7
17 R 0000000000000065
0 W 0000000000000064
19 W 00000000000001f5
39 W 00000000000001f6
8 W 00000000000001f7
4 R 00000000000001f7
46 R 00000000000001f5
41 R 0000000000000064
4 R 0000000000000066
9 W 00000000000001f7
62 W 0000000000000064
7 W 0000000000000065
51 W 00000000000001f7
58 R 0000000000000066
56 R 00000000000001f6
49 W 0000000000000065
55 R 0000000000000065
17 W 00000000000001f5
7 R 00000000000001f6
7 W 0000000000000066
42 R 0000000000000064
30 R 0000000000000065
21 R 0000000000000064
60 W 00000000000001f5
47 R 0000000000000065
28 W 0000000000000065
22 W 0000000000000064
10 R 00000000000001f7
26 R 00000000000001f7
46 W 0000000000000065
41 R 0000000000000064
47 R 00000000000001f5
53 R 0000000000000066
23 W 0000000000000065
43 W 00000000000001f7
26 W 0000000000000066
42 R 0000000000000065
8 W 00000000000001f5
46 W 0000000000000064
61 W 0000000000000066
36 R 0000000000000064
41 R 00000000000001f5
5 R 0000000000000066
61 R 0000000000000066
60 W 00000000000001f7
41 R 00000000000001f5
44 R 00000000000001f7
63 W 00000000000001f7
23 R 00000000000001f5
38 W 00000000000001f5
1 W 00000000000001f6
48 W 0000000000000064
58 R 0000000000000065
46 R 0000000000000066
26 R 00000000000001f6
40 R 00000000000001f5
3 R 00000000000001f6
30 R 0000000000000066
3 R 0000000000000065
20 W 0000000000000065
51 R 0000000000000064
18 R 00000000000001f7
23 R 00000000000001f7
41 W 00000000000001f7
6 R 00000000000001f6
47 R 0000000000000066
12 R 00000000000001f5
24 W 0000000000000066
3 R 00000000000001f5
10 W 0000000000000066
47 R 0000000000000065
43 W 00000000000001f5
39 R 0000000000000065
32 R 0000000000000066
29 W 0000000000000065
24 R 0000000000000066
45 R 0000000000000065
29 R 0000000000000065
32 W 0000000000000064
3 W 00000000000001f7
62 R 0000000000000066
42 W 00000000000001f6
20 R 00000000000001f6
34 W 00000000000001f6
20 R 00000000000001f7
19 R 0000000000000064
31 W 0000000000000064
63 W 0000000000000065
54 W 0000000000000066
25 R 0000000000000064
10 R 00000000000001f7
56 W 0000000000000064
44 W 00000000000001f6
24 W 00000000000001f5
16 R 00000000000001f7
10 R 00000000000001f7
53 R 00000000000001f5
0 W 0000000000000066
61 R 00000000000001f5
43 R 00000000000001f6
12 W 00000000000001f5
49 W 00000000000001f7
6 W 00000000000001f5
53 W 00000000000001f5
15 R 00000000000001f7
49 R 0000000000000065
58 W 00000000000001f7
27 W 0000000000000065
50 R 00000000000001f7
35 R 00000000000001f7
59 R 0000000000000065
34 R 0000000000000064
52 W 00000000000001f5
44 R 0000000000000066
41 R 0000000000000064
54 W 00000000000001f6
37 R 00000000000001f5
39 W 0000000000000066
21 W 0000000000000066
61 R 00000000000001f7
26 W 0000000000000066
41 W 00000000000001f7
30 W 00000000000001f6
14 W 0000000000000064
14 W 0000000000000064
52 R 0000000000000065
1 R 0000000000000066
35 W 0000000000000066
58 R 00000000000001f6
55 W 00000000000001f5
58 R 0000000000000065
55 W 0000000000000065
35 W 0000000000000066
35 R 0000000000000066
35 R 00000000000001f5
53 W 0000000000000065
60 W 0000000000000066
11 W 0000000000000065
16 R 0000000000000064
2 W 0000000000000064
57 R 0000000000000066
10 R 0000000000000064
31 W 00000000000001f6
40 R 00000000000001f5
15 R 00000000000001f5
53 R 00000000000001f5
23 W 00000000000001f5
19 W 00000000000001f7
1 R 0000000000000064
54 R 0000000000000064
28 R 0000000000000066
10 W 00000000000001f7
54 W 00000000000001f5
42 R 0000000000000064
41 W 0000000000000066
16 R 00000000000001f7
10 R 00000000000001f5
30 R 00000000000001f5
5 R 0000000000000065
58 W 00000000000001f7
16 R 00000000000001f7
62 R 0000000000000065
30 W 00000000000001f6
2 W 00000000000001f7
58 W 00000000000001f6
41 R 00000000000001f5
23 W 0000000000000065
26 R 00000000000001f7
6 W 00000000000001f7
39 R 0000000000000065
23 R 00000000000001f6
22 W 0000000000000064
53 R 00000000000001f6
63 W 0000000000000064
0 R 0000000000000066
2 W 00000000000001f6
8 W 00000000000001f5
48 W 00000000000001f7
3 R 0000000000000065
54 W 0000000000000064
25 W 0000000000000064
35 R 00000000000001f7
3 W 0000000000000064
2 R 0000000000000064
11 R 00000000000001f6
22 W 00000000000001f7
25 W 00000000000001f5
8 W 00000000000001f5
36 R 00000000000001f6
44 W 0000000000000066
13 W 00000000000001f5
22 W 0000000000000066
36 R 0000000000000064
30 R 0000000000000064
24 R 00000000000001f7
47 W 00000000000001f6
49 W 00000000000001f6
62 R 00000000000001f7
51 R 00000000000001f7
57 W 0000000000000064
15 R 0000000000000064
10 W 00000000000001f6
20 R 00000000000001f7
58 W 0000000000000065
19 W 00000000000001f6
6 R 00000000000001f6
3 R 0000000000000066
52 R 0000000000000064
2 W 0000000000000065
56 R 0000000000000066
37 W 0000000000000065
57 W 0000000000000065
18 R 00000000000001f6
3 R 00000000000001f5
26 W 0000000000000066
54 W 0000000000000065
36 R 00000000000001f5
19 R 00000000000001f5
38 W 0000000000000066
45 R 00000000000001f5
36 W 00000000000001f7
28 R 00000000000001f6
34 R 0000000000000065
31 R 00000000000001f5
39 R 0000000000000064
14 W 0000000000000066
44 W 00000000000001f7
46 W 00000000000001f5
17 R 0000000000000064
19 W 0000000000000066
21 W 0000000000000064
62 W 0000000000000066
19 W 0000000000000066
37 R 00000000000001f5
32 R 00000000000001f7
30 R 00000000000001f5
49 W 00000000000001f6
59 W 00000000000001f7
40 W 0000000000000064
0 R 0000000000000064
15 W 0000000000000065
7 W 00000000000001f5
36 W 0000000000000066
7 W 00000000000001f5
36 W 00000000000001f7
63 W 00000000000001f7
36 R 0000000000000065
30 W 00000000000001f6
38 R 0000000000000065
16 W 00000000000001f5
2 W 0000000000000066
58 R 0000000000000064
40 R 00000000000001f6
62 W 0000000000000064
46 W 0000000000000065
25 R 0000000000000066
55 W 00000000000001f6
63 W 00000000000001f6
29 W 0000000000000065
35 W 0000000000000064
7 W 00000000000001f7
32 R 00000000000001f6
59 R 00000000000001f6
46 W 0000000000000064
46 R 00000000000001f7
6 R 0000000000000064
35 W 0000000000000065
14 W 00000000000001f5
4 W 00000000000001f6
36 R 00000000000001f5
0 R 0000000000000065
44 R 00000000000001f6
33 W 00000000000001f7
59 W 00000000000001f6
39 W 0000000000000066
25 R 00000000000001f7
26 R 0000000000000065
14 W 0000000000000065
11 R 0000000000000065
62 W 0000000000000066
8 R 0000000000000065
