0 R 0000000000000000
0 W 0000000000000000
1 R 0000000000000001
1 W 000000000000000a
2 R 0000000000000002
2 W 0000000000000014
3 R 0000000000000003
3 W 000000000000001e
0 R 0000000000000004
0 W 0000000000000028
1 R 0000000000000005
1 W 0000000000000032
2 R 0000000000000006
2 W 000000000000003c
3 R 0000000000000007
3 W 0000000000000046
0 R 0000000000000008
0 W 0000000000000050
1 R 0000000000000009
1 W 000000000000005a
2 R 000000000000000a
2 W 0000000000000001
3 R 000000000000000b
3 W 000000000000000b
1 R 0000000000000041
1 W 0000000000000038
2 R 0000000000000042
2 W 0000000000000042
3 R 0000000000000043
3 W 000000000000004c
0 R 0000000000000044
0 W 0000000000000056
1 R 0000000000000045
1 W 0000000000000060
2 R 0000000000000046
2 W 0000000000000007
3 R 0000000000000047
3 W 0000000000000011
0 R 0000000000000048
0 W 000000000000001b
1 R 0000000000000049
1 W 0000000000000025
2 R 000000000000004a
2 W 000000000000002f
3 R 000000000000004b
3 W 0000000000000039
0 R 000000000000004c
0 W 0000000000000043
1 R 000000000000004d
1 W 000000000000004d
2 R 000000000000004e
2 W 0000000000000057
3 R 000000000000004f
3 W 0000000000000061
0 R 0000000000000050
0 W 0000000000000008
1 R 0000000000000051
1 W 0000000000000012
2 R 0000000000000052
2 W 000000000000001c
3 R 0000000000000053
3 W 0000000000000026
0 R 0000000000000054
0 W 0000000000000030
1 R 0000000000000055
1 W 000000000000003a
2 R 0000000000000056
2 W 0000000000000044
3 R 0000000000000057
3 W 000000000000004e
0 R 0000000000000058
0 W 0000000000000058
1 R 0000000000000059
1 W 0000000000000062
2 R 000000000000005a
2 W 0000000000000009
3 R 000000000000005b
3 W 0000000000000013
0 R 000000000000005c
0 W 000000000000001d
1 R 000000000000005d
1 W 0000000000000027
2 R 000000000000005e
2 W 0000000000000031
3 R 000000000000005f
3 W 000000000000003b
0 R 0000000000000060
0 W 0000000000000045
1 R 0000000000000061
1 W 000000000000004f
2 R 0000000000000062
2 W 0000000000000059
3 R 0000000000000063
3 W 0000000000000063
