0 R 0000000000000000
0 W 0000000000000000
1 R 0000000000000001
1 W 000000000000000a
2 R 0000000000000002
2 W 0000000000000014
3 R 0000000000000003
3 W 000000000000001e
4 R 0000000000000004
4 W 0000000000000028
5 R 0000000000000005
5 W 0000000000000032
6 R 0000000000000006
6 W 000000000000003c
7 R 0000000000000007
7 W 0000000000000046
8 R 0000000000000008
8 W 0000000000000050
9 R 0000000000000009
9 W 000000000000005a
10 R 000000000000000a
10 W 0000000000000001
11 R 000000000000000b
11 W 000000000000000b
12 R 000000000000000c
12 W 0000000000000015
13 R 000000000000000d
13 W 000000000000001f
14 R 000000000000000e
14 W 0000000000000029
15 R 000000000000000f
15 W 0000000000000033
16 R 0000000000000010
16 W 000000000000003d
17 R 0000000000000011
17 W 0000000000000047
18 R 0000000000000012
18 W 0000000000000051
19 R 0000000000000013
19 W 000000000000005b
20 R 0000000000000014
20 W 0000000000000002
21 R 0000000000000015
21 W 000000000000000c
22 R 0000000000000016
22 W 0000000000000016
23 R 0000000000000017
23 W 0000000000000020
24 R 0000000000000018
24 W 000000000000002a
25 R 0000000000000019
25 W 0000000000000034
26 R 000000000000001a
26 W 000000000000003e
27 R 000000000000001b
27 W 0000000000000048
28 R 000000000000001c
28 W 0000000000000052
29 R 000000000000001d
29 W 000000000000005c
30 R 000000000000001e
30 W 0000000000000003
31 R 000000000000001f
31 W 000000000000000d
32 R 0000000000000020
32 W 0000000000000017
33 R 0000000000000021
33 W 0000000000000021
34 R 0000000000000022
34 W 000000000000002b
35 R 0000000000000023
35 W 0000000000000035
36 R 0000000000000024
36 W 000000000000003f
37 R 0000000000000025
37 W 0000000000000049
38 R 0000000000000026
38 W 0000000000000053
39 R 0000000000000027
39 W 000000000000005d
40 R 0000000000000028
40 W 0000000000000004
41 R 0000000000000029
41 W 000000000000000e
42 R 000000000000002a
42 W 0000000000000018
43 R 000000000000002b
43 W 0000000000000022
44 R 000000000000002c
44 W 000000000000002c
45 R 000000000000002d
45 W 0000000000000036
46 R 000000000000002e
46 W 0000000000000040
47 R 000000000000002f
47 W 000000000000004a
48 R 0000000000000030
48 W 0000000000000054
49 R 0000000000000031
49 W 000000000000005e
50 R 0000000000000032
50 W 0000000000000005
51 R 0000000000000033
51 W 000000000000000f
52 R 0000000000000034
52 W 0000000000000019
53 R 0000000000000035
53 W 0000000000000023
54 R 0000000000000036
54 W 000000000000002d
55 R 0000000000000037
55 W 0000000000000037
56 R 0000000000000038
56 W 0000000000000041
57 R 0000000000000039
57 W 000000000000004b
58 R 000000000000003a
58 W 0000000000000055
59 R 000000000000003b
59 W 000000000000005f
60 R 000000000000003c
60 W 0000000000000006
61 R 000000000000003d
61 W 0000000000000010
62 R 000000000000003e
62 W 000000000000001a
63 R 000000000000003f
63 W 0000000000000024
0 R 0000000000000040
0 W 000000000000002e
1 R 0000000000000041
1 W 0000000000000038
2 R 0000000000000042
2 W 0000000000000042
3 R 0000000000000043
3 W 000000000000004c
4 R 0000000000000044
4 W 0000000000000056
5 R 0000000000000045
5 W 0000000000000060
6 R 0000000000000046
6 W 0000000000000007
7 R 0000000000000047
7 W 0000000000000011
8 R 0000000000000048
8 W 000000000000001b
9 R 0000000000000049
9 W 0000000000000025
10 R 000000000000004a
10 W 000000000000002f
11 R 000000000000004b
11 W 0000000000000039
12 R 000000000000004c
12 W 0000000000000043
13 R 000000000000004d
13 W 000000000000004d
14 R 000000000000004e
14 W 0000000000000057
15 R 000000000000004f
15 W 0000000000000061
16 R 0000000000000050
16 W 0000000000000008
17 R 0000000000000051
17 W 0000000000000012
18 R 0000000000000052
18 W 000000000000001c
19 R 0000000000000053
19 W 0000000000000026
20 R 0000000000000054
20 W 0000000000000030
21 R 0000000000000055
21 W 000000000000003a
22 R 0000000000000056
22 W 0000000000000044
23 R 0000000000000057
23 W 000000000000004e
24 R 0000000000000058
24 W 0000000000000058
25 R 0000000000000059
25 W 0000000000000062
26 R 000000000000005a
26 W 0000000000000009
27 R 000000000000005b
27 W 0000000000000013
28 R 000000000000005c
28 W 000000000000001d
29 R 000000000000005d
29 W 0000000000000027
30 R 000000000000005e
30 W 0000000000000031
31 R 000000000000005f
31 W 000000000000003b
32 R 0000000000000060
32 W 0000000000000045
33 R 0000000000000061
33 W 000000000000004f
34 R 0000000000000062
34 W 0000000000000059
35 R 0000000000000063
35 W 0000000000000063
